TN:
SF:src\hooks.server.ts
FN:7,(anonymous_0)
FNF:1
FNH:0
FNDA:0,(anonymous_0)
DA:4,0
DA:5,0
DA:7,0
DA:8,0
LF:4
LH:0
BRF:0
BRH:0
end_of_record
TN:
SF:src\components\ButtonLogout.svelte
FN:5,handleLogout
FNF:1
FNH:0
FNDA:0,handleLogout
DA:6,0
DA:8,0
DA:9,0
DA:11,0
DA:17,0
LF:5
LH:0
BRDA:8,0,0,0
BRDA:8,0,1,0
BRDA:8,1,0,0
BRDA:8,1,1,0
BRF:4
BRH:0
end_of_record
TN:
SF:src\lib\admin.ts
FN:3,registerOwner
FNF:1
FNH:0
FNDA:0,registerOwner
DA:4,0
LF:1
LH:0
BRF:0
BRH:0
end_of_record
TN:
SF:src\lib\api.ts
FN:4,apiFetch
FN:11,(anonymous_1)
FNF:2
FNH:0
FNDA:0,apiFetch
FNDA:0,(anonymous_1)
DA:2,0
DA:5,0
DA:6,0
DA:8,0
DA:9,0
DA:11,0
DA:15,0
DA:17,0
DA:24,0
DA:26,0
DA:28,0
DA:30,0
DA:31,0
DA:33,0
DA:36,0
DA:37,0
DA:40,0
DA:43,0
DA:44,0
DA:46,0
LF:20
LH:0
BRDA:2,0,0,0
BRDA:2,0,1,0
BRDA:4,1,0,0
BRDA:4,2,0,0
BRDA:8,3,0,0
BRDA:8,3,1,0
BRDA:9,4,0,0
BRDA:9,4,1,0
BRDA:15,5,0,0
BRDA:15,5,1,0
BRDA:19,6,0,0
BRDA:19,6,1,0
BRDA:20,7,0,0
BRDA:20,7,1,0
BRDA:20,8,0,0
BRDA:20,8,1,0
BRDA:26,9,0,0
BRDA:26,9,1,0
BRDA:26,10,0,0
BRDA:26,10,1,0
BRDA:36,11,0,0
BRDA:36,11,1,0
BRDA:37,12,0,0
BRDA:37,12,1,0
BRDA:44,13,0,0
BRDA:44,13,1,0
BRF:26
BRH:0
end_of_record
TN:
SF:src\lib\auth.ts
FN:7,(anonymous_0)
FN:25,(anonymous_1)
FN:37,(anonymous_2)
FN:56,(anonymous_3)
FN:66,(anonymous_4)
FNF:5
FNH:0
FNDA:0,(anonymous_0)
FNDA:0,(anonymous_1)
FNDA:0,(anonymous_2)
FNDA:0,(anonymous_3)
FNDA:0,(anonymous_4)
DA:5,0
DA:7,0
DA:8,0
DA:9,0
DA:14,0
DA:15,0
DA:16,0
DA:17,0
DA:18,0
DA:21,0
DA:25,0
DA:26,0
DA:27,0
DA:31,0
DA:33,0
DA:37,0
DA:38,0
DA:39,0
DA:40,0
DA:41,0
DA:44,0
DA:47,0
DA:48,0
DA:49,0
DA:50,0
DA:51,0
DA:53,0
DA:56,0
DA:57,0
DA:58,0
DA:59,0
DA:61,0
DA:62,0
DA:66,0
DA:67,0
DA:68,0
DA:69,0
DA:71,0
DA:72,0
LF:39
LH:0
BRDA:14,0,0,0
BRDA:14,0,1,0
BRDA:25,1,0,0
BRDA:40,2,0,0
BRDA:40,2,1,0
BRDA:51,3,0,0
BRDA:51,3,1,0
BRDA:53,4,0,0
BRDA:53,4,1,0
BRDA:53,5,0,0
BRDA:53,5,1,0
BRDA:59,6,0,0
BRDA:59,6,1,0
BRDA:69,7,0,0
BRDA:69,7,1,0
BRF:15
BRH:0
end_of_record
TN:
SF:src\lib\guard.ts
FN:6,checkTableGuard
FN:50,validateSessionToken
FNF:2
FNH:0
FNDA:0,checkTableGuard
FNDA:0,validateSessionToken
DA:7,0
DA:8,0
DA:10,0
DA:11,0
DA:12,0
DA:13,0
DA:15,0
DA:18,0
DA:19,0
DA:21,0
DA:22,0
DA:23,0
DA:24,0
DA:26,0
DA:29,0
DA:30,0
DA:31,0
DA:32,0
DA:33,0
DA:34,0
DA:36,0
DA:37,0
DA:38,0
DA:41,0
DA:42,0
DA:44,0
DA:45,0
DA:46,0
DA:51,0
DA:52,0
DA:53,0
DA:54,0
DA:56,0
DA:57,0
DA:58,0
DA:59,0
DA:62,0
DA:63,0
DA:64,0
DA:66,0
LF:40
LH:0
BRDA:6,0,0,0
BRDA:10,1,0,0
BRDA:10,1,1,0
BRDA:10,2,0,0
BRDA:10,2,1,0
BRDA:11,3,0,0
BRDA:11,3,1,0
BRDA:21,4,0,0
BRDA:21,4,1,0
BRDA:21,5,0,0
BRDA:21,5,1,0
BRDA:22,6,0,0
BRDA:22,6,1,0
BRDA:31,7,0,0
BRDA:31,7,1,0
BRDA:31,8,0,0
BRDA:31,8,1,0
BRDA:33,9,0,0
BRDA:33,9,1,0
BRDA:36,10,0,0
BRDA:36,10,1,0
BRDA:41,11,0,0
BRDA:41,11,1,0
BRDA:41,12,0,0
BRDA:41,12,1,0
BRDA:41,12,2,0
BRDA:41,12,3,0
BRDA:45,13,0,0
BRDA:45,13,1,0
BRDA:52,14,0,0
BRDA:52,14,1,0
BRDA:57,15,0,0
BRDA:57,15,1,0
BRDA:62,16,0,0
BRDA:62,16,1,0
BRF:35
BRH:0
end_of_record
TN:
SF:src\lib\menu.ts
FN:4,fetchMenu
FN:18,addMenuItem
FN:25,deleteMenuItem
FNF:3
FNH:0
FNDA:0,fetchMenu
FNDA:0,addMenuItem
FNDA:0,deleteMenuItem
DA:5,0
DA:7,0
DA:8,0
DA:9,0
DA:11,0
DA:12,0
DA:14,0
DA:19,0
DA:26,0
LF:9
LH:0
BRDA:5,0,0,0
BRDA:5,0,1,0
BRDA:11,1,0,0
BRDA:11,1,1,0
BRF:4
BRH:0
end_of_record
TN:
SF:src\lib\order.ts
FN:3,sendOrder
FN:12,fetchTableStatus
FNF:2
FNH:0
FNDA:0,sendOrder
FNDA:0,fetchTableStatus
DA:4,0
DA:6,0
DA:13,0
DA:14,0
DA:16,0
DA:17,0
LF:6
LH:0
BRDA:4,0,0,0
BRDA:4,0,1,0
BRDA:4,1,0,0
BRDA:4,1,1,0
BRF:4
BRH:0
end_of_record
TN:
SF:src\lib\payment.ts
FN:3,createCheckoutSession
FN:15,confirmStripeSuccess
FNF:2
FNH:0
FNDA:0,createCheckoutSession
FNDA:0,confirmStripeSuccess
DA:4,0
DA:5,0
DA:10,0
DA:11,0
DA:16,0
LF:5
LH:0
BRF:0
BRH:0
end_of_record
TN:
SF:src\lib\qr.ts
FN:3,generateQRCodes
FN:21,fetchBill
FN:25,fetchBillPaid
FN:29,fetchBillByStatus
FN:46,(anonymous_4)
FN:49,(anonymous_5)
FNF:6
FNH:0
FNDA:0,generateQRCodes
FNDA:0,fetchBill
FNDA:0,fetchBillPaid
FNDA:0,fetchBillByStatus
FNDA:0,(anonymous_4)
FNDA:0,(anonymous_5)
DA:4,0
DA:5,0
DA:10,0
DA:11,0
DA:14,0
DA:16,0
DA:17,0
DA:22,0
DA:26,0
DA:30,0
DA:31,0
DA:32,0
DA:35,0
DA:36,0
DA:38,0
DA:39,0
DA:40,0
DA:43,0
DA:44,0
DA:46,0
DA:47,0
DA:49,0
DA:50,0
DA:51,0
DA:53,0
DA:54,0
DA:55,0
DA:56,0
DA:58,0
DA:67,0
DA:69,0
DA:70,0
LF:32
LH:0
BRDA:10,0,0,0
BRDA:10,0,1,0
BRDA:30,1,0,0
BRDA:30,1,1,0
BRDA:30,2,0,0
BRDA:30,2,1,0
BRDA:38,3,0,0
BRDA:38,3,1,0
BRDA:38,4,0,0
BRDA:38,4,1,0
BRDA:53,5,0,0
BRDA:53,5,1,0
BRF:12
BRH:0
end_of_record
TN:
SF:src\lib\restaurant.ts
FN:4,fetchRestaurants
FNF:1
FNH:0
FNDA:0,fetchRestaurants
DA:5,0
LF:1
LH:0
BRF:0
BRH:0
end_of_record
TN:
SF:src\lib\storeWebSocket.ts
FN:10,createPersistentNewOrders
FN:23,(anonymous_1)
FN:31,(anonymous_2)
FN:41,(anonymous_3)
FN:46,(anonymous_4)
FN:49,(anonymous_5)
FN:58,(anonymous_6)
FN:61,(anonymous_7)
FN:70,(anonymous_8)
FN:73,(anonymous_9)
FN:79,(anonymous_10)
FN:83,(anonymous_11)
FNF:12
FNH:0
FNDA:0,createPersistentNewOrders
FNDA:0,(anonymous_1)
FNDA:0,(anonymous_2)
FNDA:0,(anonymous_3)
FNDA:0,(anonymous_4)
FNDA:0,(anonymous_5)
FNDA:0,(anonymous_6)
FNDA:0,(anonymous_7)
FNDA:0,(anonymous_8)
FNDA:0,(anonymous_9)
FNDA:0,(anonymous_10)
FNDA:0,(anonymous_11)
DA:4,0
DA:6,0
DA:7,0
DA:8,0
DA:11,0
DA:12,0
DA:13,0
DA:14,0
DA:15,0
DA:16,0
DA:18,0
DA:22,0
DA:23,0
DA:24,0
DA:25,0
DA:28,0
DA:31,0
DA:32,0
DA:34,0
DA:35,0
DA:36,0
DA:37,0
DA:39,0
DA:41,0
DA:42,0
DA:43,0
DA:46,0
DA:47,0
DA:48,0
DA:49,0
DA:50,0
DA:51,0
DA:54,0
DA:58,0
DA:59,0
DA:60,0
DA:61,0
DA:62,0
DA:63,0
DA:66,0
DA:70,0
DA:71,0
DA:72,0
DA:73,0
DA:75,0
DA:79,0
DA:80,0
DA:83,0
DA:84,0
LF:49
LH:0
BRDA:12,0,0,0
BRDA:12,0,1,0
BRDA:14,1,0,0
BRDA:14,1,1,0
BRDA:24,2,0,0
BRDA:24,2,1,0
BRDA:32,3,0,0
BRDA:32,3,1,0
BRDA:34,4,0,0
BRDA:34,4,1,0
BRDA:50,5,0,0
BRDA:50,5,1,0
BRF:12
BRH:0
end_of_record
TN:
SF:src\lib\waiter.ts
FN:4,fetchTables
FN:13,changeTableStatus
FN:24,fetchWaiters
FN:28,addWaiter
FN:35,deleteWaiter
FN:41,updateOrderItem
FN:52,generateSessionTokenTable
FN:63,clearTable
FNF:8
FNH:0
FNDA:0,fetchTables
FNDA:0,changeTableStatus
FNDA:0,fetchWaiters
FNDA:0,addWaiter
FNDA:0,deleteWaiter
FNDA:0,updateOrderItem
FNDA:0,generateSessionTokenTable
FNDA:0,clearTable
DA:5,0
DA:6,0
DA:8,0
DA:9,0
DA:14,0
DA:15,0
DA:20,0
DA:25,0
DA:29,0
DA:36,0
DA:42,0
DA:43,0
DA:48,0
DA:53,0
DA:54,0
DA:59,0
DA:64,0
DA:65,0
DA:70,0
LF:19
LH:0
BRF:0
BRH:0
end_of_record
TN:
SF:src\routes\+layout.server.ts
FN:11,(anonymous_0)
FNF:1
FNH:0
FNDA:0,(anonymous_0)
DA:11,0
DA:12,0
DA:13,0
DA:15,0
DA:16,0
DA:17,0
DA:19,0
DA:20,0
DA:21,0
DA:23,0
DA:25,0
DA:27,0
DA:28,0
DA:30,0
DA:32,0
DA:33,0
DA:34,0
DA:36,0
DA:37,0
DA:38,0
DA:40,0
DA:41,0
DA:42,0
DA:45,0
DA:46,0
DA:48,0
DA:49,0
DA:53,0
LF:28
LH:0
BRDA:19,0,0,0
BRDA:19,0,1,0
BRDA:20,1,0,0
BRDA:20,1,1,0
BRDA:21,2,0,0
BRDA:21,2,1,0
BRDA:25,3,0,0
BRDA:25,3,1,0
BRDA:25,4,0,0
BRDA:25,4,1,0
BRDA:27,5,0,0
BRDA:27,5,1,0
BRDA:30,6,0,0
BRDA:30,6,1,0
BRDA:30,7,0,0
BRDA:30,7,1,0
BRDA:30,7,2,0
BRDA:32,8,0,0
BRDA:32,8,1,0
BRDA:32,9,0,0
BRDA:32,9,1,0
BRDA:36,10,0,0
BRDA:36,10,1,0
BRF:23
BRH:0
end_of_record
TN:
SF:src\routes\+layout.svelte
FN:57,(anonymous_8)
FN:59,(anonymous_10)
FN:53,(anonymous_15)
FNF:3
FNH:0
FNDA:0,(anonymous_8)
FNDA:0,(anonymous_10)
FNDA:0,(anonymous_15)
DA:10,0
DA:12,0
DA:13,0
DA:14,0
DA:15,0
DA:17,0
DA:18,0
DA:19,0
DA:20,0
DA:21,0
DA:22,0
DA:24,0
DA:25,0
DA:26,0
DA:27,0
DA:28,0
DA:30,0
DA:31,0
DA:34,0
DA:37,0
DA:38,0
DA:39,0
DA:40,0
DA:43,0
DA:44,0
DA:45,0
DA:47,0
DA:53,0
DA:55,0
DA:56,0
DA:57,0
DA:59,0
DA:63,0
LF:33
LH:0
BRDA:17,0,0,0
BRDA:17,0,1,0
BRDA:18,1,0,0
BRDA:18,1,1,0
BRDA:19,2,0,0
BRDA:19,2,1,0
BRDA:24,3,0,0
BRDA:24,3,1,0
BRDA:24,4,0,0
BRDA:24,4,1,0
BRDA:30,5,0,0
BRDA:30,5,1,0
BRDA:31,6,0,0
BRDA:31,6,1,0
BRDA:37,7,0,0
BRDA:37,7,1,0
BRDA:37,8,0,0
BRDA:37,8,1,0
BRDA:37,8,2,0
BRDA:43,9,0,0
BRDA:43,9,1,0
BRDA:43,10,0,0
BRDA:43,10,1,0
BRDA:45,11,0,0
BRDA:45,11,1,0
BRDA:56,12,0,0
BRDA:56,12,1,0
BRDA:56,13,0,0
BRDA:56,13,1,0
BRDA:56,13,2,0
BRDA:55,14,0,0
BRDA:55,14,1,0
BRDA:55,15,0,0
BRDA:55,15,1,0
BRDA:63,16,0,0
BRDA:63,16,1,0
BRDA:53,17,0,0
BRDA:53,17,1,0
BRDA:53,18,0,0
BRDA:53,18,1,0
BRDA:53,18,2,0
BRF:41
BRH:0
end_of_record
TN:
SF:src\routes\+page.svelte
FN:26,goToAuth
FN:33,enterAsGuest
FN:39,goToDashboard
FN:44,(anonymous_5)
FN:45,(anonymous_6)
FN:75,(anonymous_16)
FN:76,(anonymous_17)
FNF:7
FNH:0
FNDA:0,goToAuth
FNDA:0,enterAsGuest
FNDA:0,goToDashboard
FNDA:0,(anonymous_5)
FNDA:0,(anonymous_6)
FNDA:0,(anonymous_16)
FNDA:0,(anonymous_17)
DA:12,0
DA:14,0
DA:15,0
DA:16,0
DA:18,0
DA:19,0
DA:20,0
DA:22,0
DA:27,0
DA:28,0
DA:29,0
DA:30,0
DA:34,0
DA:35,0
DA:36,0
DA:40,0
DA:41,0
DA:44,0
DA:45,0
DA:46,0
DA:53,0
DA:56,0
DA:62,0
DA:68,0
DA:75,0
DA:76,0
DA:77,0
DA:82,0
LF:28
LH:0
BRDA:14,0,0,0
BRDA:14,0,1,0
BRDA:15,1,0,0
BRDA:15,1,1,0
BRDA:26,2,0,0
BRDA:27,3,0,0
BRDA:27,3,1,0
BRDA:28,4,0,0
BRDA:28,4,1,0
BRDA:29,5,0,0
BRDA:29,5,1,0
BRDA:29,6,0,0
BRDA:29,6,1,0
BRDA:29,7,0,0
BRDA:29,7,1,0
BRDA:35,8,0,0
BRDA:35,8,1,0
BRDA:35,9,0,0
BRDA:35,9,1,0
BRDA:40,10,0,0
BRDA:40,10,1,0
BRDA:40,11,0,0
BRDA:40,11,1,0
BRDA:41,12,0,0
BRDA:41,12,1,0
BRDA:46,13,0,0
BRDA:46,13,1,0
BRDA:18,14,0,0
BRDA:18,14,1,0
BRDA:18,15,0,0
BRDA:18,15,1,0
BRDA:20,16,0,0
BRDA:20,16,1,0
BRDA:56,17,0,0
BRDA:56,17,1,0
BRDA:62,18,0,0
BRDA:62,18,1,0
BRDA:68,19,0,0
BRDA:68,19,1,0
BRDA:53,20,0,0
BRDA:53,20,1,0
BRF:41
BRH:0
end_of_record
TN:
SF:src\routes\+page.ts
FN:3,(anonymous_0)
FNF:1
FNH:0
FNDA:0,(anonymous_0)
DA:3,0
DA:4,0
DA:5,0
DA:7,0
DA:8,0
DA:9,0
DA:10,0
DA:12,0
DA:13,0
DA:17,0
LF:10
LH:0
BRDA:4,0,0,0
BRDA:4,0,1,0
BRDA:5,1,0,0
BRDA:5,1,1,0
BRDA:7,2,0,0
BRDA:7,2,1,0
BRDA:8,3,0,0
BRDA:8,3,1,0
BRDA:8,4,0,0
BRDA:8,4,1,0
BRF:10
BRH:0
end_of_record
TN:
SF:src\routes\-guard.ts
FN:5,(anonymous_0)
FNF:1
FNH:0
FNDA:0,(anonymous_0)
DA:5,0
DA:6,0
DA:7,0
LF:3
LH:0
BRF:0
BRH:0
end_of_record
TN:
SF:src\routes\auth\+page.server.ts
FN:3,(anonymous_0)
FNF:1
FNH:0
FNDA:0,(anonymous_0)
DA:3,0
DA:4,0
DA:5,0
DA:7,0
LF:4
LH:0
BRF:0
BRH:0
end_of_record
TN:
SF:src\routes\auth\+page.svelte
FN:18,(anonymous_1)
FN:19,(anonymous_2)
FN:44,(anonymous_3)
FN:56,(anonymous_4)
FN:69,(anonymous_5)
FN:83,(anonymous_6)
FN:94,(anonymous_7)
FN:108,(anonymous_8)
FN:126,(anonymous_10)
FN:129,(anonymous_13)
FN:133,(anonymous_16)
FN:139,(anonymous_19)
FN:139,(anonymous_20)
FN:140,(anonymous_21)
FN:140,(anonymous_22)
FN:141,(anonymous_23)
FN:141,(anonymous_24)
FN:142,(anonymous_25)
FN:142,(anonymous_26)
FN:152,(anonymous_28)
FN:152,(anonymous_29)
FN:153,(anonymous_30)
FN:153,(anonymous_31)
FNF:23
FNH:20
FNDA:13,(anonymous_1)
FNDA:0,(anonymous_2)
FNDA:4,(anonymous_3)
FNDA:0,(anonymous_4)
FNDA:4,(anonymous_5)
FNDA:0,(anonymous_6)
FNDA:1,(anonymous_7)
FNDA:1,(anonymous_8)
FNDA:1,(anonymous_10)
FNDA:3,(anonymous_13)
FNDA:5,(anonymous_16)
FNDA:18,(anonymous_19)
FNDA:4,(anonymous_20)
FNDA:18,(anonymous_21)
FNDA:4,(anonymous_22)
FNDA:18,(anonymous_23)
FNDA:4,(anonymous_24)
FNDA:18,(anonymous_25)
FNDA:4,(anonymous_26)
FNDA:20,(anonymous_28)
FNDA:4,(anonymous_29)
FNDA:20,(anonymous_30)
FNDA:4,(anonymous_31)
DA:7,13
DA:8,13
DA:10,13
DA:11,13
DA:12,13
DA:13,13
DA:14,13
DA:15,13
DA:16,13
DA:18,13
DA:19,13
DA:20,0
DA:21,0
DA:25,13
DA:26,13
DA:27,13
DA:29,13
DA:30,0
DA:31,0
DA:32,0
DA:33,0
DA:35,13
DA:36,13
DA:39,13
DA:40,1
DA:44,13
DA:45,4
DA:46,4
DA:47,4
DA:48,4
DA:50,3
DA:51,1
DA:54,2
DA:57,0
DA:58,0
DA:60,0
DA:64,2
DA:65,2
DA:69,13
DA:70,4
DA:71,4
DA:73,4
DA:74,1
DA:78,3
DA:79,3
DA:81,2
DA:82,1
DA:83,1
DA:85,1
DA:88,1
DA:89,1
DA:94,13
DA:95,1
DA:96,1
DA:98,1
DA:99,1
DA:101,1
DA:102,1
DA:104,0
DA:108,13
DA:109,1
DA:110,1
DA:112,1
DA:113,1
DA:115,1
DA:116,1
DA:118,0
DA:125,14
DA:126,2
DA:128,16
DA:129,6
DA:132,18
DA:133,10
DA:136,15
DA:138,7
DA:139,25
DA:140,25
DA:141,25
DA:142,25
DA:146,7
DA:151,8
DA:152,28
DA:153,28
DA:157,8
LF:84
LH:73
BRDA:20,0,0,0
BRDA:20,0,1,0
BRDA:26,1,0,13
BRDA:26,1,1,13
BRDA:27,2,0,13
BRDA:27,2,1,13
BRDA:29,3,0,0
BRDA:29,3,1,13
BRDA:29,4,0,13
BRDA:29,4,1,0
BRDA:35,5,0,13
BRDA:35,5,1,10
BRDA:36,6,0,13
BRDA:36,6,1,10
BRDA:39,7,0,1
BRDA:39,7,1,12
BRDA:50,8,0,1
BRDA:50,8,1,2
BRDA:50,9,0,3
BRDA:50,9,1,3
BRDA:57,10,0,0
BRDA:57,10,1,0
BRDA:57,11,0,0
BRDA:57,11,1,0
BRDA:57,11,2,0
BRDA:73,12,0,1
BRDA:73,12,1,3
BRDA:81,13,0,1
BRDA:81,13,1,1
BRDA:85,14,0,1
BRDA:85,14,1,0
BRDA:98,15,0,1
BRDA:98,15,1,0
BRDA:98,15,2,0
BRDA:99,16,0,1
BRDA:99,16,1,0
BRDA:99,16,2,0
BRDA:101,17,0,1
BRDA:101,17,1,0
BRDA:101,18,0,1
BRDA:101,18,1,1
BRDA:112,19,0,1
BRDA:112,19,1,0
BRDA:112,19,2,0
BRDA:113,20,0,1
BRDA:113,20,1,0
BRDA:113,20,2,0
BRDA:115,21,0,1
BRDA:115,21,1,0
BRDA:115,22,0,1
BRDA:115,22,1,1
BRDA:125,23,0,1
BRDA:125,23,1,13
BRDA:128,24,0,3
BRDA:128,24,1,13
BRDA:132,25,0,5
BRDA:132,25,1,13
BRDA:136,26,0,7
BRDA:136,26,1,8
BRF:59
BRH:39
end_of_record
TN:
SF:src\routes\auth\+page.ts
FN:4,(anonymous_0)
FNF:1
FNH:0
FNDA:0,(anonymous_0)
DA:4,0
DA:5,0
DA:7,0
DA:8,0
DA:9,0
DA:11,0
DA:12,0
DA:13,0
DA:15,0
DA:16,0
DA:20,0
LF:11
LH:0
BRDA:7,0,0,0
BRDA:7,0,1,0
BRDA:8,1,0,0
BRDA:8,1,1,0
BRDA:8,1,2,0
BRDA:9,2,0,0
BRDA:9,2,1,0
BRDA:9,2,2,0
BRDA:11,3,0,0
BRDA:11,3,1,0
BRDA:11,4,0,0
BRDA:11,4,1,0
BRF:12
BRH:0
end_of_record
TN:
SF:src\routes\auth\-guard.ts
FN:5,(anonymous_0)
FNF:1
FNH:0
FNDA:0,(anonymous_0)
DA:5,0
DA:6,0
DA:7,0
LF:3
LH:0
BRF:0
BRH:0
end_of_record
TN:
SF:src\routes\dashboard\admin\+page.server.ts
FN:5,(anonymous_0)
FNF:1
FNH:0
FNDA:0,(anonymous_0)
DA:5,0
DA:6,0
DA:8,0
DA:10,0
DA:11,0
DA:12,0
DA:15,0
LF:7
LH:0
BRDA:8,0,0,0
BRDA:8,0,1,0
BRDA:8,1,0,0
BRDA:8,1,1,0
BRDA:10,2,0,0
BRDA:10,2,1,0
BRDA:10,3,0,0
BRDA:10,3,1,0
BRDA:15,4,0,0
BRDA:15,4,1,0
BRF:10
BRH:0
end_of_record
TN:
SF:src\routes\dashboard\admin\+page.svelte
FN:12,handleRegister
FN:53,(anonymous_3)
FN:57,(anonymous_6)
FN:44,(anonymous_8)
FN:44,(anonymous_9)
FN:45,(anonymous_10)
FN:45,(anonymous_11)
FN:46,(anonymous_12)
FN:46,(anonymous_13)
FN:47,(anonymous_14)
FN:47,(anonymous_15)
FN:48,(anonymous_16)
FN:48,(anonymous_17)
FNF:13
FNH:13
FNDA:3,handleRegister
FNDA:1,(anonymous_3)
FNDA:2,(anonymous_6)
FNDA:14,(anonymous_8)
FNDA:3,(anonymous_9)
FNDA:14,(anonymous_10)
FNDA:3,(anonymous_11)
FNDA:14,(anonymous_12)
FNDA:3,(anonymous_13)
FNDA:14,(anonymous_14)
FNDA:3,(anonymous_15)
FNDA:14,(anonymous_16)
FNDA:3,(anonymous_17)
DA:4,5
DA:5,5
DA:6,5
DA:7,5
DA:8,5
DA:9,5
DA:10,5
DA:13,3
DA:14,3
DA:16,3
DA:17,0
DA:21,3
DA:22,3
DA:23,2
DA:24,1
DA:25,1
DA:26,1
DA:27,1
DA:28,1
DA:29,1
DA:31,1
DA:34,1
DA:43,5
DA:44,19
DA:45,19
DA:46,19
DA:47,19
DA:48,19
DA:52,6
DA:53,2
DA:56,7
DA:57,4
LF:32
LH:31
BRDA:16,0,0,0
BRDA:16,0,1,3
BRDA:16,1,0,3
BRDA:16,1,1,3
BRDA:16,1,2,3
BRDA:16,1,3,3
BRDA:16,1,4,3
BRDA:23,2,0,1
BRDA:23,2,1,1
BRDA:31,3,0,1
BRDA:31,3,1,0
BRDA:52,4,0,1
BRDA:52,4,1,5
BRDA:56,5,0,2
BRDA:56,5,1,5
BRF:15
BRH:13
end_of_record
TN:
SF:src\routes\dashboard\customer\+page.server.ts
FN:5,(anonymous_0)
FNF:1
FNH:0
FNDA:0,(anonymous_0)
DA:5,0
DA:6,0
DA:8,0
DA:10,0
DA:11,0
DA:12,0
DA:13,0
DA:15,0
DA:16,0
DA:19,0
LF:10
LH:0
BRDA:10,0,0,0
BRDA:10,0,1,0
BRDA:10,1,0,0
BRDA:10,1,1,0
BRDA:12,2,0,0
BRDA:12,2,1,0
BRF:6
BRH:0
end_of_record
TN:
SF:src\routes\dashboard\customer\+page.svelte
FN:10,goToMenu
FN:17,goToOrder
FN:24,goToRestaurant
FN:28,(anonymous_4)
FN:29,(anonymous_5)
FN:35,(anonymous_9)
FNF:6
FNH:5
FNDA:1,goToMenu
FNDA:1,goToOrder
FNDA:1,goToRestaurant
FNDA:6,(anonymous_4)
FNDA:0,(anonymous_5)
FNDA:6,(anonymous_9)
DA:6,6
DA:8,6
DA:11,1
DA:12,1
DA:14,1
DA:18,1
DA:19,1
DA:21,1
DA:25,1
DA:28,6
DA:29,6
DA:35,12
DA:36,6
DA:38,4
DA:39,4
DA:42,2
LF:16
LH:16
BRDA:11,0,0,1
BRDA:11,0,1,0
BRDA:11,0,2,0
BRDA:12,1,0,1
BRDA:12,1,1,0
BRDA:12,1,2,0
BRDA:18,2,0,1
BRDA:18,2,1,0
BRDA:18,2,2,0
BRDA:19,3,0,1
BRDA:19,3,1,0
BRDA:19,3,2,0
BRDA:29,4,0,0
BRDA:29,4,1,0
BRDA:36,5,0,4
BRDA:36,5,1,2
BRDA:35,6,0,6
BRDA:35,6,1,0
BRF:18
BRH:7
end_of_record
TN:
SF:src\routes\dashboard\customer\-guard.ts
FN:5,(anonymous_0)
FNF:1
FNH:0
FNDA:0,(anonymous_0)
DA:5,0
DA:6,0
DA:7,0
LF:3
LH:0
BRF:0
BRH:0
end_of_record
TN:
SF:src\routes\dashboard\owner\+layout.server.ts
FN:4,(anonymous_0)
FNF:1
FNH:0
FNDA:0,(anonymous_0)
DA:4,0
DA:5,0
DA:7,0
DA:9,0
DA:10,0
DA:11,0
DA:14,0
LF:7
LH:0
BRDA:7,0,0,0
BRDA:7,0,1,0
BRDA:7,1,0,0
BRDA:7,1,1,0
BRDA:9,2,0,0
BRDA:9,2,1,0
BRDA:9,3,0,0
BRDA:9,3,1,0
BRF:8
BRH:0
end_of_record
TN:
SF:src\routes\dashboard\owner\+page.svelte
FN:8,navigateTo
FN:17,(anonymous_3)
FN:18,(anonymous_4)
FN:19,(anonymous_5)
FNF:4
FNH:4
FNDA:6,navigateTo
FNDA:2,(anonymous_3)
FNDA:2,(anonymous_4)
FNDA:2,(anonymous_5)
DA:5,6
DA:6,6
DA:9,6
DA:13,6
DA:17,6
DA:18,6
DA:19,6
LF:7
LH:7
BRDA:13,0,0,4
BRDA:13,0,1,2
BRF:2
BRH:2
end_of_record
TN:
SF:src\routes\dashboard\owner\menu_gestion\+page.svelte
FN:19,loadMenu
FN:28,registerMenuItem
FN:45,(anonymous_3)
FN:51,removeMenuItem
FN:62,(anonymous_6)
FN:73,(anonymous_9)
FN:82,(anonymous_13)
FN:84,(anonymous_15)
FN:84,(anonymous_16)
FN:85,(anonymous_17)
FN:67,(anonymous_19)
FN:67,(anonymous_20)
FN:68,(anonymous_21)
FN:68,(anonymous_22)
FN:69,(anonymous_23)
FN:69,(anonymous_24)
FN:70,(anonymous_25)
FN:70,(anonymous_26)
FNF:18
FNH:0
FNDA:0,loadMenu
FNDA:0,registerMenuItem
FNDA:0,(anonymous_3)
FNDA:0,removeMenuItem
FNDA:0,(anonymous_6)
FNDA:0,(anonymous_9)
FNDA:0,(anonymous_13)
FNDA:0,(anonymous_15)
FNDA:0,(anonymous_16)
FNDA:0,(anonymous_17)
FNDA:0,(anonymous_19)
FNDA:0,(anonymous_20)
FNDA:0,(anonymous_21)
FNDA:0,(anonymous_22)
FNDA:0,(anonymous_23)
FNDA:0,(anonymous_24)
FNDA:0,(anonymous_25)
FNDA:0,(anonymous_26)
DA:7,0
DA:8,0
DA:10,0
DA:11,0
DA:12,0
DA:13,0
DA:14,0
DA:15,0
DA:16,0
DA:17,0
DA:20,0
DA:21,0
DA:22,0
DA:24,0
DA:29,0
DA:30,0
DA:34,0
DA:35,0
DA:36,0
DA:37,0
DA:38,0
DA:39,0
DA:40,0
DA:41,0
DA:43,0
DA:44,0
DA:45,0
DA:47,0
DA:52,0
DA:53,0
DA:56,0
DA:61,0
DA:62,0
DA:67,0
DA:68,0
DA:69,0
DA:70,0
DA:71,0
DA:72,0
DA:73,0
DA:79,0
DA:82,0
DA:84,0
DA:85,0
LF:44
LH:0
BRDA:29,0,0,0
BRDA:29,0,1,0
BRDA:29,1,0,0
BRDA:29,1,1,0
BRDA:29,1,2,0
BRDA:29,1,3,0
BRDA:29,1,4,0
BRDA:35,2,0,0
BRDA:35,2,1,0
BRDA:61,3,0,0
BRDA:61,3,1,0
BRDA:72,4,0,0
BRDA:72,4,1,0
BRDA:84,5,0,0
BRDA:84,5,1,0
BRDA:84,6,0,0
BRDA:84,6,1,0
BRDA:84,7,0,0
BRDA:84,7,1,0
BRDA:84,8,0,0
BRDA:84,8,1,0
BRDA:79,9,0,0
BRDA:79,9,1,0
BRF:23
BRH:0
end_of_record
TN:
SF:src\routes\dashboard\owner\qr_gestion\+page.svelte
FN:12,generateQR
FN:44,(anonymous_4)
FN:50,(anonymous_7)
FN:52,(anonymous_9)
FN:39,(anonymous_11)
FN:39,(anonymous_12)
FNF:6
FNH:0
FNDA:0,generateQR
FNDA:0,(anonymous_4)
FNDA:0,(anonymous_7)
FNDA:0,(anonymous_9)
FNDA:0,(anonymous_11)
FNDA:0,(anonymous_12)
DA:5,0
DA:6,0
DA:8,0
DA:9,0
DA:10,0
DA:13,0
DA:14,0
DA:18,0
DA:19,0
DA:23,0
DA:24,0
DA:26,0
DA:27,0
DA:29,0
DA:37,0
DA:39,0
DA:41,0
DA:43,0
DA:44,0
DA:47,0
DA:50,0
DA:52,0
LF:22
LH:0
BRDA:13,0,0,0
BRDA:13,0,1,0
BRDA:18,1,0,0
BRDA:18,1,1,0
BRDA:26,2,0,0
BRDA:26,2,1,0
BRDA:43,3,0,0
BRDA:43,3,1,0
BRDA:47,4,0,0
BRDA:47,4,1,0
BRDA:37,5,0,0
BRDA:37,5,1,0
BRF:12
BRH:0
end_of_record
TN:
SF:src\routes\dashboard\owner\waiters_gestion\+page.svelte
FN:21,isValidEmail
FN:25,loadWaiters
FN:30,registerWaiter
FN:52,(anonymous_4)
FN:58,removeWaiter
FN:64,(anonymous_6)
FN:73,(anonymous_8)
FN:77,(anonymous_11)
FN:88,(anonymous_14)
FN:97,(anonymous_18)
FN:99,(anonymous_20)
FN:100,(anonymous_21)
FN:82,(anonymous_23)
FN:82,(anonymous_24)
FN:83,(anonymous_25)
FN:83,(anonymous_26)
FN:84,(anonymous_27)
FN:84,(anonymous_28)
FN:85,(anonymous_29)
FN:85,(anonymous_30)
FNF:20
FNH:0
FNDA:0,isValidEmail
FNDA:0,loadWaiters
FNDA:0,registerWaiter
FNDA:0,(anonymous_4)
FNDA:0,removeWaiter
FNDA:0,(anonymous_6)
FNDA:0,(anonymous_8)
FNDA:0,(anonymous_11)
FNDA:0,(anonymous_14)
FNDA:0,(anonymous_18)
FNDA:0,(anonymous_20)
FNDA:0,(anonymous_21)
FNDA:0,(anonymous_23)
FNDA:0,(anonymous_24)
FNDA:0,(anonymous_25)
FNDA:0,(anonymous_26)
FNDA:0,(anonymous_27)
FNDA:0,(anonymous_28)
FNDA:0,(anonymous_29)
FNDA:0,(anonymous_30)
DA:7,0
DA:8,0
DA:10,0
DA:11,0
DA:12,0
DA:13,0
DA:14,0
DA:15,0
DA:16,0
DA:17,0
DA:18,0
DA:19,0
DA:22,0
DA:26,0
DA:27,0
DA:31,0
DA:32,0
DA:36,0
DA:37,0
DA:41,0
DA:42,0
DA:43,0
DA:44,0
DA:45,0
DA:46,0
DA:47,0
DA:48,0
DA:50,0
DA:51,0
DA:52,0
DA:54,0
DA:59,0
DA:60,0
DA:62,0
DA:63,0
DA:64,0
DA:67,0
DA:72,0
DA:73,0
DA:76,0
DA:77,0
DA:82,0
DA:83,0
DA:84,0
DA:85,0
DA:86,0
DA:87,0
DA:88,0
DA:94,0
DA:97,0
DA:99,0
DA:100,0
LF:52
LH:0
BRDA:26,0,0,0
BRDA:26,0,1,0
BRDA:31,1,0,0
BRDA:31,1,1,0
BRDA:31,2,0,0
BRDA:31,2,1,0
BRDA:31,2,2,0
BRDA:31,2,3,0
BRDA:31,2,4,0
BRDA:36,3,0,0
BRDA:36,3,1,0
BRDA:42,4,0,0
BRDA:42,4,1,0
BRDA:72,5,0,0
BRDA:72,5,1,0
BRDA:76,6,0,0
BRDA:76,6,1,0
BRDA:87,7,0,0
BRDA:87,7,1,0
BRDA:99,8,0,0
BRDA:99,8,1,0
BRDA:99,9,0,0
BRDA:99,9,1,0
BRDA:94,10,0,0
BRDA:94,10,1,0
BRF:25
BRH:0
end_of_record
TN:
SF:src\routes\dashboard\waiter\+page.server.ts
FN:5,(anonymous_0)
FNF:1
FNH:0
FNDA:0,(anonymous_0)
DA:5,0
DA:6,0
DA:8,0
DA:10,0
DA:11,0
DA:12,0
DA:15,0
LF:7
LH:0
BRDA:8,0,0,0
BRDA:8,0,1,0
BRDA:8,1,0,0
BRDA:8,1,1,0
BRDA:10,2,0,0
BRDA:10,2,1,0
BRDA:10,3,0,0
BRDA:10,3,1,0
BRDA:15,4,0,0
BRDA:15,4,1,0
BRF:10
BRH:0
end_of_record
TN:
SF:src\routes\dashboard\waiter\+page.svelte
FN:32,loadTables
FN:37,(anonymous_4)
FN:47,loadBill
FN:72,openOrderDetails
FN:76,(anonymous_7)
FN:87,startEditing
FN:90,(anonymous_9)
FN:96,stopEditing
FN:103,initiateRemoval
FN:121,confirmRemovalFunc
FN:151,(anonymous_13)
FN:159,cancelRemoval
FN:165,closeOrderDetails
FN:174,cancelDeactivate
FN:178,confirmDeactivateTable
FN:183,handleActivateTable
FN:189,handleResetTable
FN:197,(anonymous_20)
FN:199,(anonymous_21)
FN:13,(anonymous_24)
FN:14,(anonymous_27)
FN:208,(anonymous_29)
FN:208,(anonymous_30)
FN:219,(anonymous_33)
FN:213,(anonymous_36)
FN:216,(anonymous_37)
FN:235,(anonymous_44)
FN:245,(anonymous_50)
FN:272,(anonymous_55)
FN:268,(anonymous_57)
FN:269,(anonymous_58)
FN:270,(anonymous_59)
FN:254,(anonymous_61)
FN:252,(anonymous_62)
FN:252,(anonymous_63)
FN:255,(anonymous_64)
FN:264,(anonymous_65)
FN:246,(anonymous_67)
FN:246,(anonymous_68)
FN:280,(anonymous_69)
FN:289,(anonymous_74)
FN:290,(anonymous_76)
FN:290,(anonymous_77)
FN:293,(anonymous_78)
FN:302,(anonymous_85)
FN:299,(anonymous_90)
FN:312,(anonymous_93)
FN:237,(anonymous_100)
FN:229,(anonymous_105)
FN:229,(anonymous_106)
FNF:50
FNH:6
FNDA:2,loadTables
FNDA:2,(anonymous_4)
FNDA:0,loadBill
FNDA:0,openOrderDetails
FNDA:0,(anonymous_7)
FNDA:0,startEditing
FNDA:0,(anonymous_9)
FNDA:0,stopEditing
FNDA:0,initiateRemoval
FNDA:0,confirmRemovalFunc
FNDA:0,(anonymous_13)
FNDA:0,cancelRemoval
FNDA:0,closeOrderDetails
FNDA:0,cancelDeactivate
FNDA:0,confirmDeactivateTable
FNDA:0,handleActivateTable
FNDA:0,handleResetTable
FNDA:2,(anonymous_20)
FNDA:2,(anonymous_21)
FNDA:0,(anonymous_24)
FNDA:0,(anonymous_27)
FNDA:2,(anonymous_29)
FNDA:1,(anonymous_30)
FNDA:0,(anonymous_33)
FNDA:0,(anonymous_36)
FNDA:0,(anonymous_37)
FNDA:0,(anonymous_44)
FNDA:0,(anonymous_50)
FNDA:0,(anonymous_55)
FNDA:0,(anonymous_57)
FNDA:0,(anonymous_58)
FNDA:0,(anonymous_59)
FNDA:0,(anonymous_61)
FNDA:0,(anonymous_62)
FNDA:0,(anonymous_63)
FNDA:0,(anonymous_64)
FNDA:0,(anonymous_65)
FNDA:0,(anonymous_67)
FNDA:0,(anonymous_68)
FNDA:0,(anonymous_69)
FNDA:0,(anonymous_74)
FNDA:0,(anonymous_76)
FNDA:0,(anonymous_77)
FNDA:0,(anonymous_78)
FNDA:0,(anonymous_85)
FNDA:0,(anonymous_90)
FNDA:0,(anonymous_93)
FNDA:0,(anonymous_100)
FNDA:0,(anonymous_105)
FNDA:0,(anonymous_106)
DA:10,2
DA:11,2
DA:13,2
DA:14,2
DA:16,2
DA:17,2
DA:19,2
DA:20,2
DA:22,2
DA:23,2
DA:25,2
DA:26,2
DA:28,2
DA:29,2
DA:30,2
DA:33,2
DA:34,1
DA:35,1
DA:38,2
DA:39,2
DA:43,0
DA:48,0
DA:49,0
DA:50,0
DA:51,0
DA:56,0
DA:57,0
DA:58,0
DA:60,0
DA:61,0
DA:64,0
DA:65,0
DA:66,0
DA:68,0
DA:73,0
DA:74,0
DA:76,0
DA:77,0
DA:78,0
DA:81,0
DA:82,0
DA:83,0
DA:84,0
DA:88,0
DA:89,0
DA:90,0
DA:91,0
DA:97,0
DA:98,0
DA:99,0
DA:100,0
DA:104,0
DA:105,0
DA:106,0
DA:108,0
DA:109,0
DA:110,0
DA:113,0
DA:114,0
DA:117,0
DA:118,0
DA:122,0
DA:123,0
DA:124,0
DA:126,0
DA:127,0
DA:128,0
DA:131,0
DA:132,0
DA:135,0
DA:136,0
DA:138,0
DA:139,0
DA:143,0
DA:144,0
DA:145,0
DA:146,0
DA:147,0
DA:149,0
DA:151,0
DA:153,0
DA:154,0
DA:155,0
DA:156,0
DA:160,0
DA:161,0
DA:162,0
DA:166,0
DA:167,0
DA:168,0
DA:169,0
DA:170,0
DA:171,0
DA:175,0
DA:179,0
DA:180,0
DA:184,0
DA:185,0
DA:186,0
DA:190,0
DA:191,0
DA:192,0
DA:193,0
DA:194,0
DA:197,2
DA:198,2
DA:199,2
DA:205,2
DA:208,2
DA:209,2
DA:210,2
DA:211,2
DA:212,2
DA:213,2
DA:216,2
DA:217,2
DA:218,2
DA:219,0
DA:227,2
DA:229,0
DA:230,0
DA:232,0
DA:234,0
DA:235,0
DA:236,0
DA:237,0
DA:239,0
DA:243,0
DA:245,0
DA:246,0
DA:247,0
DA:252,0
DA:254,0
DA:255,0
DA:256,0
DA:257,0
DA:258,0
DA:259,0
DA:260,0
DA:264,0
DA:266,0
DA:268,0
DA:269,0
DA:270,0
DA:271,0
DA:272,0
DA:280,0
DA:287,0
DA:289,0
DA:290,0
DA:293,0
DA:299,0
DA:300,0
DA:301,0
DA:302,0
DA:305,0
DA:306,0
DA:312,0
DA:313,0
DA:316,0
DA:317,0
DA:318,0
DA:322,0
LF:163
LH:34
BRDA:33,0,0,1
BRDA:33,0,1,1
BRDA:48,1,0,0
BRDA:48,1,1,0
BRDA:48,2,0,0
BRDA:48,2,1,0
BRDA:56,3,0,0
BRDA:56,3,1,0
BRDA:89,4,0,0
BRDA:89,4,1,0
BRDA:104,5,0,0
BRDA:104,5,1,0
BRDA:108,6,0,0
BRDA:108,6,1,0
BRDA:109,7,0,0
BRDA:109,7,1,0
BRDA:109,8,0,0
BRDA:109,8,1,0
BRDA:113,9,0,0
BRDA:113,9,1,0
BRDA:122,10,0,0
BRDA:122,10,1,0
BRDA:126,11,0,0
BRDA:126,11,1,0
BRDA:127,12,0,0
BRDA:127,12,1,0
BRDA:127,13,0,0
BRDA:127,13,1,0
BRDA:131,14,0,0
BRDA:131,14,1,0
BRDA:144,15,0,0
BRDA:144,15,1,0
BRDA:145,16,0,0
BRDA:145,16,1,0
BRDA:184,17,0,0
BRDA:184,17,1,0
BRDA:190,18,0,0
BRDA:190,18,1,0
BRDA:13,19,0,0
BRDA:13,19,1,2
BRDA:14,20,0,0
BRDA:14,20,1,2
BRDA:218,21,0,0
BRDA:218,21,1,2
BRDA:209,22,0,2
BRDA:209,22,1,0
BRDA:209,23,0,0
BRDA:209,23,1,2
BRDA:210,24,0,0
BRDA:210,24,1,2
BRDA:211,25,0,0
BRDA:211,25,1,2
BRDA:212,26,0,0
BRDA:212,26,1,2
BRDA:217,27,0,2
BRDA:217,27,1,0
BRDA:216,28,0,0
BRDA:216,28,1,0
BRDA:216,28,2,0
BRDA:205,29,0,1
BRDA:205,29,1,1
BRDA:271,30,0,0
BRDA:271,30,1,0
BRDA:268,31,0,0
BRDA:268,31,1,0
BRDA:268,32,0,0
BRDA:268,32,1,0
BRDA:266,33,0,0
BRDA:266,33,1,0
BRDA:254,34,0,0
BRDA:254,34,1,0
BRDA:258,35,0,0
BRDA:258,35,1,0
BRDA:247,36,0,0
BRDA:247,36,1,0
BRDA:246,37,0,0
BRDA:246,37,1,0
BRDA:246,38,0,0
BRDA:246,38,1,0
BRDA:246,39,0,0
BRDA:246,39,1,0
BRDA:280,40,0,0
BRDA:280,40,1,0
BRDA:243,41,0,0
BRDA:243,41,1,0
BRDA:290,42,0,0
BRDA:290,42,1,0
BRDA:290,43,0,0
BRDA:290,43,1,0
BRDA:290,44,0,0
BRDA:290,44,1,0
BRDA:293,45,0,0
BRDA:293,45,1,0
BRDA:287,46,0,0
BRDA:287,46,1,0
BRDA:287,47,0,0
BRDA:287,47,1,0
BRDA:301,48,0,0
BRDA:301,48,1,0
BRDA:300,49,0,0
BRDA:300,49,1,0
BRDA:300,50,0,0
BRDA:300,50,1,0
BRDA:300,50,2,0
BRDA:299,51,0,0
BRDA:299,51,1,0
BRDA:299,52,0,0
BRDA:299,52,1,0
BRDA:312,53,0,0
BRDA:312,53,1,0
BRDA:312,54,0,0
BRDA:312,54,1,0
BRDA:317,55,0,0
BRDA:317,55,1,0
BRDA:316,56,0,0
BRDA:316,56,1,0
BRDA:237,57,0,0
BRDA:237,57,1,0
BRDA:237,58,0,0
BRDA:237,58,1,0
BRDA:236,59,0,0
BRDA:236,59,1,0
BRDA:234,60,0,0
BRDA:234,60,1,0
BRDA:232,61,0,0
BRDA:232,61,1,0
BRDA:227,62,0,0
BRDA:227,62,1,2
BRF:128
BRH:14
end_of_record
TN:
SF:src\routes\menu\+page.server.ts
FN:4,(anonymous_0)
FNF:1
FNH:0
FNDA:0,(anonymous_0)
DA:4,0
DA:5,0
DA:6,0
DA:8,0
DA:9,0
DA:10,0
DA:13,0
LF:7
LH:0
BRDA:6,0,0,0
BRDA:6,0,1,0
BRDA:8,1,0,0
BRDA:8,1,1,0
BRF:4
BRH:0
end_of_record
TN:
SF:src\routes\menu\+page.svelte
FN:21,(anonymous_1)
FN:23,loadMenu
FN:33,(anonymous_3)
FN:34,(anonymous_4)
FN:42,updateOrder
FN:55,toggleOrderSummary
FN:60,confirmOrder
FN:69,(anonymous_8)
FN:70,(anonymous_9)
FN:79,(anonymous_10)
FN:91,(anonymous_11)
FN:104,(anonymous_14)
FN:105,(anonymous_15)
FN:112,(anonymous_18)
FN:119,(anonymous_20)
FN:122,(anonymous_23)
FN:127,(anonymous_27)
FN:140,(anonymous_31)
FN:142,(anonymous_32)
FN:139,(anonymous_33)
FN:141,(anonymous_34)
FN:162,(anonymous_42)
FN:162,(anonymous_43)
FN:179,(anonymous_51)
FN:171,(anonymous_53)
FNF:25
FNH:23
FNDA:35,(anonymous_1)
FNDA:10,loadMenu
FNDA:10,(anonymous_3)
FNDA:0,(anonymous_4)
FNDA:5,updateOrder
FNDA:5,toggleOrderSummary
FNDA:3,confirmOrder
FNDA:2,(anonymous_8)
FNDA:2,(anonymous_9)
FNDA:2,(anonymous_10)
FNDA:0,(anonymous_11)
FNDA:4,(anonymous_14)
FNDA:4,(anonymous_15)
FNDA:4,(anonymous_18)
FNDA:1,(anonymous_20)
FNDA:2,(anonymous_23)
FNDA:7,(anonymous_27)
FNDA:24,(anonymous_31)
FNDA:12,(anonymous_32)
FNDA:1,(anonymous_33)
FNDA:4,(anonymous_34)
FNDA:10,(anonymous_42)
FNDA:6,(anonymous_43)
FNDA:1,(anonymous_51)
FNDA:8,(anonymous_53)
DA:8,10
DA:9,10
DA:10,10
DA:11,10
DA:12,10
DA:13,10
DA:14,10
DA:16,10
DA:17,10
DA:19,10
DA:21,35
DA:24,10
DA:25,10
DA:26,9
DA:28,1
DA:29,1
DA:33,10
DA:34,10
DA:35,0
DA:36,0
DA:39,10
DA:43,5
DA:44,0
DA:47,5
DA:48,5
DA:49,5
DA:50,5
DA:51,5
DA:52,5
DA:56,5
DA:57,5
DA:61,3
DA:62,0
DA:70,2
DA:71,2
DA:79,2
DA:82,3
DA:83,1
DA:84,1
DA:88,2
DA:89,2
DA:90,1
DA:91,1
DA:92,1
DA:93,1
DA:94,1
DA:95,1
DA:96,1
DA:98,1
DA:99,1
DA:103,25
DA:105,4
DA:106,4
DA:112,25
DA:116,10
DA:118,11
DA:119,2
DA:121,12
DA:122,4
DA:123,19
DA:127,7
DA:133,14
DA:135,14
DA:137,14
DA:139,13
DA:140,24
DA:141,16
DA:142,12
DA:151,10
DA:152,9
DA:157,16
DA:162,10
DA:163,3
DA:165,3
DA:166,3
DA:171,8
DA:172,4
DA:175,4
DA:178,5
DA:179,2
LF:80
LH:76
BRDA:19,0,0,0
BRDA:19,0,1,10
BRDA:35,1,0,0
BRDA:35,1,1,0
BRDA:43,2,0,0
BRDA:43,2,1,5
BRDA:48,3,0,5
BRDA:48,3,1,4
BRDA:50,4,0,4
BRDA:50,4,1,1
BRDA:61,5,0,0
BRDA:61,5,1,3
BRDA:71,6,0,0
BRDA:82,7,0,1
BRDA:82,7,1,2
BRDA:106,8,0,0
BRDA:112,9,0,4
BRDA:112,9,1,0
BRDA:116,10,0,10
BRDA:116,10,1,0
BRDA:118,11,0,1
BRDA:118,11,1,10
BRDA:140,12,0,24
BRDA:140,12,1,20
BRDA:137,13,0,12
BRDA:137,13,1,2
BRDA:123,14,0,12
BRDA:123,14,1,7
BRDA:121,15,0,2
BRDA:121,15,1,10
BRDA:151,16,0,9
BRDA:151,16,1,1
BRDA:165,17,0,3
BRDA:165,17,1,0
BRDA:165,18,0,3
BRDA:165,18,1,0
BRDA:166,19,0,3
BRDA:166,19,1,0
BRDA:163,20,0,3
BRDA:163,20,1,0
BRDA:178,21,0,1
BRDA:178,21,1,4
BRDA:171,22,0,4
BRDA:171,22,1,0
BRDA:157,23,0,4
BRDA:157,23,1,12
BRF:46
BRH:32
end_of_record
TN:
SF:src\routes\menu\-guard.ts
FN:5,(anonymous_0)
FNF:1
FNH:0
FNDA:0,(anonymous_0)
DA:5,0
DA:6,0
DA:7,0
LF:3
LH:0
BRF:0
BRH:0
end_of_record
TN:
SF:src\routes\order\+page.server.ts
FN:4,(anonymous_0)
FNF:1
FNH:0
FNDA:0,(anonymous_0)
DA:4,0
DA:5,0
DA:7,0
DA:8,0
DA:9,0
DA:12,0
LF:6
LH:0
BRDA:7,0,0,0
BRDA:7,0,1,0
BRDA:7,1,0,0
BRDA:7,1,1,0
BRF:4
BRH:0
end_of_record
TN:
SF:src\routes\order\+page.svelte
FN:29,robustCheckStatus
FN:43,loadBill
FN:64,pay
FN:72,(anonymous_6)
FN:76,(anonymous_7)
FN:80,(anonymous_8)
FN:85,goToSplitItems
FN:91,goToCustomAmount
FN:24,(anonymous_13)
FN:25,(anonymous_16)
FN:99,(anonymous_23)
FN:106,(anonymous_28)
FN:111,(anonymous_32)
FN:113,(anonymous_34)
FN:113,(anonymous_35)
FN:118,(anonymous_36)
FN:127,(anonymous_41)
FN:129,(anonymous_43)
FN:129,(anonymous_44)
FN:134,(anonymous_45)
FN:141,(anonymous_49)
FN:151,(anonymous_57)
FN:152,(anonymous_58)
FN:159,(anonymous_61)
FN:160,(anonymous_62)
FNF:25
FNH:3
FNDA:1,robustCheckStatus
FNDA:1,loadBill
FNDA:0,pay
FNDA:0,(anonymous_6)
FNDA:1,(anonymous_7)
FNDA:0,(anonymous_8)
FNDA:0,goToSplitItems
FNDA:0,goToCustomAmount
FNDA:0,(anonymous_13)
FNDA:0,(anonymous_16)
FNDA:0,(anonymous_23)
FNDA:0,(anonymous_28)
FNDA:0,(anonymous_32)
FNDA:0,(anonymous_34)
FNDA:0,(anonymous_35)
FNDA:0,(anonymous_36)
FNDA:0,(anonymous_41)
FNDA:0,(anonymous_43)
FNDA:0,(anonymous_44)
FNDA:0,(anonymous_45)
FNDA:0,(anonymous_49)
FNDA:0,(anonymous_57)
FNDA:0,(anonymous_58)
FNDA:0,(anonymous_61)
FNDA:0,(anonymous_62)
DA:11,1
DA:12,1
DA:14,1
DA:15,1
DA:16,1
DA:17,1
DA:19,1
DA:20,1
DA:22,1
DA:24,1
DA:25,1
DA:26,1
DA:27,1
DA:30,1
DA:31,0
DA:32,0
DA:33,0
DA:34,0
DA:35,0
DA:38,0
DA:39,0
DA:44,1
DA:45,1
DA:48,0
DA:49,0
DA:50,0
DA:51,0
DA:53,0
DA:54,0
DA:57,0
DA:58,0
DA:60,0
DA:65,0
DA:66,0
DA:67,0
DA:68,0
DA:69,0
DA:71,0
DA:72,0
DA:76,1
DA:77,1
DA:78,1
DA:79,1
DA:80,1
DA:81,1
DA:86,0
DA:87,0
DA:88,0
DA:92,0
DA:93,0
DA:94,0
DA:97,1
DA:98,0
DA:99,0
DA:103,0
DA:105,0
DA:106,0
DA:107,0
DA:109,0
DA:111,0
DA:113,0
DA:118,0
DA:125,0
DA:127,0
DA:129,0
DA:134,0
DA:141,0
DA:149,1
DA:151,1
DA:152,1
DA:156,1
DA:159,0
DA:160,0
DA:173,0
DA:180,0
LF:75
LH:27
BRDA:30,0,0,1
BRDA:30,0,1,0
BRDA:30,1,0,1
BRDA:30,1,1,0
BRDA:33,2,0,0
BRDA:33,2,1,0
BRDA:33,3,0,0
BRDA:33,3,1,0
BRDA:44,4,0,1
BRDA:44,4,1,0
BRDA:44,5,0,1
BRDA:44,5,1,0
BRDA:53,6,0,0
BRDA:53,6,1,0
BRDA:65,7,0,0
BRDA:65,7,1,0
BRDA:65,8,0,0
BRDA:65,8,1,0
BRDA:65,8,2,0
BRDA:71,9,0,0
BRDA:71,9,1,0
BRDA:80,10,0,0
BRDA:80,10,1,0
BRDA:86,11,0,0
BRDA:86,11,1,0
BRDA:86,11,2,0
BRDA:87,12,0,0
BRDA:87,12,1,0
BRDA:87,12,2,0
BRDA:92,13,0,0
BRDA:92,13,1,0
BRDA:92,13,2,0
BRDA:93,14,0,0
BRDA:93,14,1,0
BRDA:93,14,2,0
BRDA:24,15,0,0
BRDA:24,15,1,1
BRDA:25,16,0,0
BRDA:25,16,1,1
BRDA:27,17,0,0
BRDA:27,17,1,1
BRDA:98,18,0,0
BRDA:98,18,1,0
BRDA:113,19,0,0
BRDA:113,19,1,0
BRDA:113,20,0,0
BRDA:113,20,1,0
BRDA:113,21,0,0
BRDA:113,21,1,0
BRDA:118,22,0,0
BRDA:118,22,1,0
BRDA:109,23,0,0
BRDA:109,23,1,0
BRDA:129,24,0,0
BRDA:129,24,1,0
BRDA:129,25,0,0
BRDA:129,25,1,0
BRDA:129,26,0,0
BRDA:129,26,1,0
BRDA:134,27,0,0
BRDA:134,27,1,0
BRDA:125,28,0,0
BRDA:125,28,1,0
BRDA:125,29,0,0
BRDA:125,29,1,0
BRDA:141,30,0,0
BRDA:141,30,1,0
BRDA:107,31,0,0
BRDA:107,31,1,0
BRDA:105,32,0,0
BRDA:105,32,1,0
BRDA:103,33,0,0
BRDA:103,33,1,0
BRDA:97,34,0,0
BRDA:97,34,1,1
BRDA:97,35,0,1
BRDA:97,35,1,0
BRDA:151,36,0,0
BRDA:151,36,1,0
BRDA:149,37,0,1
BRDA:149,37,1,0
BRDA:160,38,0,0
BRDA:160,38,1,0
BRDA:160,38,2,0
BRDA:156,39,0,0
BRDA:156,39,1,1
BRF:86
BRH:11
end_of_record
TN:
SF:src\routes\order\-guard.ts
FN:5,(anonymous_0)
FNF:1
FNH:0
FNDA:0,(anonymous_0)
DA:5,0
DA:6,0
DA:7,0
LF:3
LH:0
BRF:0
BRH:0
end_of_record
TN:
SF:src\routes\payment\cancel\+page.svelte
FN:10,(anonymous_2)
FNF:1
FNH:0
FNDA:0,(anonymous_2)
DA:3,0
DA:9,0
DA:10,0
LF:3
LH:0
BRDA:9,0,0,0
BRDA:9,0,1,0
BRF:2
BRH:0
end_of_record
TN:
SF:src\routes\payment\cancel\+page.ts
FN:3,(anonymous_0)
FNF:1
FNH:0
FNDA:0,(anonymous_0)
DA:3,0
DA:4,0
LF:2
LH:0
BRF:0
BRH:0
end_of_record
TN:
SF:src\routes\payment\pay\+layout.server.ts
FN:4,(anonymous_0)
FNF:1
FNH:0
FNDA:0,(anonymous_0)
DA:4,0
DA:5,0
DA:7,0
DA:8,0
DA:10,0
DA:11,0
DA:12,0
DA:15,0
LF:8
LH:0
BRDA:7,0,0,0
BRDA:7,0,1,0
BRDA:8,1,0,0
BRDA:8,1,1,0
BRDA:10,2,0,0
BRDA:10,2,1,0
BRDA:10,3,0,0
BRDA:10,3,1,0
BRF:8
BRH:0
end_of_record
TN:
SF:src\routes\payment\pay\+page.svelte
FN:35,loadBillData
FN:48,(anonymous_4)
FN:63,getMaxSelectable
FN:67,increaseQuantity
FN:75,decreaseQuantity
FN:79,onCustomAmountChange
FN:96,confirmPayment
FN:111,(anonymous_10)
FN:112,(anonymous_11)
FN:123,(anonymous_12)
FN:127,goToOrder
FN:133,(anonymous_14)
FN:135,(anonymous_15)
FN:24,(anonymous_18)
FN:24,(anonymous_19)
FN:25,(anonymous_22)
FN:25,(anonymous_23)
FN:30,(anonymous_30)
FN:142,(anonymous_33)
FN:149,(anonymous_38)
FN:152,(anonymous_41)
FN:164,(anonymous_45)
FN:167,(anonymous_46)
FN:162,(anonymous_47)
FN:164,(anonymous_48)
FN:156,(anonymous_51)
FN:157,(anonymous_52)
FN:193,(anonymous_54)
FN:208,(anonymous_59)
FN:202,(anonymous_62)
FN:213,(anonymous_63)
FN:217,(anonymous_64)
FN:204,(anonymous_65)
FN:204,(anonymous_66)
FN:177,(anonymous_70)
FN:182,(anonymous_71)
FN:187,(anonymous_72)
FNF:37
FNH:0
FNDA:0,loadBillData
FNDA:0,(anonymous_4)
FNDA:0,getMaxSelectable
FNDA:0,increaseQuantity
FNDA:0,decreaseQuantity
FNDA:0,onCustomAmountChange
FNDA:0,confirmPayment
FNDA:0,(anonymous_10)
FNDA:0,(anonymous_11)
FNDA:0,(anonymous_12)
FNDA:0,goToOrder
FNDA:0,(anonymous_14)
FNDA:0,(anonymous_15)
FNDA:0,(anonymous_18)
FNDA:0,(anonymous_19)
FNDA:0,(anonymous_22)
FNDA:0,(anonymous_23)
FNDA:0,(anonymous_30)
FNDA:0,(anonymous_33)
FNDA:0,(anonymous_38)
FNDA:0,(anonymous_41)
FNDA:0,(anonymous_45)
FNDA:0,(anonymous_46)
FNDA:0,(anonymous_47)
FNDA:0,(anonymous_48)
FNDA:0,(anonymous_51)
FNDA:0,(anonymous_52)
FNDA:0,(anonymous_54)
FNDA:0,(anonymous_59)
FNDA:0,(anonymous_62)
FNDA:0,(anonymous_63)
FNDA:0,(anonymous_64)
FNDA:0,(anonymous_65)
FNDA:0,(anonymous_66)
FNDA:0,(anonymous_70)
FNDA:0,(anonymous_71)
FNDA:0,(anonymous_72)
DA:10,0
DA:11,0
DA:13,0
DA:14,0
DA:16,0
DA:17,0
DA:18,0
DA:20,0
DA:21,0
DA:22,0
DA:24,0
DA:25,0
DA:26,0
DA:28,0
DA:30,0
DA:31,0
DA:32,0
DA:36,0
DA:37,0
DA:38,0
DA:41,0
DA:42,0
DA:43,0
DA:44,0
DA:46,0
DA:47,0
DA:48,0
DA:50,0
DA:53,0
DA:56,0
DA:57,0
DA:59,0
DA:64,0
DA:68,0
DA:69,0
DA:70,0
DA:72,0
DA:76,0
DA:80,0
DA:81,0
DA:82,0
DA:83,0
DA:84,0
DA:85,0
DA:86,0
DA:87,0
DA:88,0
DA:89,0
DA:91,0
DA:92,0
DA:97,0
DA:98,0
DA:99,0
DA:101,0
DA:109,0
DA:110,0
DA:111,0
DA:112,0
DA:113,0
DA:114,0
DA:115,0
DA:118,0
DA:119,0
DA:120,0
DA:122,0
DA:123,0
DA:128,0
DA:129,0
DA:130,0
DA:133,0
DA:134,0
DA:135,0
DA:136,0
DA:140,0
DA:141,0
DA:142,0
DA:145,0
DA:146,0
DA:148,0
DA:149,0
DA:150,0
DA:152,0
DA:153,0
DA:155,0
DA:156,0
DA:157,0
DA:159,0
DA:162,0
DA:163,0
DA:164,0
DA:167,0
DA:177,0
DA:182,0
DA:187,0
DA:190,0
DA:193,0
DA:195,0
DA:202,0
DA:204,0
DA:205,0
DA:207,0
DA:208,0
DA:213,0
DA:217,0
DA:222,0
DA:223,0
DA:224,0
DA:225,0
LF:108
LH:0
BRDA:36,0,0,0
BRDA:36,0,1,0
BRDA:36,1,0,0
BRDA:36,1,1,0
BRDA:46,2,0,0
BRDA:46,2,1,0
BRDA:47,3,0,0
BRDA:47,3,1,0
BRDA:69,4,0,0
BRDA:69,4,1,0
BRDA:72,5,0,0
BRDA:72,5,1,0
BRDA:72,6,0,0
BRDA:72,6,1,0
BRDA:72,7,0,0
BRDA:72,7,1,0
BRDA:76,8,0,0
BRDA:76,8,1,0
BRDA:76,9,0,0
BRDA:76,9,1,0
BRDA:81,10,0,0
BRDA:81,10,1,0
BRDA:84,11,0,0
BRDA:84,11,1,0
BRDA:87,12,0,0
BRDA:87,12,1,0
BRDA:87,13,0,0
BRDA:87,13,1,0
BRDA:97,14,0,0
BRDA:97,14,1,0
BRDA:97,15,0,0
BRDA:97,15,1,0
BRDA:98,16,0,0
BRDA:98,16,1,0
BRDA:99,17,0,0
BRDA:99,17,1,0
BRDA:106,18,0,0
BRDA:106,18,1,0
BRDA:106,19,0,0
BRDA:106,19,1,0
BRDA:109,20,0,0
BRDA:109,20,1,0
BRDA:114,21,0,0
BRDA:114,21,1,0
BRDA:122,22,0,0
BRDA:122,22,1,0
BRDA:128,23,0,0
BRDA:128,23,1,0
BRDA:128,23,2,0
BRDA:129,24,0,0
BRDA:129,24,1,0
BRDA:129,24,2,0
BRDA:135,25,0,0
BRDA:135,25,1,0
BRDA:24,26,0,0
BRDA:24,26,1,0
BRDA:25,27,0,0
BRDA:25,27,1,0
BRDA:28,28,0,0
BRDA:28,28,1,0
BRDA:30,29,0,0
BRDA:30,29,1,0
BRDA:30,30,0,0
BRDA:30,30,1,0
BRDA:32,31,0,0
BRDA:32,31,1,0
BRDA:141,32,0,0
BRDA:141,32,1,0
BRDA:145,33,0,0
BRDA:145,33,1,0
BRDA:162,34,0,0
BRDA:162,34,1,0
BRDA:163,35,0,0
BRDA:163,35,1,0
BRDA:164,36,0,0
BRDA:164,36,1,0
BRDA:167,37,0,0
BRDA:167,37,1,0
BRDA:159,38,0,0
BRDA:159,38,1,0
BRDA:155,39,0,0
BRDA:155,39,1,0
BRDA:155,40,0,0
BRDA:155,40,1,0
BRDA:193,41,0,0
BRDA:193,41,1,0
BRDA:207,42,0,0
BRDA:207,42,1,0
BRDA:195,43,0,0
BRDA:195,43,1,0
BRDA:190,44,0,0
BRDA:190,44,1,0
BRDA:225,45,0,0
BRDA:225,45,1,0
BRDA:224,46,0,0
BRDA:224,46,1,0
BRDA:224,47,0,0
BRDA:224,47,1,0
BRDA:150,48,0,0
BRDA:150,48,1,0
BRDA:148,49,0,0
BRDA:148,49,1,0
BRDA:146,50,0,0
BRDA:146,50,1,0
BRDA:140,51,0,0
BRDA:140,51,1,0
BRDA:140,52,0,0
BRDA:140,52,1,0
BRF:108
BRH:0
end_of_record
TN:
SF:src\routes\payment\pay\-guard.ts
FN:5,(anonymous_0)
FNF:1
FNH:0
FNDA:0,(anonymous_0)
DA:5,0
DA:6,0
DA:7,0
LF:3
LH:0
BRF:0
BRH:0
end_of_record
TN:
SF:src\routes\payment\success\+page.svelte
FN:10,(anonymous_1)
FN:11,(anonymous_2)
FN:14,(anonymous_3)
FN:28,(anonymous_4)
FNF:4
FNH:0
FNDA:0,(anonymous_1)
FNDA:0,(anonymous_2)
FNDA:0,(anonymous_3)
FNDA:0,(anonymous_4)
DA:7,0
DA:8,0
DA:10,0
DA:11,0
DA:12,0
DA:14,0
DA:15,0
DA:16,0
DA:17,0
DA:19,0
DA:22,0
DA:23,0
DA:24,0
DA:25,0
DA:28,0
LF:15
LH:0
BRDA:15,0,0,0
BRDA:15,0,1,0
BRF:2
BRH:0
end_of_record
TN:
SF:src\routes\payment\success\+page.ts
FN:3,(anonymous_0)
FNF:1
FNH:0
FNDA:0,(anonymous_0)
DA:3,0
DA:4,0
LF:2
LH:0
BRF:0
BRH:0
end_of_record
TN:
SF:src\routes\restaurants\+page.svelte
FN:10,loadRestaurants
FN:19,(anonymous_2)
FN:23,goToMenu
FN:31,(anonymous_5)
FN:36,(anonymous_9)
FN:38,(anonymous_11)
FN:39,(anonymous_12)
FNF:7
FNH:7
FNDA:5,loadRestaurants
FNDA:5,(anonymous_2)
FNDA:1,goToMenu
FNDA:1,(anonymous_5)
FNDA:2,(anonymous_9)
FNDA:4,(anonymous_11)
FNDA:1,(anonymous_12)
DA:7,5
DA:8,5
DA:11,5
DA:12,5
DA:13,4
DA:15,1
DA:19,5
DA:20,5
DA:24,1
DA:30,6
DA:31,2
DA:32,9
DA:36,2
DA:38,8
DA:39,5
LF:15
LH:15
BRDA:32,0,0,7
BRDA:32,0,1,2
BRDA:30,1,0,1
BRDA:30,1,1,5
BRF:4
BRH:4
end_of_record
TN:
SF:src\routes\scan\+page.server.ts
FN:5,(anonymous_0)
FNF:1
FNH:0
FNDA:0,(anonymous_0)
DA:5,0
DA:6,0
DA:8,0
DA:9,0
DA:10,0
DA:13,0
DA:14,0
DA:15,0
DA:17,0
DA:19,0
DA:20,0
LF:11
LH:0
BRDA:8,0,0,0
BRDA:8,0,1,0
BRDA:8,1,0,0
BRDA:8,1,1,0
BRDA:15,2,0,0
BRDA:15,2,1,0
BRDA:17,3,0,0
BRDA:17,3,1,0
BRDA:20,4,0,0
BRDA:20,4,1,0
BRF:10
BRH:0
end_of_record
TN:
SF:src\routes\scan\+page.svelte
FN:10,(anonymous_1)
FNF:1
FNH:1
FNDA:4,(anonymous_1)
DA:6,4
DA:8,4
DA:10,4
DA:11,4
DA:12,2
DA:17,4
DA:18,1
DA:19,3
LF:8
LH:8
BRDA:11,0,0,2
BRDA:11,0,1,2
BRDA:19,1,0,1
BRDA:19,1,1,2
BRDA:17,2,0,1
BRDA:17,2,1,3
BRF:6
BRH:6
end_of_record
