{"C:\\Users\\34638\\OneDrive - Universidad Politécnica de Madrid\\Documentos\\QlickPay\\backend\\src\\app.js": {"path":"C:\\Users\\34638\\OneDrive - Universidad Politécnica de Madrid\\Documentos\\QlickPay\\backend\\src\\app.js","statementMap":{"0":{"start":{"line":1,"column":16},"end":{"line":1,"column":34}},"1":{"start":{"line":2,"column":13},"end":{"line":2,"column":28}},"2":{"start":{"line":3,"column":15},"end":{"line":3,"column":32}},"3":{"start":{"line":4,"column":21},"end":{"line":4,"column":45}},"4":{"start":{"line":5,"column":0},"end":{"line":5,"column":27}},"5":{"start":{"line":7,"column":21},"end":{"line":7,"column":54}},"6":{"start":{"line":8,"column":19},"end":{"line":8,"column":50}},"7":{"start":{"line":9,"column":17},"end":{"line":9,"column":46}},"8":{"start":{"line":10,"column":20},"end":{"line":10,"column":52}},"9":{"start":{"line":11,"column":25},"end":{"line":11,"column":62}},"10":{"start":{"line":12,"column":19},"end":{"line":12,"column":50}},"11":{"start":{"line":13,"column":21},"end":{"line":13,"column":57}},"12":{"start":{"line":14,"column":22},"end":{"line":14,"column":60}},"13":{"start":{"line":16,"column":12},"end":{"line":16,"column":21}},"14":{"start":{"line":18,"column":23},"end":{"line":18,"column":68}},"15":{"start":{"line":19,"column":20},"end":{"line":30,"column":3}},"16":{"start":{"line":21,"column":6},"end":{"line":25,"column":7}},"17":{"start":{"line":22,"column":8},"end":{"line":22,"column":29}},"18":{"start":{"line":24,"column":8},"end":{"line":24,"column":55}},"19":{"start":{"line":32,"column":0},"end":{"line":32,"column":24}},"20":{"start":{"line":33,"column":0},"end":{"line":33,"column":27}},"21":{"start":{"line":34,"column":0},"end":{"line":34,"column":24}},"22":{"start":{"line":35,"column":0},"end":{"line":35,"column":23}},"23":{"start":{"line":38,"column":0},"end":{"line":38,"column":41}},"24":{"start":{"line":40,"column":0},"end":{"line":40,"column":33}},"25":{"start":{"line":41,"column":0},"end":{"line":41,"column":29}},"26":{"start":{"line":42,"column":0},"end":{"line":42,"column":35}},"27":{"start":{"line":43,"column":0},"end":{"line":43,"column":45}},"28":{"start":{"line":44,"column":0},"end":{"line":44,"column":36}},"29":{"start":{"line":45,"column":0},"end":{"line":45,"column":37}},"30":{"start":{"line":46,"column":0},"end":{"line":46,"column":33}},"31":{"start":{"line":47,"column":0},"end":{"line":47,"column":39}},"32":{"start":{"line":49,"column":0},"end":{"line":52,"column":3}},"33":{"start":{"line":50,"column":4},"end":{"line":50,"column":49}},"34":{"start":{"line":51,"column":4},"end":{"line":51,"column":70}},"35":{"start":{"line":54,"column":0},"end":{"line":54,"column":21}}},"fnMap":{"0":{"name":"(anonymous_0)","decl":{"start":{"line":20,"column":12},"end":{"line":20,"column":13}},"loc":{"start":{"line":20,"column":34},"end":{"line":26,"column":5}},"line":20},"1":{"name":"(anonymous_1)","decl":{"start":{"line":49,"column":8},"end":{"line":49,"column":9}},"loc":{"start":{"line":49,"column":33},"end":{"line":52,"column":1}},"line":49}},"branchMap":{"0":{"loc":{"start":{"line":18,"column":23},"end":{"line":18,"column":68}},"type":"binary-expr","locations":[{"start":{"line":18,"column":23},"end":{"line":18,"column":62}},{"start":{"line":18,"column":66},"end":{"line":18,"column":68}}],"line":18},"1":{"loc":{"start":{"line":21,"column":6},"end":{"line":25,"column":7}},"type":"if","locations":[{"start":{"line":21,"column":6},"end":{"line":25,"column":7}},{"start":{"line":23,"column":13},"end":{"line":25,"column":7}}],"line":21},"2":{"loc":{"start":{"line":21,"column":10},"end":{"line":21,"column":52}},"type":"binary-expr","locations":[{"start":{"line":21,"column":10},"end":{"line":21,"column":17}},{"start":{"line":21,"column":21},"end":{"line":21,"column":52}}],"line":21}},"s":{"0":1,"1":1,"2":1,"3":1,"4":1,"5":1,"6":1,"7":1,"8":1,"9":1,"10":1,"11":1,"12":1,"13":1,"14":1,"15":1,"16":0,"17":0,"18":0,"19":1,"20":1,"21":1,"22":1,"23":1,"24":1,"25":1,"26":1,"27":1,"28":1,"29":1,"30":1,"31":1,"32":1,"33":0,"34":0,"35":1},"f":{"0":0,"1":0},"b":{"0":[1,0],"1":[0,0],"2":[0,0]},"_coverageSchema":"1a1c01bbd47fc00a2c39e90264f33305004495a9","hash":"ff0a8a297b424d838fd9a3e408bbb35a6965090e"}
,"C:\\Users\\34638\\OneDrive - Universidad Politécnica de Madrid\\Documentos\\QlickPay\\backend\\src\\server.js": {"path":"C:\\Users\\34638\\OneDrive - Universidad Politécnica de Madrid\\Documentos\\QlickPay\\backend\\src\\server.js","statementMap":{"0":{"start":{"line":1,"column":12},"end":{"line":1,"column":28}},"1":{"start":{"line":2,"column":13},"end":{"line":2,"column":28}},"2":{"start":{"line":3,"column":26},"end":{"line":3,"column":59}},"3":{"start":{"line":4,"column":0},"end":{"line":4,"column":27}},"4":{"start":{"line":6,"column":17},"end":{"line":6,"column":33}},"5":{"start":{"line":7,"column":16},"end":{"line":7,"column":35}},"6":{"start":{"line":9,"column":0},"end":{"line":11,"column":3}},"7":{"start":{"line":10,"column":1},"end":{"line":10,"column":42}},"8":{"start":{"line":13,"column":0},"end":{"line":15,"column":3}},"9":{"start":{"line":14,"column":1},"end":{"line":14,"column":47}},"10":{"start":{"line":17,"column":15},"end":{"line":17,"column":37}},"11":{"start":{"line":19,"column":0},"end":{"line":23,"column":3}},"12":{"start":{"line":20,"column":4},"end":{"line":20,"column":75}},"13":{"start":{"line":22,"column":4},"end":{"line":22,"column":60}},"14":{"start":{"line":26,"column":17},"end":{"line":26,"column":36}},"15":{"start":{"line":27,"column":0},"end":{"line":27,"column":43}},"16":{"start":{"line":29,"column":0},"end":{"line":33,"column":3}},"17":{"start":{"line":30,"column":4},"end":{"line":30,"column":59}},"18":{"start":{"line":32,"column":4},"end":{"line":32,"column":54}}},"fnMap":{"0":{"name":"(anonymous_0)","decl":{"start":{"line":9,"column":33},"end":{"line":9,"column":34}},"loc":{"start":{"line":9,"column":42},"end":{"line":11,"column":1}},"line":9},"1":{"name":"(anonymous_1)","decl":{"start":{"line":13,"column":32},"end":{"line":13,"column":33}},"loc":{"start":{"line":13,"column":41},"end":{"line":15,"column":1}},"line":13},"2":{"name":"(anonymous_2)","decl":{"start":{"line":19,"column":35},"end":{"line":19,"column":36}},"loc":{"start":{"line":19,"column":41},"end":{"line":21,"column":1}},"line":19},"3":{"name":"(anonymous_3)","decl":{"start":{"line":21,"column":15},"end":{"line":21,"column":16}},"loc":{"start":{"line":21,"column":24},"end":{"line":23,"column":1}},"line":21},"4":{"name":"(anonymous_4)","decl":{"start":{"line":29,"column":36},"end":{"line":29,"column":37}},"loc":{"start":{"line":29,"column":42},"end":{"line":31,"column":1}},"line":29},"5":{"name":"(anonymous_5)","decl":{"start":{"line":31,"column":15},"end":{"line":31,"column":16}},"loc":{"start":{"line":31,"column":24},"end":{"line":33,"column":1}},"line":31}},"branchMap":{},"s":{"0":1,"1":1,"2":1,"3":1,"4":1,"5":1,"6":1,"7":0,"8":1,"9":0,"10":1,"11":1,"12":0,"13":0,"14":1,"15":1,"16":1,"17":0,"18":0},"f":{"0":0,"1":0,"2":0,"3":0,"4":0,"5":0},"b":{},"_coverageSchema":"1a1c01bbd47fc00a2c39e90264f33305004495a9","hash":"7d9adf75ccc0cd940337777a22b3f6f6d829e258"}
,"C:\\Users\\34638\\OneDrive - Universidad Politécnica de Madrid\\Documentos\\QlickPay\\backend\\src\\controllers\\admin.controller.js": {"path":"C:\\Users\\34638\\OneDrive - Universidad Politécnica de Madrid\\Documentos\\QlickPay\\backend\\src\\controllers\\admin.controller.js","statementMap":{"0":{"start":{"line":1,"column":15},"end":{"line":1,"column":34}},"1":{"start":{"line":2,"column":106},"end":{"line":2,"column":138}},"2":{"start":{"line":4,"column":22},"end":{"line":24,"column":1}},"3":{"start":{"line":5,"column":73},"end":{"line":5,"column":81}},"4":{"start":{"line":7,"column":4},"end":{"line":7,"column":129}},"5":{"start":{"line":7,"column":26},"end":{"line":7,"column":129}},"6":{"start":{"line":9,"column":4},"end":{"line":23,"column":5}},"7":{"start":{"line":10,"column":8},"end":{"line":10,"column":132}},"8":{"start":{"line":10,"column":42},"end":{"line":10,"column":132}},"9":{"start":{"line":11,"column":8},"end":{"line":11,"column":152}},"10":{"start":{"line":11,"column":57},"end":{"line":11,"column":152}},"11":{"start":{"line":13,"column":30},"end":{"line":13,"column":61}},"12":{"start":{"line":14,"column":31},"end":{"line":14,"column":93}},"13":{"start":{"line":15,"column":37},"end":{"line":15,"column":94}},"14":{"start":{"line":17,"column":8},"end":{"line":17,"column":60}},"15":{"start":{"line":19,"column":8},"end":{"line":19,"column":121}},"16":{"start":{"line":21,"column":8},"end":{"line":21,"column":58}},"17":{"start":{"line":22,"column":8},"end":{"line":22,"column":83}},"18":{"start":{"line":26,"column":0},"end":{"line":26,"column":35}}},"fnMap":{"0":{"name":"(anonymous_0)","decl":{"start":{"line":4,"column":22},"end":{"line":4,"column":23}},"loc":{"start":{"line":4,"column":42},"end":{"line":24,"column":1}},"line":4}},"branchMap":{"0":{"loc":{"start":{"line":7,"column":4},"end":{"line":7,"column":129}},"type":"if","locations":[{"start":{"line":7,"column":4},"end":{"line":7,"column":129}},{"start":{},"end":{}}],"line":7},"1":{"loc":{"start":{"line":10,"column":8},"end":{"line":10,"column":132}},"type":"if","locations":[{"start":{"line":10,"column":8},"end":{"line":10,"column":132}},{"start":{},"end":{}}],"line":10},"2":{"loc":{"start":{"line":11,"column":8},"end":{"line":11,"column":152}},"type":"if","locations":[{"start":{"line":11,"column":8},"end":{"line":11,"column":152}},{"start":{},"end":{}}],"line":11}},"s":{"0":2,"1":2,"2":2,"3":5,"4":5,"5":1,"6":4,"7":4,"8":1,"9":2,"10":1,"11":1,"12":1,"13":1,"14":1,"15":1,"16":1,"17":1,"18":2},"f":{"0":5},"b":{"0":[1,4],"1":[1,2],"2":[1,1]},"_coverageSchema":"1a1c01bbd47fc00a2c39e90264f33305004495a9","hash":"04255bd21a8533588d5150d8247e428de56c5f34"}
,"C:\\Users\\34638\\OneDrive - Universidad Politécnica de Madrid\\Documentos\\QlickPay\\backend\\src\\controllers\\auth.controller.js": {"path":"C:\\Users\\34638\\OneDrive - Universidad Politécnica de Madrid\\Documentos\\QlickPay\\backend\\src\\controllers\\auth.controller.js","statementMap":{"0":{"start":{"line":1,"column":15},"end":{"line":1,"column":34}},"1":{"start":{"line":2,"column":12},"end":{"line":2,"column":35}},"2":{"start":{"line":4,"column":63},"end":{"line":4,"column":94}},"3":{"start":{"line":5,"column":27},"end":{"line":5,"column":59}},"4":{"start":{"line":7,"column":17},"end":{"line":17,"column":1}},"5":{"start":{"line":8,"column":49},"end":{"line":8,"column":57}},"6":{"start":{"line":9,"column":27},"end":{"line":9,"column":58}},"7":{"start":{"line":11,"column":4},"end":{"line":16,"column":5}},"8":{"start":{"line":12,"column":8},"end":{"line":12,"column":84}},"9":{"start":{"line":13,"column":8},"end":{"line":13,"column":100}},"10":{"start":{"line":15,"column":8},"end":{"line":15,"column":70}},"11":{"start":{"line":19,"column":14},"end":{"line":40,"column":1}},"12":{"start":{"line":20,"column":32},"end":{"line":20,"column":40}},"13":{"start":{"line":21,"column":23},"end":{"line":21,"column":27}},"14":{"start":{"line":23,"column":4},"end":{"line":23,"column":92}},"15":{"start":{"line":23,"column":29},"end":{"line":23,"column":92}},"16":{"start":{"line":25,"column":4},"end":{"line":39,"column":5}},"17":{"start":{"line":26,"column":21},"end":{"line":26,"column":49}},"18":{"start":{"line":28,"column":8},"end":{"line":28,"column":141}},"19":{"start":{"line":28,"column":76},"end":{"line":28,"column":141}},"20":{"start":{"line":29,"column":8},"end":{"line":29,"column":116}},"21":{"start":{"line":29,"column":61},"end":{"line":29,"column":116}},"22":{"start":{"line":31,"column":22},"end":{"line":31,"column":145}},"23":{"start":{"line":32,"column":30},"end":{"line":32,"column":148}},"24":{"start":{"line":34,"column":8},"end":{"line":34,"column":49}},"25":{"start":{"line":35,"column":8},"end":{"line":35,"column":60}},"26":{"start":{"line":37,"column":8},"end":{"line":37,"column":50}},"27":{"start":{"line":38,"column":8},"end":{"line":38,"column":65}},"28":{"start":{"line":42,"column":16},"end":{"line":44,"column":1}},"29":{"start":{"line":43,"column":4},"end":{"line":43,"column":65}},"30":{"start":{"line":46,"column":15},"end":{"line":51,"column":1}},"31":{"start":{"line":47,"column":26},"end":{"line":47,"column":86}},"32":{"start":{"line":49,"column":4},"end":{"line":49,"column":43}},"33":{"start":{"line":50,"column":4},"end":{"line":50,"column":32}},"34":{"start":{"line":53,"column":29},"end":{"line":71,"column":3}},"35":{"start":{"line":54,"column":38},"end":{"line":54,"column":47}},"36":{"start":{"line":56,"column":4},"end":{"line":56,"column":105}},"37":{"start":{"line":56,"column":35},"end":{"line":56,"column":105}},"38":{"start":{"line":58,"column":4},"end":{"line":70,"column":5}},"39":{"start":{"line":59,"column":21},"end":{"line":59,"column":67}},"40":{"start":{"line":61,"column":6},"end":{"line":61,"column":81}},"41":{"start":{"line":61,"column":19},"end":{"line":61,"column":81}},"42":{"start":{"line":63,"column":52},"end":{"line":63,"column":58}},"43":{"start":{"line":64,"column":6},"end":{"line":64,"column":141}},"44":{"start":{"line":64,"column":71},"end":{"line":64,"column":141}},"45":{"start":{"line":66,"column":6},"end":{"line":66,"column":48}},"46":{"start":{"line":68,"column":6},"end":{"line":68,"column":64}},"47":{"start":{"line":69,"column":6},"end":{"line":69,"column":76}},"48":{"start":{"line":73,"column":0},"end":{"line":73,"column":75}}},"fnMap":{"0":{"name":"(anonymous_0)","decl":{"start":{"line":7,"column":17},"end":{"line":7,"column":18}},"loc":{"start":{"line":7,"column":37},"end":{"line":17,"column":1}},"line":7},"1":{"name":"(anonymous_1)","decl":{"start":{"line":19,"column":14},"end":{"line":19,"column":15}},"loc":{"start":{"line":19,"column":34},"end":{"line":40,"column":1}},"line":19},"2":{"name":"(anonymous_2)","decl":{"start":{"line":42,"column":16},"end":{"line":42,"column":17}},"loc":{"start":{"line":42,"column":30},"end":{"line":44,"column":1}},"line":42},"3":{"name":"(anonymous_3)","decl":{"start":{"line":46,"column":15},"end":{"line":46,"column":16}},"loc":{"start":{"line":46,"column":29},"end":{"line":51,"column":1}},"line":46},"4":{"name":"(anonymous_4)","decl":{"start":{"line":53,"column":29},"end":{"line":53,"column":30}},"loc":{"start":{"line":53,"column":49},"end":{"line":71,"column":3}},"line":53}},"branchMap":{"0":{"loc":{"start":{"line":23,"column":4},"end":{"line":23,"column":92}},"type":"if","locations":[{"start":{"line":23,"column":4},"end":{"line":23,"column":92}},{"start":{},"end":{}}],"line":23},"1":{"loc":{"start":{"line":23,"column":8},"end":{"line":23,"column":27}},"type":"binary-expr","locations":[{"start":{"line":23,"column":8},"end":{"line":23,"column":14}},{"start":{"line":23,"column":18},"end":{"line":23,"column":27}}],"line":23},"2":{"loc":{"start":{"line":28,"column":8},"end":{"line":28,"column":141}},"type":"if","locations":[{"start":{"line":28,"column":8},"end":{"line":28,"column":141}},{"start":{},"end":{}}],"line":28},"3":{"loc":{"start":{"line":28,"column":12},"end":{"line":28,"column":74}},"type":"binary-expr","locations":[{"start":{"line":28,"column":12},"end":{"line":28,"column":17}},{"start":{"line":28,"column":21},"end":{"line":28,"column":74}}],"line":28},"4":{"loc":{"start":{"line":29,"column":8},"end":{"line":29,"column":116}},"type":"if","locations":[{"start":{"line":29,"column":8},"end":{"line":29,"column":116}},{"start":{},"end":{}}],"line":29},"5":{"loc":{"start":{"line":29,"column":12},"end":{"line":29,"column":59}},"type":"binary-expr","locations":[{"start":{"line":29,"column":12},"end":{"line":29,"column":33}},{"start":{"line":29,"column":37},"end":{"line":29,"column":59}}],"line":29},"6":{"loc":{"start":{"line":43,"column":24},"end":{"line":43,"column":61}},"type":"binary-expr","locations":[{"start":{"line":43,"column":24},"end":{"line":43,"column":35}},{"start":{"line":43,"column":39},"end":{"line":43,"column":61}}],"line":43},"7":{"loc":{"start":{"line":56,"column":4},"end":{"line":56,"column":105}},"type":"if","locations":[{"start":{"line":56,"column":4},"end":{"line":56,"column":105}},{"start":{},"end":{}}],"line":56},"8":{"loc":{"start":{"line":56,"column":8},"end":{"line":56,"column":33}},"type":"binary-expr","locations":[{"start":{"line":56,"column":8},"end":{"line":56,"column":21}},{"start":{"line":56,"column":25},"end":{"line":56,"column":33}}],"line":56},"9":{"loc":{"start":{"line":61,"column":6},"end":{"line":61,"column":81}},"type":"if","locations":[{"start":{"line":61,"column":6},"end":{"line":61,"column":81}},{"start":{},"end":{}}],"line":61},"10":{"loc":{"start":{"line":64,"column":6},"end":{"line":64,"column":141}},"type":"if","locations":[{"start":{"line":64,"column":6},"end":{"line":64,"column":141}},{"start":{},"end":{}}],"line":64},"11":{"loc":{"start":{"line":64,"column":10},"end":{"line":64,"column":69}},"type":"binary-expr","locations":[{"start":{"line":64,"column":10},"end":{"line":64,"column":24}},{"start":{"line":64,"column":28},"end":{"line":64,"column":69}}],"line":64}},"s":{"0":2,"1":2,"2":2,"3":2,"4":2,"5":2,"6":2,"7":2,"8":2,"9":1,"10":1,"11":2,"12":5,"13":5,"14":5,"15":1,"16":4,"17":4,"18":3,"19":2,"20":1,"21":0,"22":1,"23":1,"24":1,"25":1,"26":1,"27":1,"28":2,"29":1,"30":2,"31":1,"32":1,"33":1,"34":2,"35":5,"36":5,"37":1,"38":4,"39":4,"40":3,"41":1,"42":2,"43":2,"44":1,"45":1,"46":1,"47":1,"48":2},"f":{"0":2,"1":5,"2":1,"3":1,"4":5},"b":{"0":[1,4],"1":[5,4],"2":[2,1],"3":[3,2],"4":[0,1],"5":[1,1],"6":[1,0],"7":[1,4],"8":[5,4],"9":[1,2],"10":[1,1],"11":[2,1]},"_coverageSchema":"1a1c01bbd47fc00a2c39e90264f33305004495a9","hash":"6b175107a02cb8bf7afb10be569e7f241e857e38"}
,"C:\\Users\\34638\\OneDrive - Universidad Politécnica de Madrid\\Documentos\\QlickPay\\backend\\src\\controllers\\menu.controller.js": {"path":"C:\\Users\\34638\\OneDrive - Universidad Politécnica de Madrid\\Documentos\\QlickPay\\backend\\src\\controllers\\menu.controller.js","statementMap":{"0":{"start":{"line":1,"column":65},"end":{"line":1,"column":96}},"1":{"start":{"line":3,"column":28},"end":{"line":18,"column":1}},"2":{"start":{"line":4,"column":29},"end":{"line":4,"column":39}},"3":{"start":{"line":6,"column":4},"end":{"line":6,"column":112}},"4":{"start":{"line":6,"column":23},"end":{"line":6,"column":112}},"5":{"start":{"line":8,"column":4},"end":{"line":17,"column":5}},"6":{"start":{"line":9,"column":26},"end":{"line":9,"column":66}},"7":{"start":{"line":11,"column":8},"end":{"line":11,"column":141}},"8":{"start":{"line":11,"column":36},"end":{"line":11,"column":141}},"9":{"start":{"line":13,"column":8},"end":{"line":13,"column":47}},"10":{"start":{"line":15,"column":8},"end":{"line":15,"column":58}},"11":{"start":{"line":16,"column":8},"end":{"line":16,"column":87}},"12":{"start":{"line":20,"column":20},"end":{"line":36,"column":1}},"13":{"start":{"line":21,"column":65},"end":{"line":21,"column":73}},"14":{"start":{"line":23,"column":4},"end":{"line":23,"column":166}},"15":{"start":{"line":23,"column":71},"end":{"line":23,"column":166}},"16":{"start":{"line":25,"column":24},"end":{"line":25,"column":41}},"17":{"start":{"line":26,"column":4},"end":{"line":26,"column":125}},"18":{"start":{"line":26,"column":28},"end":{"line":26,"column":125}},"19":{"start":{"line":28,"column":4},"end":{"line":35,"column":5}},"20":{"start":{"line":29,"column":8},"end":{"line":29,"column":96}},"21":{"start":{"line":31,"column":8},"end":{"line":31,"column":81}},"22":{"start":{"line":33,"column":8},"end":{"line":33,"column":59}},"23":{"start":{"line":34,"column":8},"end":{"line":34,"column":88}},"24":{"start":{"line":38,"column":23},"end":{"line":48,"column":1}},"25":{"start":{"line":39,"column":23},"end":{"line":39,"column":33}},"26":{"start":{"line":41,"column":4},"end":{"line":47,"column":5}},"27":{"start":{"line":42,"column":8},"end":{"line":42,"column":37}},"28":{"start":{"line":43,"column":8},"end":{"line":43,"column":82}},"29":{"start":{"line":45,"column":8},"end":{"line":45,"column":60}},"30":{"start":{"line":46,"column":8},"end":{"line":46,"column":89}},"31":{"start":{"line":50,"column":0},"end":{"line":50,"column":70}}},"fnMap":{"0":{"name":"(anonymous_0)","decl":{"start":{"line":3,"column":28},"end":{"line":3,"column":29}},"loc":{"start":{"line":3,"column":48},"end":{"line":18,"column":1}},"line":3},"1":{"name":"(anonymous_1)","decl":{"start":{"line":20,"column":20},"end":{"line":20,"column":21}},"loc":{"start":{"line":20,"column":40},"end":{"line":36,"column":1}},"line":20},"2":{"name":"(anonymous_2)","decl":{"start":{"line":38,"column":23},"end":{"line":38,"column":24}},"loc":{"start":{"line":38,"column":43},"end":{"line":48,"column":1}},"line":38}},"branchMap":{"0":{"loc":{"start":{"line":6,"column":4},"end":{"line":6,"column":112}},"type":"if","locations":[{"start":{"line":6,"column":4},"end":{"line":6,"column":112}},{"start":{},"end":{}}],"line":6},"1":{"loc":{"start":{"line":11,"column":8},"end":{"line":11,"column":141}},"type":"if","locations":[{"start":{"line":11,"column":8},"end":{"line":11,"column":141}},{"start":{},"end":{}}],"line":11},"2":{"loc":{"start":{"line":23,"column":4},"end":{"line":23,"column":166}},"type":"if","locations":[{"start":{"line":23,"column":4},"end":{"line":23,"column":166}},{"start":{},"end":{}}],"line":23},"3":{"loc":{"start":{"line":23,"column":8},"end":{"line":23,"column":69}},"type":"binary-expr","locations":[{"start":{"line":23,"column":8},"end":{"line":23,"column":21}},{"start":{"line":23,"column":25},"end":{"line":23,"column":30}},{"start":{"line":23,"column":34},"end":{"line":23,"column":46}},{"start":{"line":23,"column":50},"end":{"line":23,"column":56}},{"start":{"line":23,"column":60},"end":{"line":23,"column":69}}],"line":23},"4":{"loc":{"start":{"line":26,"column":4},"end":{"line":26,"column":125}},"type":"if","locations":[{"start":{"line":26,"column":4},"end":{"line":26,"column":125}},{"start":{},"end":{}}],"line":26}},"s":{"0":2,"1":2,"2":3,"3":3,"4":0,"5":3,"6":3,"7":2,"8":1,"9":1,"10":1,"11":1,"12":2,"13":4,"14":4,"15":1,"16":3,"17":3,"18":1,"19":2,"20":2,"21":1,"22":1,"23":1,"24":2,"25":2,"26":2,"27":2,"28":1,"29":1,"30":1,"31":2},"f":{"0":3,"1":4,"2":2},"b":{"0":[0,3],"1":[1,1],"2":[1,3],"3":[4,3,3,3,3],"4":[1,2]},"_coverageSchema":"1a1c01bbd47fc00a2c39e90264f33305004495a9","hash":"ed6b2bc9e594e2f45267cd0f90b7b1afd222fa93"}
,"C:\\Users\\34638\\OneDrive - Universidad Politécnica de Madrid\\Documentos\\QlickPay\\backend\\src\\controllers\\orders.controller.js": {"path":"C:\\Users\\34638\\OneDrive - Universidad Politécnica de Madrid\\Documentos\\QlickPay\\backend\\src\\controllers\\orders.controller.js","statementMap":{"0":{"start":{"line":1,"column":17},"end":{"line":1,"column":30}},"1":{"start":{"line":2,"column":13},"end":{"line":2,"column":69}},"2":{"start":{"line":4,"column":103},"end":{"line":4,"column":136}},"3":{"start":{"line":6,"column":19},"end":{"line":56,"column":1}},"4":{"start":{"line":7,"column":53},"end":{"line":7,"column":61}},"5":{"start":{"line":8,"column":20},"end":{"line":8,"column":28}},"6":{"start":{"line":9,"column":29},"end":{"line":9,"column":31}},"7":{"start":{"line":11,"column":21},"end":{"line":11,"column":22}},"8":{"start":{"line":13,"column":4},"end":{"line":13,"column":140}},"9":{"start":{"line":13,"column":51},"end":{"line":13,"column":140}},"10":{"start":{"line":15,"column":4},"end":{"line":55,"column":5}},"11":{"start":{"line":16,"column":30},"end":{"line":16,"column":65}},"12":{"start":{"line":18,"column":8},"end":{"line":18,"column":108}},"13":{"start":{"line":18,"column":28},"end":{"line":18,"column":108}},"14":{"start":{"line":20,"column":8},"end":{"line":36,"column":9}},"15":{"start":{"line":21,"column":29},"end":{"line":21,"column":67}},"16":{"start":{"line":23,"column":12},"end":{"line":26,"column":13}},"17":{"start":{"line":24,"column":16},"end":{"line":24,"column":73}},"18":{"start":{"line":25,"column":16},"end":{"line":25,"column":25}},"19":{"start":{"line":28,"column":12},"end":{"line":31,"column":13}},"20":{"start":{"line":29,"column":16},"end":{"line":29,"column":103}},"21":{"start":{"line":30,"column":16},"end":{"line":30,"column":25}},"22":{"start":{"line":33,"column":29},"end":{"line":33,"column":71}},"23":{"start":{"line":34,"column":12},"end":{"line":34,"column":35}},"24":{"start":{"line":35,"column":12},"end":{"line":35,"column":89}},"25":{"start":{"line":38,"column":8},"end":{"line":38,"column":144}},"26":{"start":{"line":38,"column":38},"end":{"line":38,"column":144}},"27":{"start":{"line":40,"column":8},"end":{"line":40,"column":34}},"28":{"start":{"line":41,"column":8},"end":{"line":41,"column":124}},"29":{"start":{"line":42,"column":8},"end":{"line":42,"column":49}},"30":{"start":{"line":43,"column":8},"end":{"line":43,"column":35}},"31":{"start":{"line":45,"column":8},"end":{"line":48,"column":9}},"32":{"start":{"line":46,"column":12},"end":{"line":46,"column":93}},"33":{"start":{"line":47,"column":12},"end":{"line":47,"column":127}},"34":{"start":{"line":50,"column":8},"end":{"line":50,"column":89}},"35":{"start":{"line":52,"column":8},"end":{"line":52,"column":37}},"36":{"start":{"line":53,"column":8},"end":{"line":53,"column":76}},"37":{"start":{"line":54,"column":8},"end":{"line":54,"column":112}},"38":{"start":{"line":58,"column":23},"end":{"line":73,"column":3}},"39":{"start":{"line":59,"column":38},"end":{"line":59,"column":48}},"40":{"start":{"line":61,"column":4},"end":{"line":61,"column":106}},"41":{"start":{"line":61,"column":35},"end":{"line":61,"column":106}},"42":{"start":{"line":63,"column":4},"end":{"line":72,"column":5}},"43":{"start":{"line":64,"column":23},"end":{"line":64,"column":68}},"44":{"start":{"line":66,"column":8},"end":{"line":66,"column":83}},"45":{"start":{"line":66,"column":21},"end":{"line":66,"column":83}},"46":{"start":{"line":68,"column":8},"end":{"line":68,"column":29}},"47":{"start":{"line":70,"column":6},"end":{"line":70,"column":64}},"48":{"start":{"line":71,"column":6},"end":{"line":71,"column":77}},"49":{"start":{"line":75,"column":0},"end":{"line":75,"column":46}}},"fnMap":{"0":{"name":"(anonymous_0)","decl":{"start":{"line":6,"column":19},"end":{"line":6,"column":20}},"loc":{"start":{"line":6,"column":39},"end":{"line":56,"column":1}},"line":6},"1":{"name":"(anonymous_1)","decl":{"start":{"line":58,"column":23},"end":{"line":58,"column":24}},"loc":{"start":{"line":58,"column":43},"end":{"line":73,"column":3}},"line":58}},"branchMap":{"0":{"loc":{"start":{"line":13,"column":4},"end":{"line":13,"column":140}},"type":"if","locations":[{"start":{"line":13,"column":4},"end":{"line":13,"column":140}},{"start":{},"end":{}}],"line":13},"1":{"loc":{"start":{"line":13,"column":8},"end":{"line":13,"column":49}},"type":"binary-expr","locations":[{"start":{"line":13,"column":8},"end":{"line":13,"column":17}},{"start":{"line":13,"column":21},"end":{"line":13,"column":27}},{"start":{"line":13,"column":31},"end":{"line":13,"column":49}}],"line":13},"2":{"loc":{"start":{"line":18,"column":8},"end":{"line":18,"column":108}},"type":"if","locations":[{"start":{"line":18,"column":8},"end":{"line":18,"column":108}},{"start":{},"end":{}}],"line":18},"3":{"loc":{"start":{"line":23,"column":12},"end":{"line":26,"column":13}},"type":"if","locations":[{"start":{"line":23,"column":12},"end":{"line":26,"column":13}},{"start":{},"end":{}}],"line":23},"4":{"loc":{"start":{"line":28,"column":12},"end":{"line":31,"column":13}},"type":"if","locations":[{"start":{"line":28,"column":12},"end":{"line":31,"column":13}},{"start":{},"end":{}}],"line":28},"5":{"loc":{"start":{"line":38,"column":8},"end":{"line":38,"column":144}},"type":"if","locations":[{"start":{"line":38,"column":8},"end":{"line":38,"column":144}},{"start":{},"end":{}}],"line":38},"6":{"loc":{"start":{"line":41,"column":56},"end":{"line":41,"column":71}},"type":"binary-expr","locations":[{"start":{"line":41,"column":56},"end":{"line":41,"column":63}},{"start":{"line":41,"column":67},"end":{"line":41,"column":71}}],"line":41},"7":{"loc":{"start":{"line":41,"column":85},"end":{"line":41,"column":108}},"type":"binary-expr","locations":[{"start":{"line":41,"column":85},"end":{"line":41,"column":95}},{"start":{"line":41,"column":99},"end":{"line":41,"column":108}}],"line":41},"8":{"loc":{"start":{"line":45,"column":8},"end":{"line":48,"column":9}},"type":"if","locations":[{"start":{"line":45,"column":8},"end":{"line":48,"column":9}},{"start":{},"end":{}}],"line":45},"9":{"loc":{"start":{"line":53,"column":54},"end":{"line":53,"column":74}},"type":"binary-expr","locations":[{"start":{"line":53,"column":54},"end":{"line":53,"column":65}},{"start":{"line":53,"column":69},"end":{"line":53,"column":74}}],"line":53},"10":{"loc":{"start":{"line":61,"column":4},"end":{"line":61,"column":106}},"type":"if","locations":[{"start":{"line":61,"column":4},"end":{"line":61,"column":106}},{"start":{},"end":{}}],"line":61},"11":{"loc":{"start":{"line":61,"column":8},"end":{"line":61,"column":33}},"type":"binary-expr","locations":[{"start":{"line":61,"column":8},"end":{"line":61,"column":21}},{"start":{"line":61,"column":25},"end":{"line":61,"column":33}}],"line":61},"12":{"loc":{"start":{"line":66,"column":8},"end":{"line":66,"column":83}},"type":"if","locations":[{"start":{"line":66,"column":8},"end":{"line":66,"column":83}},{"start":{},"end":{}}],"line":66}},"s":{"0":2,"1":2,"2":2,"3":2,"4":7,"5":7,"6":7,"7":7,"8":7,"9":2,"10":5,"11":5,"12":5,"13":1,"14":4,"15":4,"16":4,"17":1,"18":1,"19":3,"20":0,"21":0,"22":3,"23":3,"24":3,"25":4,"26":1,"27":3,"28":3,"29":2,"30":2,"31":2,"32":1,"33":1,"34":2,"35":1,"36":1,"37":1,"38":2,"39":3,"40":3,"41":0,"42":3,"43":3,"44":2,"45":1,"46":1,"47":1,"48":1,"49":2},"f":{"0":7,"1":3},"b":{"0":[2,5],"1":[7,6,6],"2":[1,4],"3":[1,3],"4":[0,3],"5":[1,3],"6":[3,3],"7":[3,3],"8":[1,1],"9":[1,0],"10":[0,3],"11":[3,3],"12":[1,1]},"_coverageSchema":"1a1c01bbd47fc00a2c39e90264f33305004495a9","hash":"bfc22d6b36f6297defe93310f3bf6a01f38dfeb9"}
,"C:\\Users\\34638\\OneDrive - Universidad Politécnica de Madrid\\Documentos\\QlickPay\\backend\\src\\controllers\\payments.controller.js": {"path":"C:\\Users\\34638\\OneDrive - Universidad Politécnica de Madrid\\Documentos\\QlickPay\\backend\\src\\controllers\\payments.controller.js","statementMap":{"0":{"start":{"line":1,"column":15},"end":{"line":1,"column":63}},"1":{"start":{"line":2,"column":100},"end":{"line":2,"column":135}},"2":{"start":{"line":4,"column":30},"end":{"line":36,"column":1}},"3":{"start":{"line":5,"column":40},"end":{"line":5,"column":48}},"4":{"start":{"line":6,"column":25},"end":{"line":6,"column":43}},"5":{"start":{"line":7,"column":18},"end":{"line":7,"column":42}},"6":{"start":{"line":11,"column":2},"end":{"line":11,"column":169}},"7":{"start":{"line":11,"column":47},"end":{"line":11,"column":169}},"8":{"start":{"line":13,"column":2},"end":{"line":35,"column":4}},"9":{"start":{"line":14,"column":4},"end":{"line":27,"column":7}},"10":{"start":{"line":29,"column":4},"end":{"line":29,"column":52}},"11":{"start":{"line":31,"column":4},"end":{"line":31,"column":35}},"12":{"start":{"line":33,"column":4},"end":{"line":33,"column":57}},"13":{"start":{"line":34,"column":4},"end":{"line":34,"column":74}},"14":{"start":{"line":38,"column":29},"end":{"line":60,"column":1}},"15":{"start":{"line":39,"column":20},"end":{"line":39,"column":40}},"16":{"start":{"line":42,"column":2},"end":{"line":42,"column":115}},"17":{"start":{"line":42,"column":18},"end":{"line":42,"column":115}},"18":{"start":{"line":44,"column":2},"end":{"line":59,"column":3}},"19":{"start":{"line":45,"column":20},"end":{"line":45,"column":70}},"20":{"start":{"line":46,"column":4},"end":{"line":46,"column":54}},"21":{"start":{"line":47,"column":17},"end":{"line":47,"column":38}},"22":{"start":{"line":49,"column":4},"end":{"line":49,"column":67}},"23":{"start":{"line":51,"column":4},"end":{"line":51,"column":32}},"24":{"start":{"line":53,"column":4},"end":{"line":53,"column":50}},"25":{"start":{"line":54,"column":4},"end":{"line":54,"column":96}},"26":{"start":{"line":56,"column":4},"end":{"line":58,"column":5}},"27":{"start":{"line":57,"column":5},"end":{"line":57,"column":34}},"28":{"start":{"line":62,"column":30},"end":{"line":73,"column":1}},"29":{"start":{"line":63,"column":29},"end":{"line":63,"column":38}},"30":{"start":{"line":64,"column":25},"end":{"line":64,"column":51}},"31":{"start":{"line":65,"column":18},"end":{"line":65,"column":42}},"32":{"start":{"line":67,"column":12},"end":{"line":67,"column":75}},"33":{"start":{"line":69,"column":2},"end":{"line":69,"column":30}},"34":{"start":{"line":71,"column":2},"end":{"line":71,"column":58}},"35":{"start":{"line":71,"column":13},"end":{"line":71,"column":58}},"36":{"start":{"line":72,"column":2},"end":{"line":72,"column":32}},"37":{"start":{"line":75,"column":0},"end":{"line":75,"column":87}}},"fnMap":{"0":{"name":"(anonymous_0)","decl":{"start":{"line":4,"column":30},"end":{"line":4,"column":31}},"loc":{"start":{"line":4,"column":50},"end":{"line":36,"column":1}},"line":4},"1":{"name":"(anonymous_1)","decl":{"start":{"line":38,"column":29},"end":{"line":38,"column":30}},"loc":{"start":{"line":38,"column":49},"end":{"line":60,"column":1}},"line":38},"2":{"name":"(anonymous_2)","decl":{"start":{"line":62,"column":30},"end":{"line":62,"column":31}},"loc":{"start":{"line":62,"column":44},"end":{"line":73,"column":1}},"line":62}},"branchMap":{"0":{"loc":{"start":{"line":11,"column":2},"end":{"line":11,"column":169}},"type":"if","locations":[{"start":{"line":11,"column":2},"end":{"line":11,"column":169}},{"start":{},"end":{}}],"line":11},"1":{"loc":{"start":{"line":42,"column":2},"end":{"line":42,"column":115}},"type":"if","locations":[{"start":{"line":42,"column":2},"end":{"line":42,"column":115}},{"start":{},"end":{}}],"line":42},"2":{"loc":{"start":{"line":56,"column":4},"end":{"line":58,"column":5}},"type":"if","locations":[{"start":{"line":56,"column":4},"end":{"line":58,"column":5}},{"start":{},"end":{}}],"line":56},"3":{"loc":{"start":{"line":64,"column":26},"end":{"line":64,"column":39}},"type":"binary-expr","locations":[{"start":{"line":64,"column":26},"end":{"line":64,"column":33}},{"start":{"line":64,"column":37},"end":{"line":64,"column":39}}],"line":64},"4":{"loc":{"start":{"line":71,"column":2},"end":{"line":71,"column":58}},"type":"if","locations":[{"start":{"line":71,"column":2},"end":{"line":71,"column":58}},{"start":{},"end":{}}],"line":71}},"s":{"0":2,"1":2,"2":2,"3":3,"4":3,"5":3,"6":3,"7":1,"8":2,"9":2,"10":1,"11":1,"12":1,"13":1,"14":2,"15":4,"16":4,"17":1,"18":3,"19":3,"20":2,"21":2,"22":2,"23":2,"24":1,"25":1,"26":3,"27":2,"28":2,"29":2,"30":2,"31":2,"32":2,"33":2,"34":2,"35":1,"36":2,"37":2},"f":{"0":3,"1":4,"2":2},"b":{"0":[1,2],"1":[1,3],"2":[2,1],"3":[2,0],"4":[1,1]},"_coverageSchema":"1a1c01bbd47fc00a2c39e90264f33305004495a9","hash":"d3de67b9c5af6f717234e7e87c16295956a283b1"}
,"C:\\Users\\34638\\OneDrive - Universidad Politécnica de Madrid\\Documentos\\QlickPay\\backend\\src\\controllers\\qr.controller.js": {"path":"C:\\Users\\34638\\OneDrive - Universidad Politécnica de Madrid\\Documentos\\QlickPay\\backend\\src\\controllers\\qr.controller.js","statementMap":{"0":{"start":{"line":1,"column":95},"end":{"line":1,"column":124}},"1":{"start":{"line":2,"column":15},"end":{"line":2,"column":32}},"2":{"start":{"line":4,"column":19},"end":{"line":29,"column":1}},"3":{"start":{"line":5,"column":41},"end":{"line":5,"column":49}},"4":{"start":{"line":7,"column":4},"end":{"line":7,"column":134}},"5":{"start":{"line":7,"column":57},"end":{"line":7,"column":134}},"6":{"start":{"line":9,"column":4},"end":{"line":28,"column":5}},"7":{"start":{"line":10,"column":22},"end":{"line":10,"column":24}},"8":{"start":{"line":12,"column":6},"end":{"line":23,"column":9}},"9":{"start":{"line":12,"column":19},"end":{"line":12,"column":20}},"10":{"start":{"line":13,"column":25},"end":{"line":13,"column":50}},"11":{"start":{"line":14,"column":23},"end":{"line":14,"column":63}},"12":{"start":{"line":16,"column":10},"end":{"line":16,"column":53}},"13":{"start":{"line":18,"column":26},"end":{"line":18,"column":59}},"14":{"start":{"line":19,"column":25},"end":{"line":19,"column":107}},"15":{"start":{"line":20,"column":26},"end":{"line":20,"column":56}},"16":{"start":{"line":22,"column":10},"end":{"line":22,"column":32}},"17":{"start":{"line":24,"column":6},"end":{"line":24,"column":43}},"18":{"start":{"line":26,"column":6},"end":{"line":26,"column":51}},"19":{"start":{"line":27,"column":6},"end":{"line":27,"column":79}},"20":{"start":{"line":32,"column":38},"end":{"line":32,"column":48}},"21":{"start":{"line":33,"column":25},"end":{"line":33,"column":73}},"22":{"start":{"line":35,"column":4},"end":{"line":47,"column":5}},"23":{"start":{"line":36,"column":20},"end":{"line":36,"column":77}},"24":{"start":{"line":38,"column":6},"end":{"line":38,"column":75}},"25":{"start":{"line":40,"column":6},"end":{"line":40,"column":94}},"26":{"start":{"line":41,"column":6},"end":{"line":41,"column":42}},"27":{"start":{"line":42,"column":6},"end":{"line":42,"column":36}},"28":{"start":{"line":43,"column":6},"end":{"line":43,"column":41}},"29":{"start":{"line":45,"column":6},"end":{"line":45,"column":67}},"30":{"start":{"line":46,"column":6},"end":{"line":46,"column":74}},"31":{"start":{"line":50,"column":0},"end":{"line":50,"column":46}}},"fnMap":{"0":{"name":"(anonymous_0)","decl":{"start":{"line":4,"column":19},"end":{"line":4,"column":20}},"loc":{"start":{"line":4,"column":39},"end":{"line":29,"column":1}},"line":4},"1":{"name":"getTableBill","decl":{"start":{"line":31,"column":15},"end":{"line":31,"column":27}},"loc":{"start":{"line":31,"column":38},"end":{"line":48,"column":1}},"line":31}},"branchMap":{"0":{"loc":{"start":{"line":7,"column":4},"end":{"line":7,"column":134}},"type":"if","locations":[{"start":{"line":7,"column":4},"end":{"line":7,"column":134}},{"start":{},"end":{}}],"line":7},"1":{"loc":{"start":{"line":7,"column":8},"end":{"line":7,"column":54}},"type":"binary-expr","locations":[{"start":{"line":7,"column":8},"end":{"line":7,"column":21}},{"start":{"line":7,"column":25},"end":{"line":7,"column":36}},{"start":{"line":7,"column":40},"end":{"line":7,"column":54}}],"line":7},"2":{"loc":{"start":{"line":33,"column":25},"end":{"line":33,"column":73}},"type":"cond-expr","locations":[{"start":{"line":33,"column":55},"end":{"line":33,"column":61}},{"start":{"line":33,"column":64},"end":{"line":33,"column":73}}],"line":33}},"s":{"0":2,"1":2,"2":2,"3":4,"4":4,"5":2,"6":2,"7":2,"8":2,"9":2,"10":3,"11":3,"12":2,"13":2,"14":2,"15":2,"16":2,"17":1,"18":1,"19":1,"20":2,"21":2,"22":2,"23":2,"24":1,"25":1,"26":1,"27":1,"28":1,"29":1,"30":1,"31":2},"f":{"0":4,"1":2},"b":{"0":[2,2],"1":[4,3,2],"2":[0,2]},"_coverageSchema":"1a1c01bbd47fc00a2c39e90264f33305004495a9","hash":"0876445ca4e05b4f7d32e5f2cf247acf90670320"}
,"C:\\Users\\34638\\OneDrive - Universidad Politécnica de Madrid\\Documentos\\QlickPay\\backend\\src\\controllers\\restaurant.controller.js": {"path":"C:\\Users\\34638\\OneDrive - Universidad Politécnica de Madrid\\Documentos\\QlickPay\\backend\\src\\controllers\\restaurant.controller.js","statementMap":{"0":{"start":{"line":1,"column":31},"end":{"line":1,"column":68}},"1":{"start":{"line":3,"column":23},"end":{"line":12,"column":1}},"2":{"start":{"line":4,"column":4},"end":{"line":11,"column":5}},"3":{"start":{"line":5,"column":28},"end":{"line":5,"column":54}},"4":{"start":{"line":7,"column":8},"end":{"line":7,"column":49}},"5":{"start":{"line":9,"column":8},"end":{"line":9,"column":63}},"6":{"start":{"line":10,"column":8},"end":{"line":10,"column":96}},"7":{"start":{"line":14,"column":0},"end":{"line":14,"column":36}}},"fnMap":{"0":{"name":"(anonymous_0)","decl":{"start":{"line":3,"column":23},"end":{"line":3,"column":24}},"loc":{"start":{"line":3,"column":43},"end":{"line":12,"column":1}},"line":3}},"branchMap":{},"s":{"0":2,"1":2,"2":2,"3":2,"4":1,"5":1,"6":1,"7":2},"f":{"0":2},"b":{},"_coverageSchema":"1a1c01bbd47fc00a2c39e90264f33305004495a9","hash":"547c6c00a0b039d7ac0a893ee8ba1f7e063f8a6f"}
,"C:\\Users\\34638\\OneDrive - Universidad Politécnica de Madrid\\Documentos\\QlickPay\\backend\\src\\controllers\\waiter.controller.js": {"path":"C:\\Users\\34638\\OneDrive - Universidad Politécnica de Madrid\\Documentos\\QlickPay\\backend\\src\\controllers\\waiter.controller.js","statementMap":{"0":{"start":{"line":1,"column":17},"end":{"line":1,"column":30}},"1":{"start":{"line":2,"column":13},"end":{"line":2,"column":69}},"2":{"start":{"line":4,"column":15},"end":{"line":4,"column":34}},"3":{"start":{"line":5,"column":15},"end":{"line":5,"column":32}},"4":{"start":{"line":7,"column":27},"end":{"line":7,"column":59}},"5":{"start":{"line":24,"column":4},"end":{"line":24,"column":37}},"6":{"start":{"line":26,"column":18},"end":{"line":39,"column":1}},"7":{"start":{"line":27,"column":27},"end":{"line":27,"column":36}},"8":{"start":{"line":29,"column":2},"end":{"line":29,"column":94}},"9":{"start":{"line":29,"column":21},"end":{"line":29,"column":94}},"10":{"start":{"line":31,"column":2},"end":{"line":38,"column":3}},"11":{"start":{"line":32,"column":19},"end":{"line":32,"column":61}},"12":{"start":{"line":34,"column":4},"end":{"line":34,"column":21}},"13":{"start":{"line":36,"column":4},"end":{"line":36,"column":52}},"14":{"start":{"line":37,"column":4},"end":{"line":37,"column":65}},"15":{"start":{"line":41,"column":26},"end":{"line":68,"column":1}},"16":{"start":{"line":42,"column":23},"end":{"line":42,"column":33}},"17":{"start":{"line":43,"column":21},"end":{"line":43,"column":29}},"18":{"start":{"line":45,"column":2},"end":{"line":45,"column":120}},"19":{"start":{"line":45,"column":59},"end":{"line":45,"column":120}},"20":{"start":{"line":47,"column":2},"end":{"line":67,"column":3}},"21":{"start":{"line":48,"column":4},"end":{"line":48,"column":30}},"22":{"start":{"line":50,"column":4},"end":{"line":55,"column":5}},"23":{"start":{"line":51,"column":22},"end":{"line":51,"column":62}},"24":{"start":{"line":52,"column":23},"end":{"line":52,"column":45}},"25":{"start":{"line":52,"column":40},"end":{"line":52,"column":44}},"26":{"start":{"line":54,"column":6},"end":{"line":54,"column":74}},"27":{"start":{"line":54,"column":31},"end":{"line":54,"column":74}},"28":{"start":{"line":57,"column":4},"end":{"line":57,"column":50}},"29":{"start":{"line":58,"column":4},"end":{"line":58,"column":31}},"30":{"start":{"line":60,"column":4},"end":{"line":60,"column":137}},"31":{"start":{"line":60,"column":26},"end":{"line":60,"column":137}},"32":{"start":{"line":62,"column":4},"end":{"line":62,"column":80}},"33":{"start":{"line":64,"column":4},"end":{"line":64,"column":33}},"34":{"start":{"line":65,"column":4},"end":{"line":65,"column":55}},"35":{"start":{"line":66,"column":4},"end":{"line":66,"column":63}},"36":{"start":{"line":70,"column":19},"end":{"line":83,"column":1}},"37":{"start":{"line":71,"column":27},"end":{"line":71,"column":36}},"38":{"start":{"line":73,"column":2},"end":{"line":73,"column":110}},"39":{"start":{"line":73,"column":21},"end":{"line":73,"column":110}},"40":{"start":{"line":75,"column":2},"end":{"line":82,"column":3}},"41":{"start":{"line":76,"column":20},"end":{"line":76,"column":63}},"42":{"start":{"line":78,"column":4},"end":{"line":78,"column":22}},"43":{"start":{"line":80,"column":4},"end":{"line":80,"column":54}},"44":{"start":{"line":81,"column":4},"end":{"line":81,"column":83}},"45":{"start":{"line":85,"column":23},"end":{"line":101,"column":1}},"46":{"start":{"line":86,"column":61},"end":{"line":86,"column":69}},"47":{"start":{"line":88,"column":2},"end":{"line":88,"column":162}},"48":{"start":{"line":88,"column":67},"end":{"line":88,"column":162}},"49":{"start":{"line":90,"column":2},"end":{"line":100,"column":3}},"50":{"start":{"line":91,"column":27},"end":{"line":91,"column":58}},"51":{"start":{"line":92,"column":4},"end":{"line":92,"column":128}},"52":{"start":{"line":92,"column":38},"end":{"line":92,"column":128}},"53":{"start":{"line":94,"column":4},"end":{"line":94,"column":81}},"54":{"start":{"line":96,"column":4},"end":{"line":96,"column":77}},"55":{"start":{"line":98,"column":4},"end":{"line":98,"column":55}},"56":{"start":{"line":99,"column":4},"end":{"line":99,"column":84}},"57":{"start":{"line":104,"column":21},"end":{"line":119,"column":1}},"58":{"start":{"line":105,"column":17},"end":{"line":105,"column":27}},"59":{"start":{"line":107,"column":2},"end":{"line":118,"column":3}},"60":{"start":{"line":108,"column":24},"end":{"line":108,"column":48}},"61":{"start":{"line":110,"column":4},"end":{"line":110,"column":104}},"62":{"start":{"line":110,"column":22},"end":{"line":110,"column":104}},"63":{"start":{"line":112,"column":4},"end":{"line":112,"column":31}},"64":{"start":{"line":114,"column":4},"end":{"line":114,"column":76}},"65":{"start":{"line":116,"column":4},"end":{"line":116,"column":54}},"66":{"start":{"line":117,"column":4},"end":{"line":117,"column":83}},"67":{"start":{"line":121,"column":24},"end":{"line":185,"column":3}},"68":{"start":{"line":122,"column":65},"end":{"line":122,"column":73}},"69":{"start":{"line":124,"column":29},"end":{"line":124,"column":52}},"70":{"start":{"line":125,"column":23},"end":{"line":125,"column":39}},"71":{"start":{"line":127,"column":4},"end":{"line":127,"column":160}},"72":{"start":{"line":127,"column":81},"end":{"line":127,"column":160}},"73":{"start":{"line":128,"column":4},"end":{"line":128,"column":136}},"74":{"start":{"line":128,"column":57},"end":{"line":128,"column":136}},"75":{"start":{"line":130,"column":4},"end":{"line":184,"column":5}},"76":{"start":{"line":131,"column":6},"end":{"line":131,"column":32}},"77":{"start":{"line":133,"column":22},"end":{"line":133,"column":61}},"78":{"start":{"line":135,"column":6},"end":{"line":138,"column":7}},"79":{"start":{"line":136,"column":8},"end":{"line":136,"column":37}},"80":{"start":{"line":137,"column":8},"end":{"line":137,"column":110}},"81":{"start":{"line":140,"column":6},"end":{"line":161,"column":7}},"82":{"start":{"line":141,"column":20},"end":{"line":141,"column":68}},"83":{"start":{"line":142,"column":8},"end":{"line":142,"column":27}},"84":{"start":{"line":142,"column":18},"end":{"line":142,"column":27}},"85":{"start":{"line":144,"column":29},"end":{"line":144,"column":41}},"86":{"start":{"line":145,"column":26},"end":{"line":145,"column":35}},"87":{"start":{"line":147,"column":8},"end":{"line":157,"column":9}},"88":{"start":{"line":148,"column":30},"end":{"line":148,"column":57}},"89":{"start":{"line":149,"column":30},"end":{"line":149,"column":53}},"90":{"start":{"line":151,"column":10},"end":{"line":151,"column":61}},"91":{"start":{"line":152,"column":10},"end":{"line":152,"column":27}},"92":{"start":{"line":155,"column":10},"end":{"line":155,"column":38}},"93":{"start":{"line":156,"column":10},"end":{"line":156,"column":39}},"94":{"start":{"line":159,"column":8},"end":{"line":159,"column":47}},"95":{"start":{"line":160,"column":8},"end":{"line":160,"column":37}},"96":{"start":{"line":160,"column":31},"end":{"line":160,"column":37}},"97":{"start":{"line":162,"column":6},"end":{"line":162,"column":33}},"98":{"start":{"line":164,"column":6},"end":{"line":169,"column":7}},"99":{"start":{"line":165,"column":8},"end":{"line":168,"column":11}},"100":{"start":{"line":171,"column":30},"end":{"line":171,"column":69}},"101":{"start":{"line":173,"column":6},"end":{"line":177,"column":7}},"102":{"start":{"line":174,"column":8},"end":{"line":174,"column":63}},"103":{"start":{"line":175,"column":8},"end":{"line":175,"column":48}},"104":{"start":{"line":176,"column":8},"end":{"line":176,"column":135}},"105":{"start":{"line":176,"column":30},"end":{"line":176,"column":135}},"106":{"start":{"line":179,"column":6},"end":{"line":179,"column":87}},"107":{"start":{"line":181,"column":6},"end":{"line":181,"column":35}},"108":{"start":{"line":182,"column":6},"end":{"line":182,"column":66}},"109":{"start":{"line":183,"column":6},"end":{"line":183,"column":97}},"110":{"start":{"line":187,"column":34},"end":{"line":203,"column":1}},"111":{"start":{"line":188,"column":38},"end":{"line":188,"column":46}},"112":{"start":{"line":190,"column":4},"end":{"line":190,"column":106}},"113":{"start":{"line":190,"column":35},"end":{"line":190,"column":106}},"114":{"start":{"line":192,"column":4},"end":{"line":202,"column":5}},"115":{"start":{"line":193,"column":20},"end":{"line":193,"column":63}},"116":{"start":{"line":194,"column":25},"end":{"line":194,"column":59}},"117":{"start":{"line":196,"column":6},"end":{"line":196,"column":83}},"118":{"start":{"line":198,"column":6},"end":{"line":198,"column":60}},"119":{"start":{"line":200,"column":6},"end":{"line":200,"column":69}},"120":{"start":{"line":201,"column":6},"end":{"line":201,"column":88}},"121":{"start":{"line":206,"column":17},"end":{"line":206,"column":43}},"122":{"start":{"line":207,"column":15},"end":{"line":207,"column":57}},"123":{"start":{"line":208,"column":16},"end":{"line":208,"column":78}},"124":{"start":{"line":209,"column":2},"end":{"line":209,"column":15}},"125":{"start":{"line":212,"column":19},"end":{"line":229,"column":1}},"126":{"start":{"line":213,"column":21},"end":{"line":213,"column":37}},"127":{"start":{"line":213,"column":58},"end":{"line":213,"column":79}},"128":{"start":{"line":214,"column":18},"end":{"line":214,"column":36}},"129":{"start":{"line":214,"column":53},"end":{"line":214,"column":77}},"130":{"start":{"line":216,"column":2},"end":{"line":216,"column":137}},"131":{"start":{"line":216,"column":74},"end":{"line":216,"column":137}},"132":{"start":{"line":218,"column":2},"end":{"line":228,"column":3}},"133":{"start":{"line":219,"column":4},"end":{"line":219,"column":59}},"134":{"start":{"line":220,"column":4},"end":{"line":220,"column":50}},"135":{"start":{"line":222,"column":4},"end":{"line":222,"column":44}},"136":{"start":{"line":224,"column":4},"end":{"line":224,"column":124}},"137":{"start":{"line":226,"column":4},"end":{"line":226,"column":52}},"138":{"start":{"line":227,"column":4},"end":{"line":227,"column":71}},"139":{"start":{"line":231,"column":0},"end":{"line":231,"column":147}}},"fnMap":{"0":{"name":"(anonymous_0)","decl":{"start":{"line":26,"column":18},"end":{"line":26,"column":19}},"loc":{"start":{"line":26,"column":38},"end":{"line":39,"column":1}},"line":26},"1":{"name":"(anonymous_1)","decl":{"start":{"line":41,"column":26},"end":{"line":41,"column":27}},"loc":{"start":{"line":41,"column":46},"end":{"line":68,"column":1}},"line":41},"2":{"name":"(anonymous_2)","decl":{"start":{"line":52,"column":35},"end":{"line":52,"column":36}},"loc":{"start":{"line":52,"column":40},"end":{"line":52,"column":44}},"line":52},"3":{"name":"(anonymous_3)","decl":{"start":{"line":70,"column":19},"end":{"line":70,"column":20}},"loc":{"start":{"line":70,"column":39},"end":{"line":83,"column":1}},"line":70},"4":{"name":"(anonymous_4)","decl":{"start":{"line":85,"column":23},"end":{"line":85,"column":24}},"loc":{"start":{"line":85,"column":43},"end":{"line":101,"column":1}},"line":85},"5":{"name":"(anonymous_5)","decl":{"start":{"line":104,"column":21},"end":{"line":104,"column":22}},"loc":{"start":{"line":104,"column":41},"end":{"line":119,"column":1}},"line":104},"6":{"name":"(anonymous_6)","decl":{"start":{"line":121,"column":24},"end":{"line":121,"column":25}},"loc":{"start":{"line":121,"column":44},"end":{"line":185,"column":3}},"line":121},"7":{"name":"(anonymous_7)","decl":{"start":{"line":187,"column":34},"end":{"line":187,"column":35}},"loc":{"start":{"line":187,"column":54},"end":{"line":203,"column":1}},"line":187},"8":{"name":"generateSessionToken","decl":{"start":{"line":205,"column":9},"end":{"line":205,"column":29}},"loc":{"start":{"line":205,"column":53},"end":{"line":210,"column":1}},"line":205},"9":{"name":"(anonymous_9)","decl":{"start":{"line":212,"column":19},"end":{"line":212,"column":20}},"loc":{"start":{"line":212,"column":39},"end":{"line":229,"column":1}},"line":212}},"branchMap":{"0":{"loc":{"start":{"line":29,"column":2},"end":{"line":29,"column":94}},"type":"if","locations":[{"start":{"line":29,"column":2},"end":{"line":29,"column":94}},{"start":{},"end":{}}],"line":29},"1":{"loc":{"start":{"line":45,"column":2},"end":{"line":45,"column":120}},"type":"if","locations":[{"start":{"line":45,"column":2},"end":{"line":45,"column":120}},{"start":{},"end":{}}],"line":45},"2":{"loc":{"start":{"line":50,"column":4},"end":{"line":55,"column":5}},"type":"if","locations":[{"start":{"line":50,"column":4},"end":{"line":55,"column":5}},{"start":{},"end":{}}],"line":50},"3":{"loc":{"start":{"line":54,"column":6},"end":{"line":54,"column":74}},"type":"if","locations":[{"start":{"line":54,"column":6},"end":{"line":54,"column":74}},{"start":{},"end":{}}],"line":54},"4":{"loc":{"start":{"line":60,"column":4},"end":{"line":60,"column":137}},"type":"if","locations":[{"start":{"line":60,"column":4},"end":{"line":60,"column":137}},{"start":{},"end":{}}],"line":60},"5":{"loc":{"start":{"line":73,"column":2},"end":{"line":73,"column":110}},"type":"if","locations":[{"start":{"line":73,"column":2},"end":{"line":73,"column":110}},{"start":{},"end":{}}],"line":73},"6":{"loc":{"start":{"line":88,"column":2},"end":{"line":88,"column":162}},"type":"if","locations":[{"start":{"line":88,"column":2},"end":{"line":88,"column":162}},{"start":{},"end":{}}],"line":88},"7":{"loc":{"start":{"line":88,"column":6},"end":{"line":88,"column":65}},"type":"binary-expr","locations":[{"start":{"line":88,"column":6},"end":{"line":88,"column":19}},{"start":{"line":88,"column":23},"end":{"line":88,"column":32}},{"start":{"line":88,"column":36},"end":{"line":88,"column":42}},{"start":{"line":88,"column":46},"end":{"line":88,"column":52}},{"start":{"line":88,"column":56},"end":{"line":88,"column":65}}],"line":88},"8":{"loc":{"start":{"line":92,"column":4},"end":{"line":92,"column":128}},"type":"if","locations":[{"start":{"line":92,"column":4},"end":{"line":92,"column":128}},{"start":{},"end":{}}],"line":92},"9":{"loc":{"start":{"line":110,"column":4},"end":{"line":110,"column":104}},"type":"if","locations":[{"start":{"line":110,"column":4},"end":{"line":110,"column":104}},{"start":{},"end":{}}],"line":110},"10":{"loc":{"start":{"line":127,"column":4},"end":{"line":127,"column":160}},"type":"if","locations":[{"start":{"line":127,"column":4},"end":{"line":127,"column":160}},{"start":{},"end":{}}],"line":127},"11":{"loc":{"start":{"line":127,"column":8},"end":{"line":127,"column":79}},"type":"binary-expr","locations":[{"start":{"line":127,"column":8},"end":{"line":127,"column":21}},{"start":{"line":127,"column":25},"end":{"line":127,"column":33}},{"start":{"line":127,"column":37},"end":{"line":127,"column":46}},{"start":{"line":127,"column":50},"end":{"line":127,"column":79}}],"line":127},"12":{"loc":{"start":{"line":128,"column":4},"end":{"line":128,"column":136}},"type":"if","locations":[{"start":{"line":128,"column":4},"end":{"line":128,"column":136}},{"start":{},"end":{}}],"line":128},"13":{"loc":{"start":{"line":128,"column":8},"end":{"line":128,"column":55}},"type":"binary-expr","locations":[{"start":{"line":128,"column":8},"end":{"line":128,"column":31}},{"start":{"line":128,"column":35},"end":{"line":128,"column":55}}],"line":128},"14":{"loc":{"start":{"line":135,"column":6},"end":{"line":138,"column":7}},"type":"if","locations":[{"start":{"line":135,"column":6},"end":{"line":138,"column":7}},{"start":{},"end":{}}],"line":135},"15":{"loc":{"start":{"line":142,"column":8},"end":{"line":142,"column":27}},"type":"if","locations":[{"start":{"line":142,"column":8},"end":{"line":142,"column":27}},{"start":{},"end":{}}],"line":142},"16":{"loc":{"start":{"line":147,"column":8},"end":{"line":157,"column":9}},"type":"if","locations":[{"start":{"line":147,"column":8},"end":{"line":157,"column":9}},{"start":{"line":154,"column":15},"end":{"line":157,"column":9}}],"line":147},"17":{"loc":{"start":{"line":160,"column":8},"end":{"line":160,"column":37}},"type":"if","locations":[{"start":{"line":160,"column":8},"end":{"line":160,"column":37}},{"start":{},"end":{}}],"line":160},"18":{"loc":{"start":{"line":164,"column":6},"end":{"line":169,"column":7}},"type":"if","locations":[{"start":{"line":164,"column":6},"end":{"line":169,"column":7}},{"start":{},"end":{}}],"line":164},"19":{"loc":{"start":{"line":173,"column":6},"end":{"line":177,"column":7}},"type":"if","locations":[{"start":{"line":173,"column":6},"end":{"line":177,"column":7}},{"start":{},"end":{}}],"line":173},"20":{"loc":{"start":{"line":176,"column":8},"end":{"line":176,"column":135}},"type":"if","locations":[{"start":{"line":176,"column":8},"end":{"line":176,"column":135}},{"start":{},"end":{}}],"line":176},"21":{"loc":{"start":{"line":190,"column":4},"end":{"line":190,"column":106}},"type":"if","locations":[{"start":{"line":190,"column":4},"end":{"line":190,"column":106}},{"start":{},"end":{}}],"line":190},"22":{"loc":{"start":{"line":190,"column":8},"end":{"line":190,"column":33}},"type":"binary-expr","locations":[{"start":{"line":190,"column":8},"end":{"line":190,"column":21}},{"start":{"line":190,"column":25},"end":{"line":190,"column":33}}],"line":190},"23":{"loc":{"start":{"line":216,"column":2},"end":{"line":216,"column":137}},"type":"if","locations":[{"start":{"line":216,"column":2},"end":{"line":216,"column":137}},{"start":{},"end":{}}],"line":216},"24":{"loc":{"start":{"line":216,"column":6},"end":{"line":216,"column":72}},"type":"binary-expr","locations":[{"start":{"line":216,"column":6},"end":{"line":216,"column":14}},{"start":{"line":216,"column":18},"end":{"line":216,"column":72}}],"line":216},"25":{"loc":{"start":{"line":216,"column":24},"end":{"line":216,"column":71}},"type":"binary-expr","locations":[{"start":{"line":216,"column":24},"end":{"line":216,"column":31}},{"start":{"line":216,"column":35},"end":{"line":216,"column":48}},{"start":{"line":216,"column":52},"end":{"line":216,"column":71}}],"line":216}},"s":{"0":2,"1":2,"2":2,"3":2,"4":2,"5":2,"6":2,"7":3,"8":3,"9":1,"10":2,"11":2,"12":1,"13":1,"14":1,"15":2,"16":5,"17":5,"18":5,"19":1,"20":4,"21":4,"22":4,"23":4,"24":3,"25":3,"26":3,"27":3,"28":2,"29":1,"30":1,"31":0,"32":1,"33":3,"34":3,"35":3,"36":2,"37":3,"38":3,"39":1,"40":2,"41":2,"42":1,"43":1,"44":1,"45":2,"46":4,"47":4,"48":1,"49":3,"50":3,"51":3,"52":1,"53":1,"54":1,"55":1,"56":1,"57":2,"58":3,"59":3,"60":3,"61":2,"62":1,"63":1,"64":1,"65":1,"66":1,"67":2,"68":5,"69":5,"70":5,"71":5,"72":1,"73":4,"74":1,"75":3,"76":3,"77":3,"78":2,"79":1,"80":1,"81":1,"82":1,"83":1,"84":0,"85":1,"86":1,"87":1,"88":1,"89":1,"90":1,"91":1,"92":0,"93":0,"94":1,"95":1,"96":1,"97":1,"98":1,"99":0,"100":1,"101":1,"102":1,"103":1,"104":1,"105":0,"106":1,"107":1,"108":1,"109":1,"110":2,"111":3,"112":3,"113":1,"114":2,"115":2,"116":2,"117":2,"118":1,"119":1,"120":1,"121":2,"122":2,"123":2,"124":2,"125":2,"126":3,"127":3,"128":3,"129":3,"130":3,"131":1,"132":2,"133":2,"134":1,"135":1,"136":1,"137":1,"138":1,"139":2},"f":{"0":3,"1":5,"2":3,"3":3,"4":4,"5":3,"6":5,"7":3,"8":2,"9":3},"b":{"0":[1,2],"1":[1,4],"2":[4,0],"3":[3,0],"4":[0,1],"5":[1,2],"6":[1,3],"7":[4,3,3,3,3],"8":[1,1],"9":[1,1],"10":[1,4],"11":[5,4,4,4],"12":[1,3],"13":[4,4],"14":[1,1],"15":[0,1],"16":[1,0],"17":[1,0],"18":[0,1],"19":[1,0],"20":[0,1],"21":[1,2],"22":[3,2],"23":[1,2],"24":[3,2],"25":[2,0,0]},"_coverageSchema":"1a1c01bbd47fc00a2c39e90264f33305004495a9","hash":"a68dde459f715d081c587ae39dcdc40e5ee0ffc4"}
,"C:\\Users\\34638\\OneDrive - Universidad Politécnica de Madrid\\Documentos\\QlickPay\\backend\\src\\middlewares\\auth.middleware.js": {"path":"C:\\Users\\34638\\OneDrive - Universidad Politécnica de Madrid\\Documentos\\QlickPay\\backend\\src\\middlewares\\auth.middleware.js","statementMap":{"0":{"start":{"line":1,"column":12},"end":{"line":1,"column":35}},"1":{"start":{"line":2,"column":15},"end":{"line":2,"column":32}},"2":{"start":{"line":3,"column":0},"end":{"line":3,"column":16}},"3":{"start":{"line":5,"column":21},"end":{"line":31,"column":1}},"4":{"start":{"line":8,"column":2},"end":{"line":8,"column":91}},"5":{"start":{"line":8,"column":77},"end":{"line":8,"column":91}},"6":{"start":{"line":10,"column":2},"end":{"line":10,"column":132}},"7":{"start":{"line":10,"column":84},"end":{"line":10,"column":132}},"8":{"start":{"line":12,"column":2},"end":{"line":12,"column":74}},"9":{"start":{"line":12,"column":49},"end":{"line":12,"column":74}},"10":{"start":{"line":14,"column":2},"end":{"line":14,"column":102}},"11":{"start":{"line":14,"column":14},"end":{"line":14,"column":102}},"12":{"start":{"line":16,"column":2},"end":{"line":30,"column":5}},"13":{"start":{"line":17,"column":4},"end":{"line":25,"column":5}},"14":{"start":{"line":18,"column":21},"end":{"line":18,"column":37}},"15":{"start":{"line":19,"column":6},"end":{"line":23,"column":7}},"16":{"start":{"line":20,"column":8},"end":{"line":20,"column":80}},"17":{"start":{"line":21,"column":13},"end":{"line":23,"column":7}},"18":{"start":{"line":22,"column":8},"end":{"line":22,"column":43}},"19":{"start":{"line":24,"column":6},"end":{"line":24,"column":55}},"20":{"start":{"line":26,"column":4},"end":{"line":26,"column":127}},"21":{"start":{"line":26,"column":50},"end":{"line":26,"column":127}},"22":{"start":{"line":28,"column":4},"end":{"line":28,"column":23}},"23":{"start":{"line":29,"column":4},"end":{"line":29,"column":11}},"24":{"start":{"line":33,"column":18},"end":{"line":41,"column":1}},"25":{"start":{"line":34,"column":2},"end":{"line":40,"column":4}},"26":{"start":{"line":35,"column":4},"end":{"line":35,"column":78}},"27":{"start":{"line":35,"column":19},"end":{"line":35,"column":78}},"28":{"start":{"line":37,"column":4},"end":{"line":37,"column":111}},"29":{"start":{"line":37,"column":32},"end":{"line":37,"column":111}},"30":{"start":{"line":39,"column":4},"end":{"line":39,"column":11}},"31":{"start":{"line":43,"column":0},"end":{"line":43,"column":45}}},"fnMap":{"0":{"name":"(anonymous_0)","decl":{"start":{"line":5,"column":21},"end":{"line":5,"column":22}},"loc":{"start":{"line":5,"column":41},"end":{"line":31,"column":1}},"line":5},"1":{"name":"(anonymous_1)","decl":{"start":{"line":16,"column":44},"end":{"line":16,"column":45}},"loc":{"start":{"line":16,"column":62},"end":{"line":30,"column":3}},"line":16},"2":{"name":"(anonymous_2)","decl":{"start":{"line":33,"column":18},"end":{"line":33,"column":19}},"loc":{"start":{"line":33,"column":28},"end":{"line":41,"column":1}},"line":33},"3":{"name":"(anonymous_3)","decl":{"start":{"line":34,"column":9},"end":{"line":34,"column":10}},"loc":{"start":{"line":34,"column":29},"end":{"line":40,"column":3}},"line":34}},"branchMap":{"0":{"loc":{"start":{"line":8,"column":2},"end":{"line":8,"column":91}},"type":"if","locations":[{"start":{"line":8,"column":2},"end":{"line":8,"column":91}},{"start":{},"end":{}}],"line":8},"1":{"loc":{"start":{"line":8,"column":6},"end":{"line":8,"column":75}},"type":"binary-expr","locations":[{"start":{"line":8,"column":6},"end":{"line":8,"column":27}},{"start":{"line":8,"column":31},"end":{"line":8,"column":75}}],"line":8},"2":{"loc":{"start":{"line":10,"column":2},"end":{"line":10,"column":132}},"type":"if","locations":[{"start":{"line":10,"column":2},"end":{"line":10,"column":132}},{"start":{},"end":{}}],"line":10},"3":{"loc":{"start":{"line":10,"column":6},"end":{"line":10,"column":82}},"type":"binary-expr","locations":[{"start":{"line":10,"column":6},"end":{"line":10,"column":31}},{"start":{"line":10,"column":35},"end":{"line":10,"column":82}}],"line":10},"4":{"loc":{"start":{"line":12,"column":2},"end":{"line":12,"column":74}},"type":"if","locations":[{"start":{"line":12,"column":2},"end":{"line":12,"column":74}},{"start":{},"end":{}}],"line":12},"5":{"loc":{"start":{"line":12,"column":6},"end":{"line":12,"column":47}},"type":"binary-expr","locations":[{"start":{"line":12,"column":6},"end":{"line":12,"column":12}},{"start":{"line":12,"column":16},"end":{"line":12,"column":27}},{"start":{"line":12,"column":31},"end":{"line":12,"column":47}}],"line":12},"6":{"loc":{"start":{"line":14,"column":2},"end":{"line":14,"column":102}},"type":"if","locations":[{"start":{"line":14,"column":2},"end":{"line":14,"column":102}},{"start":{},"end":{}}],"line":14},"7":{"loc":{"start":{"line":17,"column":4},"end":{"line":25,"column":5}},"type":"if","locations":[{"start":{"line":17,"column":4},"end":{"line":25,"column":5}},{"start":{},"end":{}}],"line":17},"8":{"loc":{"start":{"line":19,"column":6},"end":{"line":23,"column":7}},"type":"if","locations":[{"start":{"line":19,"column":6},"end":{"line":23,"column":7}},{"start":{"line":21,"column":13},"end":{"line":23,"column":7}}],"line":19},"9":{"loc":{"start":{"line":21,"column":13},"end":{"line":23,"column":7}},"type":"if","locations":[{"start":{"line":21,"column":13},"end":{"line":23,"column":7}},{"start":{},"end":{}}],"line":21},"10":{"loc":{"start":{"line":26,"column":4},"end":{"line":26,"column":127}},"type":"if","locations":[{"start":{"line":26,"column":4},"end":{"line":26,"column":127}},{"start":{},"end":{}}],"line":26},"11":{"loc":{"start":{"line":26,"column":8},"end":{"line":26,"column":48}},"type":"binary-expr","locations":[{"start":{"line":26,"column":8},"end":{"line":26,"column":16}},{"start":{"line":26,"column":20},"end":{"line":26,"column":31}},{"start":{"line":26,"column":35},"end":{"line":26,"column":48}}],"line":26},"12":{"loc":{"start":{"line":35,"column":4},"end":{"line":35,"column":78}},"type":"if","locations":[{"start":{"line":35,"column":4},"end":{"line":35,"column":78}},{"start":{},"end":{}}],"line":35},"13":{"loc":{"start":{"line":37,"column":4},"end":{"line":37,"column":111}},"type":"if","locations":[{"start":{"line":37,"column":4},"end":{"line":37,"column":111}},{"start":{},"end":{}}],"line":37}},"s":{"0":11,"1":11,"2":11,"3":11,"4":7,"5":1,"6":6,"7":4,"8":6,"9":1,"10":6,"11":1,"12":5,"13":5,"14":2,"15":2,"16":1,"17":1,"18":1,"19":2,"20":3,"21":1,"22":2,"23":2,"24":11,"25":15,"26":3,"27":1,"28":2,"29":1,"30":1,"31":11},"f":{"0":7,"1":5,"2":15,"3":3},"b":{"0":[1,6],"1":[7,1],"2":[4,2],"3":[6,4],"4":[1,5],"5":[6,2,2],"6":[1,5],"7":[2,3],"8":[1,1],"9":[1,0],"10":[1,2],"11":[3,3,2],"12":[1,2],"13":[1,1]},"_coverageSchema":"1a1c01bbd47fc00a2c39e90264f33305004495a9","hash":"afa297696f7ab6d3950421a8744e27781db543f3"}
,"C:\\Users\\34638\\OneDrive - Universidad Politécnica de Madrid\\Documentos\\QlickPay\\backend\\src\\models\\admin.model.js": {"path":"C:\\Users\\34638\\OneDrive - Universidad Politécnica de Madrid\\Documentos\\QlickPay\\backend\\src\\models\\admin.model.js","statementMap":{"0":{"start":{"line":1,"column":17},"end":{"line":1,"column":30}},"1":{"start":{"line":2,"column":13},"end":{"line":2,"column":69}},"2":{"start":{"line":5,"column":21},"end":{"line":10,"column":5}},"3":{"start":{"line":11,"column":4},"end":{"line":11,"column":27}},"4":{"start":{"line":15,"column":21},"end":{"line":20,"column":5}},"5":{"start":{"line":21,"column":4},"end":{"line":21,"column":27}},"6":{"start":{"line":25,"column":21},"end":{"line":29,"column":7}},"7":{"start":{"line":30,"column":6},"end":{"line":30,"column":21}},"8":{"start":{"line":34,"column":21},"end":{"line":38,"column":5}},"9":{"start":{"line":39,"column":4},"end":{"line":39,"column":19}},"10":{"start":{"line":43,"column":4},"end":{"line":47,"column":6}},"11":{"start":{"line":50,"column":0},"end":{"line":50,"column":115}}},"fnMap":{"0":{"name":"findUserByEmail","decl":{"start":{"line":4,"column":15},"end":{"line":4,"column":30}},"loc":{"start":{"line":4,"column":38},"end":{"line":12,"column":1}},"line":4},"1":{"name":"findRestaurantByName","decl":{"start":{"line":14,"column":15},"end":{"line":14,"column":35}},"loc":{"start":{"line":14,"column":53},"end":{"line":22,"column":1}},"line":14},"2":{"name":"createUserId","decl":{"start":{"line":24,"column":15},"end":{"line":24,"column":27}},"loc":{"start":{"line":24,"column":72},"end":{"line":31,"column":1}},"line":24},"3":{"name":"createRestaurant","decl":{"start":{"line":33,"column":15},"end":{"line":33,"column":31}},"loc":{"start":{"line":33,"column":67},"end":{"line":40,"column":1}},"line":33},"4":{"name":"assignOwnerToRestaurant","decl":{"start":{"line":42,"column":15},"end":{"line":42,"column":38}},"loc":{"start":{"line":42,"column":61},"end":{"line":48,"column":1}},"line":42}},"branchMap":{"0":{"loc":{"start":{"line":11,"column":11},"end":{"line":11,"column":26}},"type":"binary-expr","locations":[{"start":{"line":11,"column":11},"end":{"line":11,"column":18}},{"start":{"line":11,"column":22},"end":{"line":11,"column":26}}],"line":11},"1":{"loc":{"start":{"line":21,"column":11},"end":{"line":21,"column":26}},"type":"binary-expr","locations":[{"start":{"line":21,"column":11},"end":{"line":21,"column":18}},{"start":{"line":21,"column":22},"end":{"line":21,"column":26}}],"line":21}},"s":{"0":8,"1":8,"2":2,"3":2,"4":2,"5":2,"6":1,"7":1,"8":1,"9":1,"10":1,"11":8},"f":{"0":2,"1":2,"2":1,"3":1,"4":1},"b":{"0":[2,1],"1":[2,1]},"_coverageSchema":"1a1c01bbd47fc00a2c39e90264f33305004495a9","hash":"15dc4aa4e4368b6f27208f0e64bbe58989554c68"}
,"C:\\Users\\34638\\OneDrive - Universidad Politécnica de Madrid\\Documentos\\QlickPay\\backend\\src\\models\\auth.model.js": {"path":"C:\\Users\\34638\\OneDrive - Universidad Politécnica de Madrid\\Documentos\\QlickPay\\backend\\src\\models\\auth.model.js","statementMap":{"0":{"start":{"line":1,"column":17},"end":{"line":1,"column":30}},"1":{"start":{"line":2,"column":13},"end":{"line":2,"column":69}},"2":{"start":{"line":5,"column":4},"end":{"line":8,"column":6}},"3":{"start":{"line":12,"column":21},"end":{"line":17,"column":5}},"4":{"start":{"line":18,"column":4},"end":{"line":18,"column":42}},"5":{"start":{"line":22,"column":21},"end":{"line":27,"column":5}},"6":{"start":{"line":28,"column":4},"end":{"line":28,"column":27}},"7":{"start":{"line":31,"column":0},"end":{"line":31,"column":73}}},"fnMap":{"0":{"name":"createUser","decl":{"start":{"line":4,"column":15},"end":{"line":4,"column":25}},"loc":{"start":{"line":4,"column":69},"end":{"line":9,"column":1}},"line":4},"1":{"name":"findRestaurantIdByUserId","decl":{"start":{"line":11,"column":15},"end":{"line":11,"column":39}},"loc":{"start":{"line":11,"column":48},"end":{"line":19,"column":1}},"line":11},"2":{"name":"getTokenTable","decl":{"start":{"line":21,"column":15},"end":{"line":21,"column":28}},"loc":{"start":{"line":21,"column":56},"end":{"line":29,"column":1}},"line":21}},"branchMap":{"0":{"loc":{"start":{"line":18,"column":11},"end":{"line":18,"column":41}},"type":"binary-expr","locations":[{"start":{"line":18,"column":11},"end":{"line":18,"column":33}},{"start":{"line":18,"column":37},"end":{"line":18,"column":41}}],"line":18},"1":{"loc":{"start":{"line":28,"column":11},"end":{"line":28,"column":26}},"type":"binary-expr","locations":[{"start":{"line":28,"column":11},"end":{"line":28,"column":18}},{"start":{"line":28,"column":22},"end":{"line":28,"column":26}}],"line":28}},"s":{"0":6,"1":6,"2":1,"3":2,"4":2,"5":2,"6":2,"7":6},"f":{"0":1,"1":2,"2":2},"b":{"0":[2,1],"1":[2,1]},"_coverageSchema":"1a1c01bbd47fc00a2c39e90264f33305004495a9","hash":"33d2219a1f29e23e584534866583466ee214c5bd"}
,"C:\\Users\\34638\\OneDrive - Universidad Politécnica de Madrid\\Documentos\\QlickPay\\backend\\src\\models\\menu.model.js": {"path":"C:\\Users\\34638\\OneDrive - Universidad Politécnica de Madrid\\Documentos\\QlickPay\\backend\\src\\models\\menu.model.js","statementMap":{"0":{"start":{"line":1,"column":17},"end":{"line":1,"column":30}},"1":{"start":{"line":2,"column":13},"end":{"line":2,"column":69}},"2":{"start":{"line":5,"column":19},"end":{"line":10,"column":3}},"3":{"start":{"line":11,"column":2},"end":{"line":11,"column":14}},"4":{"start":{"line":15,"column":2},"end":{"line":19,"column":4}},"5":{"start":{"line":23,"column":2},"end":{"line":27,"column":4}},"6":{"start":{"line":30,"column":0},"end":{"line":30,"column":73}}},"fnMap":{"0":{"name":"findMenuByRestaurant","decl":{"start":{"line":4,"column":15},"end":{"line":4,"column":35}},"loc":{"start":{"line":4,"column":50},"end":{"line":12,"column":1}},"line":4},"1":{"name":"createMenuItem","decl":{"start":{"line":14,"column":15},"end":{"line":14,"column":29}},"loc":{"start":{"line":14,"column":84},"end":{"line":20,"column":1}},"line":14},"2":{"name":"removeMenuItem","decl":{"start":{"line":22,"column":15},"end":{"line":22,"column":29}},"loc":{"start":{"line":22,"column":38},"end":{"line":28,"column":1}},"line":22}},"branchMap":{},"s":{"0":4,"1":4,"2":1,"3":1,"4":1,"5":1,"6":4},"f":{"0":1,"1":1,"2":1},"b":{},"_coverageSchema":"1a1c01bbd47fc00a2c39e90264f33305004495a9","hash":"06fe3236ca5bdffcc3cc76516efc91d6b92c3b99"}
,"C:\\Users\\34638\\OneDrive - Universidad Politécnica de Madrid\\Documentos\\QlickPay\\backend\\src\\models\\orders.model.js": {"path":"C:\\Users\\34638\\OneDrive - Universidad Politécnica de Madrid\\Documentos\\QlickPay\\backend\\src\\models\\orders.model.js","statementMap":{"0":{"start":{"line":1,"column":17},"end":{"line":1,"column":30}},"1":{"start":{"line":2,"column":13},"end":{"line":2,"column":69}},"2":{"start":{"line":3,"column":23},"end":{"line":3,"column":38}},"3":{"start":{"line":6,"column":19},"end":{"line":11,"column":3}},"4":{"start":{"line":12,"column":2},"end":{"line":12,"column":40}},"5":{"start":{"line":16,"column":21},"end":{"line":21,"column":5}},"6":{"start":{"line":22,"column":4},"end":{"line":22,"column":27}},"7":{"start":{"line":27,"column":2},"end":{"line":31,"column":4}},"8":{"start":{"line":35,"column":23},"end":{"line":37,"column":14}},"9":{"start":{"line":36,"column":19},"end":{"line":36,"column":81}},"10":{"start":{"line":38,"column":17},"end":{"line":38,"column":40}},"11":{"start":{"line":39,"column":16},"end":{"line":41,"column":27}},"12":{"start":{"line":43,"column":2},"end":{"line":43,"column":34}},"13":{"start":{"line":47,"column":19},"end":{"line":52,"column":3}},"14":{"start":{"line":53,"column":2},"end":{"line":53,"column":33}},"15":{"start":{"line":56,"column":0},"end":{"line":56,"column":113}}},"fnMap":{"0":{"name":"findTableRestaurant","decl":{"start":{"line":5,"column":15},"end":{"line":5,"column":34}},"loc":{"start":{"line":5,"column":44},"end":{"line":13,"column":1}},"line":5},"1":{"name":"fetchMenuItem","decl":{"start":{"line":15,"column":15},"end":{"line":15,"column":28}},"loc":{"start":{"line":15,"column":43},"end":{"line":23,"column":3}},"line":15},"2":{"name":"insertOrder","decl":{"start":{"line":26,"column":15},"end":{"line":26,"column":26}},"loc":{"start":{"line":26,"column":83},"end":{"line":32,"column":1}},"line":26},"3":{"name":"insertOrderItems","decl":{"start":{"line":34,"column":15},"end":{"line":34,"column":31}},"loc":{"start":{"line":34,"column":50},"end":{"line":44,"column":1}},"line":34},"4":{"name":"(anonymous_4)","decl":{"start":{"line":36,"column":9},"end":{"line":36,"column":10}},"loc":{"start":{"line":36,"column":19},"end":{"line":36,"column":81}},"line":36},"5":{"name":"getStatusByTable","decl":{"start":{"line":46,"column":15},"end":{"line":46,"column":31}},"loc":{"start":{"line":46,"column":55},"end":{"line":54,"column":1}},"line":46}},"branchMap":{"0":{"loc":{"start":{"line":12,"column":9},"end":{"line":12,"column":39}},"type":"binary-expr","locations":[{"start":{"line":12,"column":9},"end":{"line":12,"column":31}},{"start":{"line":12,"column":35},"end":{"line":12,"column":39}}],"line":12},"1":{"loc":{"start":{"line":22,"column":11},"end":{"line":22,"column":26}},"type":"binary-expr","locations":[{"start":{"line":22,"column":11},"end":{"line":22,"column":18}},{"start":{"line":22,"column":22},"end":{"line":22,"column":26}}],"line":22},"2":{"loc":{"start":{"line":53,"column":9},"end":{"line":53,"column":32}},"type":"binary-expr","locations":[{"start":{"line":53,"column":9},"end":{"line":53,"column":24}},{"start":{"line":53,"column":28},"end":{"line":53,"column":32}}],"line":53}},"s":{"0":10,"1":10,"2":10,"3":2,"4":2,"5":2,"6":2,"7":1,"8":1,"9":2,"10":1,"11":1,"12":1,"13":2,"14":2,"15":10},"f":{"0":2,"1":2,"2":1,"3":1,"4":2,"5":2},"b":{"0":[2,1],"1":[2,1],"2":[2,1]},"_coverageSchema":"1a1c01bbd47fc00a2c39e90264f33305004495a9","hash":"0e49617d8dc4ddf0b8eb9bc17fab6bdf0f18a9b3"}
,"C:\\Users\\34638\\OneDrive - Universidad Politécnica de Madrid\\Documentos\\QlickPay\\backend\\src\\models\\payments.model.js": {"path":"C:\\Users\\34638\\OneDrive - Universidad Politécnica de Madrid\\Documentos\\QlickPay\\backend\\src\\models\\payments.model.js","statementMap":{"0":{"start":{"line":1,"column":15},"end":{"line":1,"column":63}},"1":{"start":{"line":2,"column":17},"end":{"line":2,"column":30}},"2":{"start":{"line":3,"column":13},"end":{"line":3,"column":69}},"3":{"start":{"line":5,"column":24},"end":{"line":5,"column":33}},"4":{"start":{"line":6,"column":25},"end":{"line":6,"column":34}},"5":{"start":{"line":9,"column":2},"end":{"line":9,"column":31}},"6":{"start":{"line":10,"column":18},"end":{"line":13,"column":19}},"7":{"start":{"line":11,"column":4},"end":{"line":11,"column":21}},"8":{"start":{"line":12,"column":4},"end":{"line":12,"column":63}},"9":{"start":{"line":14,"column":2},"end":{"line":14,"column":41}},"10":{"start":{"line":18,"column":2},"end":{"line":18,"column":38}},"11":{"start":{"line":22,"column":13},"end":{"line":22,"column":42}},"12":{"start":{"line":23,"column":2},"end":{"line":26,"column":3}},"13":{"start":{"line":24,"column":4},"end":{"line":24,"column":21}},"14":{"start":{"line":25,"column":4},"end":{"line":25,"column":37}},"15":{"start":{"line":27,"column":2},"end":{"line":27,"column":34}},"16":{"start":{"line":31,"column":17},"end":{"line":31,"column":37}},"17":{"start":{"line":32,"column":16},"end":{"line":32,"column":42}},"18":{"start":{"line":33,"column":17},"end":{"line":33,"column":47}},"19":{"start":{"line":35,"column":2},"end":{"line":54,"column":3}},"20":{"start":{"line":36,"column":4},"end":{"line":36,"column":32}},"21":{"start":{"line":37,"column":4},"end":{"line":45,"column":5}},"22":{"start":{"line":38,"column":6},"end":{"line":40,"column":7}},"23":{"start":{"line":39,"column":8},"end":{"line":39,"column":70}},"24":{"start":{"line":41,"column":11},"end":{"line":45,"column":5}},"25":{"start":{"line":42,"column":6},"end":{"line":42,"column":53}},"26":{"start":{"line":44,"column":6},"end":{"line":44,"column":36}},"27":{"start":{"line":46,"column":4},"end":{"line":46,"column":97}},"28":{"start":{"line":46,"column":26},"end":{"line":46,"column":97}},"29":{"start":{"line":48,"column":4},"end":{"line":48,"column":33}},"30":{"start":{"line":50,"column":4},"end":{"line":50,"column":35}},"31":{"start":{"line":51,"column":4},"end":{"line":51,"column":14}},"32":{"start":{"line":53,"column":4},"end":{"line":53,"column":21}},"33":{"start":{"line":58,"column":4},"end":{"line":95,"column":7}},"34":{"start":{"line":59,"column":8},"end":{"line":59,"column":36}},"35":{"start":{"line":62,"column":8},"end":{"line":69,"column":10}},"36":{"start":{"line":72,"column":8},"end":{"line":77,"column":10}},"37":{"start":{"line":80,"column":23},"end":{"line":85,"column":9}},"38":{"start":{"line":86,"column":8},"end":{"line":86,"column":37}},"39":{"start":{"line":88,"column":8},"end":{"line":88,"column":154}},"40":{"start":{"line":88,"column":53},"end":{"line":88,"column":154}},"41":{"start":{"line":91,"column":8},"end":{"line":91,"column":39}},"42":{"start":{"line":92,"column":8},"end":{"line":92,"column":18}},"43":{"start":{"line":94,"column":8},"end":{"line":94,"column":25}},"44":{"start":{"line":99,"column":4},"end":{"line":215,"column":5}},"45":{"start":{"line":100,"column":8},"end":{"line":100,"column":36}},"46":{"start":{"line":102,"column":8},"end":{"line":102,"column":74}},"47":{"start":{"line":105,"column":33},"end":{"line":112,"column":9}},"48":{"start":{"line":114,"column":20},"end":{"line":114,"column":33}},"49":{"start":{"line":116,"column":8},"end":{"line":191,"column":9}},"50":{"start":{"line":117,"column":10},"end":{"line":117,"column":32}},"51":{"start":{"line":117,"column":26},"end":{"line":117,"column":32}},"52":{"start":{"line":120,"column":27},"end":{"line":133,"column":11}},"53":{"start":{"line":134,"column":10},"end":{"line":13
[...]
,"C:\\Users\\34638\\OneDrive - Universidad Politécnica de Madrid\\Documentos\\QlickPay\\backend\\src\\models\\qr.model.js": {"path":"C:\\Users\\34638\\OneDrive - Universidad Politécnica de Madrid\\Documentos\\QlickPay\\backend\\src\\models\\qr.model.js","statementMap":{"0":{"start":{"line":1,"column":17},"end":{"line":1,"column":30}},"1":{"start":{"line":2,"column":13},"end":{"line":2,"column":69}},"2":{"start":{"line":5,"column":19},"end":{"line":10,"column":3}},"3":{"start":{"line":11,"column":2},"end":{"line":11,"column":37}},"4":{"start":{"line":11,"column":19},"end":{"line":11,"column":37}},"5":{"start":{"line":13,"column":17},"end":{"line":18,"column":3}},"6":{"start":{"line":19,"column":2},"end":{"line":19,"column":27}},"7":{"start":{"line":23,"column":2},"end":{"line":29,"column":4}},"8":{"start":{"line":33,"column":19},"end":{"line":38,"column":3}},"9":{"start":{"line":39,"column":2},"end":{"line":39,"column":20}},"10":{"start":{"line":43,"column":17},"end":{"line":63,"column":3}},"11":{"start":{"line":64,"column":2},"end":{"line":64,"column":21}},"12":{"start":{"line":68,"column":2},"end":{"line":68,"column":60}},"13":{"start":{"line":68,"column":53},"end":{"line":68,"column":60}},"14":{"start":{"line":69,"column":19},"end":{"line":74,"column":3}},"15":{"start":{"line":75,"column":2},"end":{"line":81,"column":3}},"16":{"start":{"line":76,"column":4},"end":{"line":80,"column":6}},"17":{"start":{"line":84,"column":0},"end":{"line":84,"column":103}}},"fnMap":{"0":{"name":"ensureQRCode","decl":{"start":{"line":4,"column":15},"end":{"line":4,"column":27}},"loc":{"start":{"line":4,"column":48},"end":{"line":20,"column":1}},"line":4},"1":{"name":"upsertTableQR","decl":{"start":{"line":22,"column":15},"end":{"line":22,"column":28}},"loc":{"start":{"line":22,"column":62},"end":{"line":30,"column":1}},"line":22},"2":{"name":"getTableId","decl":{"start":{"line":32,"column":15},"end":{"line":32,"column":25}},"loc":{"start":{"line":32,"column":53},"end":{"line":40,"column":1}},"line":32},"3":{"name":"fetchTableBill","decl":{"start":{"line":42,"column":15},"end":{"line":42,"column":29}},"loc":{"start":{"line":42,"column":61},"end":{"line":65,"column":1}},"line":42},"4":{"name":"markTableOccupiedIfNeeded","decl":{"start":{"line":67,"column":15},"end":{"line":67,"column":40}},"loc":{"start":{"line":67,"column":75},"end":{"line":82,"column":1}},"line":67}},"branchMap":{"0":{"loc":{"start":{"line":11,"column":2},"end":{"line":11,"column":37}},"type":"if","locations":[{"start":{"line":11,"column":2},"end":{"line":11,"column":37}},{"start":{},"end":{}}],"line":11},"1":{"loc":{"start":{"line":68,"column":2},"end":{"line":68,"column":60}},"type":"if","locations":[{"start":{"line":68,"column":2},"end":{"line":68,"column":60}},{"start":{},"end":{}}],"line":68},"2":{"loc":{"start":{"line":68,"column":6},"end":{"line":68,"column":51}},"type":"binary-expr","locations":[{"start":{"line":68,"column":6},"end":{"line":68,"column":32}},{"start":{"line":68,"column":36},"end":{"line":68,"column":51}}],"line":68},"3":{"loc":{"start":{"line":75,"column":2},"end":{"line":81,"column":3}},"type":"if","locations":[{"start":{"line":75,"column":2},"end":{"line":81,"column":3}},{"start":{},"end":{}}],"line":75}},"s":{"0":10,"1":10,"2":2,"3":2,"4":1,"5":1,"6":1,"7":1,"8":1,"9":1,"10":1,"11":1,"12":4,"13":2,"14":2,"15":2,"16":1,"17":10},"f":{"0":2,"1":1,"2":1,"3":1,"4":4},"b":{"0":[1,1],"1":[2,2],"2":[4,3],"3":[1,1]},"_coverageSchema":"1a1c01bbd47fc00a2c39e90264f33305004495a9","hash":"bf0683b3a3054aa0c34b29ae3d4e5708b4b7acdf"}
,"C:\\Users\\34638\\OneDrive - Universidad Politécnica de Madrid\\Documentos\\QlickPay\\backend\\src\\models\\restaurant.model.js": {"path":"C:\\Users\\34638\\OneDrive - Universidad Politécnica de Madrid\\Documentos\\QlickPay\\backend\\src\\models\\restaurant.model.js","statementMap":{"0":{"start":{"line":1,"column":17},"end":{"line":1,"column":30}},"1":{"start":{"line":2,"column":13},"end":{"line":2,"column":69}},"2":{"start":{"line":5,"column":19},"end":{"line":7,"column":3}},"3":{"start":{"line":8,"column":2},"end":{"line":8,"column":14}},"4":{"start":{"line":11,"column":0},"end":{"line":11,"column":40}}},"fnMap":{"0":{"name":"findAllRestaurants","decl":{"start":{"line":4,"column":15},"end":{"line":4,"column":33}},"loc":{"start":{"line":4,"column":36},"end":{"line":9,"column":1}},"line":4}},"branchMap":{},"s":{"0":3,"1":3,"2":2,"3":2,"4":3},"f":{"0":2},"b":{},"_coverageSchema":"1a1c01bbd47fc00a2c39e90264f33305004495a9","hash":"94d421bd0198b65117281c2b8a90bcb1810fcd6e"}
,"C:\\Users\\34638\\OneDrive - Universidad Politécnica de Madrid\\Documentos\\QlickPay\\backend\\src\\models\\waiter.model.js": {"path":"C:\\Users\\34638\\OneDrive - Universidad Politécnica de Madrid\\Documentos\\QlickPay\\backend\\src\\models\\waiter.model.js","statementMap":{"0":{"start":{"line":1,"column":17},"end":{"line":1,"column":30}},"1":{"start":{"line":2,"column":13},"end":{"line":2,"column":69}},"2":{"start":{"line":5,"column":19},"end":{"line":19,"column":3}},"3":{"start":{"line":20,"column":2},"end":{"line":20,"column":14}},"4":{"start":{"line":24,"column":19},"end":{"line":30,"column":3}},"5":{"start":{"line":31,"column":2},"end":{"line":31,"column":14}},"6":{"start":{"line":35,"column":2},"end":{"line":39,"column":4}},"7":{"start":{"line":41,"column":2},"end":{"line":45,"column":4}},"8":{"start":{"line":49,"column":2},"end":{"line":53,"column":4}},"9":{"start":{"line":57,"column":19},"end":{"line":64,"column":3}},"10":{"start":{"line":65,"column":2},"end":{"line":65,"column":14}},"11":{"start":{"line":69,"column":19},"end":{"line":73,"column":3}},"12":{"start":{"line":75,"column":2},"end":{"line":79,"column":4}},"13":{"start":{"line":83,"column":21},"end":{"line":88,"column":5}},"14":{"start":{"line":89,"column":4},"end":{"line":89,"column":27}},"15":{"start":{"line":93,"column":2},"end":{"line":97,"column":4}},"16":{"start":{"line":99,"column":2},"end":{"line":103,"column":4}},"17":{"start":{"line":107,"column":19},"end":{"line":114,"column":3}},"18":{"start":{"line":115,"column":2},"end":{"line":115,"column":25}},"19":{"start":{"line":119,"column":4},"end":{"line":123,"column":6}},"20":{"start":{"line":127,"column":4},"end":{"line":131,"column":6}},"21":{"start":{"line":135,"column":19},"end":{"line":139,"column":3}},"22":{"start":{"line":141,"column":16},"end":{"line":141,"column":29}},"23":{"start":{"line":143,"column":2},"end":{"line":155,"column":3}},"24":{"start":{"line":144,"column":4},"end":{"line":148,"column":6}},"25":{"start":{"line":150,"column":4},"end":{"line":154,"column":6}},"26":{"start":{"line":159,"column":2},"end":{"line":166,"column":4}},"27":{"start":{"line":170,"column":2},"end":{"line":175,"column":4}},"28":{"start":{"line":179,"column":4},"end":{"line":186,"column":6}},"29":{"start":{"line":189,"column":0},"end":{"line":205,"column":2}}},"fnMap":{"0":{"name":"findTablesByRestaurant","decl":{"start":{"line":4,"column":15},"end":{"line":4,"column":37}},"loc":{"start":{"line":4,"column":52},"end":{"line":21,"column":1}},"line":4},"1":{"name":"findPendingOrdersByTable","decl":{"start":{"line":23,"column":15},"end":{"line":23,"column":39}},"loc":{"start":{"line":23,"column":49},"end":{"line":32,"column":1}},"line":23},"2":{"name":"deletePendingOrdersByTable","decl":{"start":{"line":34,"column":15},"end":{"line":34,"column":41}},"loc":{"start":{"line":34,"column":52},"end":{"line":46,"column":1}},"line":34},"3":{"name":"updateTableStatusInDb","decl":{"start":{"line":48,"column":15},"end":{"line":48,"column":36}},"loc":{"start":{"line":48,"column":53},"end":{"line":54,"column":1}},"line":48},"4":{"name":"findWaitersByRestaurant","decl":{"start":{"line":56,"column":15},"end":{"line":56,"column":38}},"loc":{"start":{"line":56,"column":53},"end":{"line":66,"column":1}},"line":56},"5":{"name":"insertWaiter","decl":{"start":{"line":68,"column":15},"end":{"line":68,"column":27}},"loc":{"start":{"line":68,"column":86},"end":{"line":80,"column":1}},"line":68},"6":{"name":"findWaiterById","decl":{"start":{"line":82,"column":15},"end":{"line":82,"column":29}},"loc":{"start":{"line":82,"column":34},"end":{"line":90,"column":3}},"line":82},"7":{"name":"deleteWaiterById","decl":{"start":{"line":92,"column":15},"end":{"line":92,"column":31}},"loc":{"start":{"line":92,"column":36},"end":{"line":104,"column":1}},"line":92},"8":{"name":"findOrderItemForRemoval","decl":{"start":{"line":106,"column":15},"end":{"line":106,"column":38}},"loc":{"start":{"line":106,"column":58},"end":{"line":116,"column":1}},"line":106},"9":{"name":"updateItem","decl":{"start":{"line":118,"column":15},"end":{"line":118,"column":25}},"loc":{"start":{"line":118,"column":56},"end":{"line":124,"column":1}},"line":118},"10":{"name":"removeOrderItemById","decl":{"start":{"line":126,"column":15},"end":{"line":126,"column":34}},"loc":{"start":{"line":126,"column":39},"end":{"line":132,"column":1}},"line":126},"11":{"name":"updateOrderItemsTotals","decl":{"start":{"line":134,"column":15},"end":{"line":134,"column":37}},"loc":{"start":{"line":134,"column":47},"end":{"line":156,"column":1}},"line":134},"12":{"name":"clearSessionTokenForTable","decl":{"start":{"line":158,"column":15},"end":{"line":158,"column":40}},"loc":{"start":{"line":158,"column":64},"end":{"line":167,"column":1}},"line":158},"13":{"name":"generateSessionTokenForTable","decl":{"start":{"line":169,"column":15},"end":{"line":169,"column":43}},"loc":{"start":{"line":169,"column":86},"end":{"line":176,"column":1}},"line":169},"14":{"name":"clearTableOrders","decl":{"start":{"line":178,"column":15},"end":{"line":178,"column":31}},"loc":{"start":{"line":178,"column":55},"end":{"line":187,"column":3}},"line":178}},"branchMap":{"0":{"loc":{"start":{"line":89,"column":11},"end":{"line":89,"column":26}},"type":"binary-expr","locations":[{"start":{"line":89,"column":11},"end":{"line":89,"column":18}},{"start":{"line":89,"column":22},"end":{"line":89,"column":26}}],"line":89},"1":{"loc":{"start":{"line":115,"column":9},"end":{"line":115,"column":24}},"type":"binary-expr","locations":[{"start":{"line":115,"column":9},"end":{"line":115,"column":16}},{"start":{"line":115,"column":20},"end":{"line":115,"column":24}}],"line":115},"2":{"loc":{"start":{"line":143,"column":2},"end":{"line":155,"column":3}},"type":"if","locations":[{"start":{"line":143,"column":2},"end":{"line":155,"column":3}},{"start":{"line":149,"column":9},"end":{"line":155,"column":3}}],"line":143}},"s":{"0":19,"1":19,"2":1,"3":1,"4":1,"5":1,"6":1,"7":1,"8":1,"9":1,"10":1,"11":1,"12":1,"13":2,"14":2,"15":1,"16":1,"17":2,"18":2,"19":1,"20":1,"21":2,"22":2,"23":2,"24":1,"25":1,"26":1,"27":1,"28":1,"29":19},"f":{"0":1,"1":1,"2":1,"3":1,"4":1,"5":1,"6":2,"7":1,"8":2,"9":1,"10":1,"11":2,"12":1,"13":1,"14":1},"b":{"0":[2,1],"1":[2,1],"2":[1,1]},"_coverageSchema":"1a1c01bbd47fc00a2c39e90264f33305004495a9","hash":"a2362b1984eac34d6cdd9979f541d3020ac607ac"}
,"C:\\Users\\34638\\OneDrive - Universidad Politécnica de Madrid\\Documentos\\QlickPay\\backend\\src\\routes\\admin.routes.js": {"path":"C:\\Users\\34638\\OneDrive - Universidad Politécnica de Madrid\\Documentos\\QlickPay\\backend\\src\\routes\\admin.routes.js","statementMap":{"0":{"start":{"line":1,"column":16},"end":{"line":1,"column":34}},"1":{"start":{"line":2,"column":15},"end":{"line":2,"column":31}},"2":{"start":{"line":4,"column":26},"end":{"line":4,"column":68}},"3":{"start":{"line":5,"column":36},"end":{"line":5,"column":77}},"4":{"start":{"line":7,"column":0},"end":{"line":7,"column":80}},"5":{"start":{"line":9,"column":0},"end":{"line":9,"column":24}}},"fnMap":{},"branchMap":{},"s":{"0":2,"1":2,"2":2,"3":2,"4":2,"5":2},"f":{},"b":{},"_coverageSchema":"1a1c01bbd47fc00a2c39e90264f33305004495a9","hash":"6d99164ec808f7759e68f2bf413edd444d1d2a32"}
,"C:\\Users\\34638\\OneDrive - Universidad Politécnica de Madrid\\Documentos\\QlickPay\\backend\\src\\routes\\auth.routes.js": {"path":"C:\\Users\\34638\\OneDrive - Universidad Politécnica de Madrid\\Documentos\\QlickPay\\backend\\src\\routes\\auth.routes.js","statementMap":{"0":{"start":{"line":1,"column":16},"end":{"line":1,"column":34}},"1":{"start":{"line":2,"column":15},"end":{"line":2,"column":31}},"2":{"start":{"line":4,"column":67},"end":{"line":4,"column":108}},"3":{"start":{"line":5,"column":25},"end":{"line":5,"column":66}},"4":{"start":{"line":7,"column":0},"end":{"line":7,"column":35}},"5":{"start":{"line":8,"column":0},"end":{"line":8,"column":29}},"6":{"start":{"line":9,"column":0},"end":{"line":9,"column":35}},"7":{"start":{"line":10,"column":0},"end":{"line":10,"column":45}},"8":{"start":{"line":11,"column":0},"end":{"line":11,"column":60}},"9":{"start":{"line":13,"column":0},"end":{"line":13,"column":24}}},"fnMap":{},"branchMap":{},"s":{"0":6,"1":6,"2":6,"3":6,"4":6,"5":6,"6":6,"7":6,"8":6,"9":6},"f":{},"b":{},"_coverageSchema":"1a1c01bbd47fc00a2c39e90264f33305004495a9","hash":"15b6a434b40c1a7c0812174882a19552ddc1e243"}
,"C:\\Users\\34638\\OneDrive - Universidad Politécnica de Madrid\\Documentos\\QlickPay\\backend\\src\\routes\\menu.routes.js": {"path":"C:\\Users\\34638\\OneDrive - Universidad Politécnica de Madrid\\Documentos\\QlickPay\\backend\\src\\routes\\menu.routes.js","statementMap":{"0":{"start":{"line":1,"column":16},"end":{"line":1,"column":34}},"1":{"start":{"line":2,"column":15},"end":{"line":2,"column":31}},"2":{"start":{"line":4,"column":60},"end":{"line":4,"column":101}},"3":{"start":{"line":5,"column":36},"end":{"line":5,"column":77}},"4":{"start":{"line":7,"column":0},"end":{"line":7,"column":50}},"5":{"start":{"line":8,"column":0},"end":{"line":8,"column":64}},"6":{"start":{"line":9,"column":0},"end":{"line":9,"column":76}},"7":{"start":{"line":11,"column":0},"end":{"line":11,"column":24}}},"fnMap":{},"branchMap":{},"s":{"0":4,"1":4,"2":4,"3":4,"4":4,"5":4,"6":4,"7":4},"f":{},"b":{},"_coverageSchema":"1a1c01bbd47fc00a2c39e90264f33305004495a9","hash":"75161e2eff8ff2a16f91772e22ac7f7461c30d72"}
,"C:\\Users\\34638\\OneDrive - Universidad Politécnica de Madrid\\Documentos\\QlickPay\\backend\\src\\routes\\orders.routes.js": {"path":"C:\\Users\\34638\\OneDrive - Universidad Politécnica de Madrid\\Documentos\\QlickPay\\backend\\src\\routes\\orders.routes.js","statementMap":{"0":{"start":{"line":1,"column":16},"end":{"line":1,"column":34}},"1":{"start":{"line":2,"column":15},"end":{"line":2,"column":31}},"2":{"start":{"line":4,"column":36},"end":{"line":4,"column":79}},"3":{"start":{"line":6,"column":0},"end":{"line":6,"column":29}},"4":{"start":{"line":7,"column":0},"end":{"line":7,"column":67}},"5":{"start":{"line":10,"column":0},"end":{"line":10,"column":24}}},"fnMap":{},"branchMap":{},"s":{"0":3,"1":3,"2":3,"3":3,"4":3,"5":3},"f":{},"b":{},"_coverageSchema":"1a1c01bbd47fc00a2c39e90264f33305004495a9","hash":"81355e74dc3c75005cfea3796471f26d8b3e9d6a"}
,"C:\\Users\\34638\\OneDrive - Universidad Politécnica de Madrid\\Documentos\\QlickPay\\backend\\src\\routes\\payments.routes.js": {"path":"C:\\Users\\34638\\OneDrive - Universidad Politécnica de Madrid\\Documentos\\QlickPay\\backend\\src\\routes\\payments.routes.js","statementMap":{"0":{"start":{"line":1,"column":16},"end":{"line":1,"column":34}},"1":{"start":{"line":2,"column":15},"end":{"line":2,"column":31}},"2":{"start":{"line":4,"column":76},"end":{"line":4,"column":124}},"3":{"start":{"line":6,"column":0},"end":{"line":6,"column":63}},"4":{"start":{"line":7,"column":0},"end":{"line":7,"column":53}},"5":{"start":{"line":8,"column":0},"end":{"line":8,"column":54}},"6":{"start":{"line":10,"column":0},"end":{"line":10,"column":24}}},"fnMap":{},"branchMap":{},"s":{"0":4,"1":4,"2":4,"3":4,"4":4,"5":4,"6":4},"f":{},"b":{},"_coverageSchema":"1a1c01bbd47fc00a2c39e90264f33305004495a9","hash":"cc608bce38f2e227fc9c76354ca5db9a76ca1b57"}
,"C:\\Users\\34638\\OneDrive - Universidad Politécnica de Madrid\\Documentos\\QlickPay\\backend\\src\\routes\\qr.routes.js": {"path":"C:\\Users\\34638\\OneDrive - Universidad Politécnica de Madrid\\Documentos\\QlickPay\\backend\\src\\routes\\qr.routes.js","statementMap":{"0":{"start":{"line":1,"column":16},"end":{"line":1,"column":34}},"1":{"start":{"line":2,"column":15},"end":{"line":2,"column":31}},"2":{"start":{"line":4,"column":37},"end":{"line":4,"column":76}},"3":{"start":{"line":5,"column":36},"end":{"line":5,"column":77}},"4":{"start":{"line":7,"column":0},"end":{"line":7,"column":70}},"5":{"start":{"line":8,"column":0},"end":{"line":8,"column":57}},"6":{"start":{"line":10,"column":0},"end":{"line":10,"column":24}}},"fnMap":{},"branchMap":{},"s":{"0":3,"1":3,"2":3,"3":3,"4":3,"5":3,"6":3},"f":{},"b":{},"_coverageSchema":"1a1c01bbd47fc00a2c39e90264f33305004495a9","hash":"395cecb3b7f95bee90e589138a82dc78dccc0215"}
,"C:\\Users\\34638\\OneDrive - Universidad Politécnica de Madrid\\Documentos\\QlickPay\\backend\\src\\routes\\restaurant.routes.js": {"path":"C:\\Users\\34638\\OneDrive - Universidad Politécnica de Madrid\\Documentos\\QlickPay\\backend\\src\\routes\\restaurant.routes.js","statementMap":{"0":{"start":{"line":1,"column":16},"end":{"line":1,"column":34}},"1":{"start":{"line":2,"column":15},"end":{"line":2,"column":31}},"2":{"start":{"line":4,"column":27},"end":{"line":4,"column":74}},"3":{"start":{"line":6,"column":0},"end":{"line":6,"column":35}},"4":{"start":{"line":8,"column":0},"end":{"line":8,"column":24}}},"fnMap":{},"branchMap":{},"s":{"0":2,"1":2,"2":2,"3":2,"4":2},"f":{},"b":{},"_coverageSchema":"1a1c01bbd47fc00a2c39e90264f33305004495a9","hash":"3ec9e5f5d8e4885ea79b8acabf967b2b863df444"}
,"C:\\Users\\34638\\OneDrive - Universidad Politécnica de Madrid\\Documentos\\QlickPay\\backend\\src\\routes\\waiter.routes.js": {"path":"C:\\Users\\34638\\OneDrive - Universidad Politécnica de Madrid\\Documentos\\QlickPay\\backend\\src\\routes\\waiter.routes.js","statementMap":{"0":{"start":{"line":1,"column":16},"end":{"line":1,"column":34}},"1":{"start":{"line":2,"column":15},"end":{"line":2,"column":31}},"2":{"start":{"line":4,"column":139},"end":{"line":4,"column":182}},"3":{"start":{"line":5,"column":36},"end":{"line":5,"column":77}},"4":{"start":{"line":7,"column":0},"end":{"line":7,"column":65}},"5":{"start":{"line":8,"column":0},"end":{"line":8,"column":85}},"6":{"start":{"line":10,"column":0},"end":{"line":10,"column":62}},"7":{"start":{"line":11,"column":0},"end":{"line":11,"column":75}},"8":{"start":{"line":12,"column":0},"end":{"line":12,"column":70}},"9":{"start":{"line":13,"column":0},"end":{"line":13,"column":86}},"10":{"start":{"line":14,"column":0},"end":{"line":14,"column":107}},"11":{"start":{"line":15,"column":0},"end":{"line":15,"column":89}},"12":{"start":{"line":17,"column":0},"end":{"line":17,"column":24}}},"fnMap":{},"branchMap":{},"s":{"0":9,"1":9,"2":9,"3":9,"4":9,"5":9,"6":9,"7":9,"8":9,"9":9,"10":9,"11":9,"12":9},"f":{},"b":{},"_coverageSchema":"1a1c01bbd47fc00a2c39e90264f33305004495a9","hash":"29014ed725dd6d6885b1f45d4bd2fe6c43c8ad9b"}
}
