TN:
SF:src\app.js
FN:20,(anonymous_0)
FN:49,(anonymous_1)
FNF:2
FNH:0
FNDA:0,(anonymous_0)
FNDA:0,(anonymous_1)
DA:1,1
DA:2,1
DA:3,1
DA:4,1
DA:5,1
DA:7,1
DA:8,1
DA:9,1
DA:10,1
DA:11,1
DA:12,1
DA:13,1
DA:14,1
DA:16,1
DA:18,1
DA:19,1
DA:21,0
DA:22,0
DA:24,0
DA:32,1
DA:33,1
DA:34,1
DA:35,1
DA:38,1
DA:40,1
DA:41,1
DA:42,1
DA:43,1
DA:44,1
DA:45,1
DA:46,1
DA:47,1
DA:49,1
DA:50,0
DA:51,0
DA:54,1
LF:36
LH:31
BRDA:18,0,0,1
BRDA:18,0,1,0
BRDA:21,1,0,0
BRDA:21,1,1,0
BRDA:21,2,0,0
BRDA:21,2,1,0
BRF:6
BRH:1
end_of_record
TN:
SF:src\server.js
FN:9,(anonymous_0)
FN:13,(anonymous_1)
FN:19,(anonymous_2)
FN:21,(anonymous_3)
FN:29,(anonymous_4)
FN:31,(anonymous_5)
FNF:6
FNH:0
FNDA:0,(anonymous_0)
FNDA:0,(anonymous_1)
FNDA:0,(anonymous_2)
FNDA:0,(anonymous_3)
FNDA:0,(anonymous_4)
FNDA:0,(anonymous_5)
DA:1,1
DA:2,1
DA:3,1
DA:4,1
DA:6,1
DA:7,1
DA:9,1
DA:10,0
DA:13,1
DA:14,0
DA:17,1
DA:19,1
DA:20,0
DA:22,0
DA:26,1
DA:27,1
DA:29,1
DA:30,0
DA:32,0
LF:19
LH:13
BRF:0
BRH:0
end_of_record
TN:
SF:src\controllers\admin.controller.js
FN:4,(anonymous_0)
FNF:1
FNH:1
FNDA:5,(anonymous_0)
DA:1,2
DA:2,2
DA:4,2
DA:5,5
DA:7,5
DA:9,4
DA:10,4
DA:11,2
DA:13,1
DA:14,1
DA:15,1
DA:17,1
DA:19,1
DA:21,1
DA:22,1
DA:26,2
LF:16
LH:16
BRDA:7,0,0,1
BRDA:7,0,1,4
BRDA:10,1,0,1
BRDA:10,1,1,2
BRDA:11,2,0,1
BRDA:11,2,1,1
BRF:6
BRH:6
end_of_record
TN:
SF:src\controllers\auth.controller.js
FN:7,(anonymous_0)
FN:19,(anonymous_1)
FN:42,(anonymous_2)
FN:46,(anonymous_3)
FN:53,(anonymous_4)
FNF:5
FNH:5
FNDA:2,(anonymous_0)
FNDA:5,(anonymous_1)
FNDA:1,(anonymous_2)
FNDA:1,(anonymous_3)
FNDA:5,(anonymous_4)
DA:1,2
DA:2,2
DA:4,2
DA:5,2
DA:7,2
DA:8,2
DA:9,2
DA:11,2
DA:12,2
DA:13,1
DA:15,1
DA:19,2
DA:20,5
DA:21,5
DA:23,5
DA:25,4
DA:26,4
DA:28,3
DA:29,1
DA:31,1
DA:32,1
DA:34,1
DA:35,1
DA:37,1
DA:38,1
DA:42,2
DA:43,1
DA:46,2
DA:47,1
DA:49,1
DA:50,1
DA:53,2
DA:54,5
DA:56,5
DA:58,4
DA:59,4
DA:61,3
DA:63,2
DA:64,2
DA:66,1
DA:68,1
DA:69,1
DA:73,2
LF:43
LH:43
BRDA:23,0,0,1
BRDA:23,0,1,4
BRDA:23,1,0,5
BRDA:23,1,1,4
BRDA:28,2,0,2
BRDA:28,2,1,1
BRDA:28,3,0,3
BRDA:28,3,1,2
BRDA:29,4,0,0
BRDA:29,4,1,1
BRDA:29,5,0,1
BRDA:29,5,1,1
BRDA:43,6,0,1
BRDA:43,6,1,0
BRDA:56,7,0,1
BRDA:56,7,1,4
BRDA:56,8,0,5
BRDA:56,8,1,4
BRDA:61,9,0,1
BRDA:61,9,1,2
BRDA:64,10,0,1
BRDA:64,10,1,1
BRDA:64,11,0,2
BRDA:64,11,1,1
BRF:24
BRH:22
end_of_record
TN:
SF:src\controllers\menu.controller.js
FN:3,(anonymous_0)
FN:20,(anonymous_1)
FN:38,(anonymous_2)
FNF:3
FNH:3
FNDA:3,(anonymous_0)
FNDA:4,(anonymous_1)
FNDA:2,(anonymous_2)
DA:1,2
DA:3,2
DA:4,3
DA:6,3
DA:8,3
DA:9,3
DA:11,2
DA:13,1
DA:15,1
DA:16,1
DA:20,2
DA:21,4
DA:23,4
DA:25,3
DA:26,3
DA:28,2
DA:29,2
DA:31,1
DA:33,1
DA:34,1
DA:38,2
DA:39,2
DA:41,2
DA:42,2
DA:43,1
DA:45,1
DA:46,1
DA:50,2
LF:28
LH:28
BRDA:6,0,0,0
BRDA:6,0,1,3
BRDA:11,1,0,1
BRDA:11,1,1,1
BRDA:23,2,0,1
BRDA:23,2,1,3
BRDA:23,3,0,4
BRDA:23,3,1,3
BRDA:23,3,2,3
BRDA:23,3,3,3
BRDA:23,3,4,3
BRDA:26,4,0,1
BRDA:26,4,1,2
BRF:13
BRH:12
end_of_record
TN:
SF:src\controllers\orders.controller.js
FN:6,(anonymous_0)
FN:58,(anonymous_1)
FNF:2
FNH:2
FNDA:7,(anonymous_0)
FNDA:3,(anonymous_1)
DA:1,2
DA:2,2
DA:4,2
DA:6,2
DA:7,7
DA:8,7
DA:9,7
DA:11,7
DA:13,7
DA:15,5
DA:16,5
DA:18,5
DA:20,4
DA:21,4
DA:23,4
DA:24,1
DA:25,1
DA:28,3
DA:29,0
DA:30,0
DA:33,3
DA:34,3
DA:35,3
DA:38,4
DA:40,3
DA:41,3
DA:42,2
DA:43,2
DA:45,2
DA:46,1
DA:47,1
DA:50,2
DA:52,1
DA:53,1
DA:54,1
DA:58,2
DA:59,3
DA:61,3
DA:63,3
DA:64,3
DA:66,2
DA:68,1
DA:70,1
DA:71,1
DA:75,2
LF:45
LH:43
BRDA:13,0,0,2
BRDA:13,0,1,5
BRDA:13,1,0,7
BRDA:13,1,1,6
BRDA:13,1,2,6
BRDA:18,2,0,1
BRDA:18,2,1,4
BRDA:23,3,0,1
BRDA:23,3,1,3
BRDA:28,4,0,0
BRDA:28,4,1,3
BRDA:38,5,0,1
BRDA:38,5,1,3
BRDA:41,6,0,3
BRDA:41,6,1,3
BRDA:41,7,0,3
BRDA:41,7,1,3
BRDA:45,8,0,1
BRDA:45,8,1,1
BRDA:53,9,0,1
BRDA:53,9,1,0
BRDA:61,10,0,0
BRDA:61,10,1,3
BRDA:61,11,0,3
BRDA:61,11,1,3
BRDA:66,12,0,1
BRDA:66,12,1,1
BRF:27
BRH:24
end_of_record
TN:
SF:src\controllers\payments.controller.js
FN:4,(anonymous_0)
FN:38,(anonymous_1)
FN:62,(anonymous_2)
FNF:3
FNH:3
FNDA:3,(anonymous_0)
FNDA:4,(anonymous_1)
FNDA:2,(anonymous_2)
DA:1,2
DA:2,2
DA:4,2
DA:5,3
DA:6,3
DA:7,3
DA:11,3
DA:13,2
DA:14,2
DA:29,1
DA:31,1
DA:33,1
DA:34,1
DA:38,2
DA:39,4
DA:42,4
DA:44,3
DA:45,3
DA:46,2
DA:47,2
DA:49,2
DA:51,2
DA:53,1
DA:54,1
DA:56,3
DA:57,2
DA:62,2
DA:63,2
DA:64,2
DA:65,2
DA:67,2
DA:69,2
DA:71,2
DA:72,2
DA:75,2
LF:35
LH:35
BRDA:11,0,0,1
BRDA:11,0,1,2
BRDA:42,1,0,1
BRDA:42,1,1,3
BRDA:56,2,0,2
BRDA:56,2,1,1
BRDA:64,3,0,2
BRDA:64,3,1,0
BRDA:71,4,0,1
BRDA:71,4,1,1
BRF:10
BRH:9
end_of_record
TN:
SF:src\controllers\qr.controller.js
FN:4,(anonymous_0)
FN:31,getTableBill
FNF:2
FNH:2
FNDA:4,(anonymous_0)
FNDA:2,getTableBill
DA:1,2
DA:2,2
DA:4,2
DA:5,4
DA:7,4
DA:9,2
DA:10,2
DA:12,2
DA:13,3
DA:14,3
DA:16,2
DA:18,2
DA:19,2
DA:20,2
DA:22,2
DA:24,1
DA:26,1
DA:27,1
DA:32,2
DA:33,2
DA:35,2
DA:36,2
DA:38,1
DA:40,1
DA:41,1
DA:42,1
DA:43,1
DA:45,1
DA:46,1
DA:50,2
LF:30
LH:30
BRDA:7,0,0,2
BRDA:7,0,1,2
BRDA:7,1,0,4
BRDA:7,1,1,3
BRDA:7,1,2,2
BRDA:33,2,0,0
BRDA:33,2,1,2
BRF:7
BRH:6
end_of_record
TN:
SF:src\controllers\restaurant.controller.js
FN:3,(anonymous_0)
FNF:1
FNH:1
FNDA:2,(anonymous_0)
DA:1,2
DA:3,2
DA:4,2
DA:5,2
DA:7,1
DA:9,1
DA:10,1
DA:14,2
LF:8
LH:8
BRF:0
BRH:0
end_of_record
TN:
SF:src\controllers\waiter.controller.js
FN:26,(anonymous_0)
FN:41,(anonymous_1)
FN:52,(anonymous_2)
FN:70,(anonymous_3)
FN:85,(anonymous_4)
FN:104,(anonymous_5)
FN:121,(anonymous_6)
FN:187,(anonymous_7)
FN:205,generateSessionToken
FN:212,(anonymous_9)
FNF:10
FNH:10
FNDA:3,(anonymous_0)
FNDA:5,(anonymous_1)
FNDA:3,(anonymous_2)
FNDA:3,(anonymous_3)
FNDA:4,(anonymous_4)
FNDA:3,(anonymous_5)
FNDA:5,(anonymous_6)
FNDA:3,(anonymous_7)
FNDA:2,generateSessionToken
FNDA:3,(anonymous_9)
DA:1,2
DA:2,2
DA:4,2
DA:5,2
DA:7,2
DA:24,2
DA:26,2
DA:27,3
DA:29,3
DA:31,2
DA:32,2
DA:34,1
DA:36,1
DA:37,1
DA:41,2
DA:42,5
DA:43,5
DA:45,5
DA:47,4
DA:48,4
DA:50,4
DA:51,4
DA:52,3
DA:54,3
DA:57,2
DA:58,1
DA:60,1
DA:62,1
DA:64,3
DA:65,3
DA:66,3
DA:70,2
DA:71,3
DA:73,3
DA:75,2
DA:76,2
DA:78,1
DA:80,1
DA:81,1
DA:85,2
DA:86,4
DA:88,4
DA:90,3
DA:91,3
DA:92,3
DA:94,1
DA:96,1
DA:98,1
DA:99,1
DA:104,2
DA:105,3
DA:107,3
DA:108,3
DA:110,2
DA:112,1
DA:114,1
DA:116,1
DA:117,1
DA:121,2
DA:122,5
DA:124,5
DA:125,5
DA:127,5
DA:128,4
DA:130,3
DA:131,3
DA:133,3
DA:135,2
DA:136,1
DA:137,1
DA:140,1
DA:141,1
DA:142,1
DA:144,1
DA:145,1
DA:147,1
DA:148,1
DA:149,1
DA:151,1
DA:152,1
DA:155,0
DA:156,0
DA:159,1
DA:160,1
DA:162,1
DA:164,1
DA:165,0
DA:171,1
DA:173,1
DA:174,1
DA:175,1
DA:176,1
DA:179,1
DA:181,1
DA:182,1
DA:183,1
DA:187,2
DA:188,3
DA:190,3
DA:192,2
DA:193,2
DA:194,2
DA:196,2
DA:198,1
DA:200,1
DA:201,1
DA:206,2
DA:207,2
DA:208,2
DA:209,2
DA:212,2
DA:213,3
DA:214,3
DA:216,3
DA:218,2
DA:219,2
DA:220,1
DA:222,1
DA:224,1
DA:226,1
DA:227,1
DA:231,2
LF:122
LH:119
BRDA:29,0,0,1
BRDA:29,0,1,2
BRDA:45,1,0,1
BRDA:45,1,1,4
BRDA:50,2,0,4
BRDA:50,2,1,0
BRDA:54,3,0,3
BRDA:54,3,1,0
BRDA:60,4,0,0
BRDA:60,4,1,1
BRDA:73,5,0,1
BRDA:73,5,1,2
BRDA:88,6,0,1
BRDA:88,6,1,3
BRDA:88,7,0,4
BRDA:88,7,1,3
BRDA:88,7,2,3
BRDA:88,7,3,3
BRDA:88,7,4,3
BRDA:92,8,0,1
BRDA:92,8,1,1
BRDA:110,9,0,1
BRDA:110,9,1,1
BRDA:127,10,0,1
BRDA:127,10,1,4
BRDA:127,11,0,5
BRDA:127,11,1,4
BRDA:127,11,2,4
BRDA:127,11,3,4
BRDA:128,12,0,1
BRDA:128,12,1,3
BRDA:128,13,0,4
BRDA:128,13,1,4
BRDA:135,14,0,1
BRDA:135,14,1,1
BRDA:142,15,0,0
BRDA:142,15,1,1
BRDA:147,16,0,1
BRDA:147,16,1,0
BRDA:160,17,0,1
BRDA:160,17,1,0
BRDA:164,18,0,0
BRDA:164,18,1,1
BRDA:173,19,0,1
BRDA:173,19,1,0
BRDA:176,20,0,0
BRDA:176,20,1,1
BRDA:190,21,0,1
BRDA:190,21,1,2
BRDA:190,22,0,3
BRDA:190,22,1,2
BRDA:216,23,0,1
BRDA:216,23,1,2
BRDA:216,24,0,3
BRDA:216,24,1,2
BRDA:216,25,0,2
BRDA:216,25,1,0
BRDA:216,25,2,0
BRF:58
BRH:47
end_of_record
TN:
SF:src\middlewares\auth.middleware.js
FN:5,(anonymous_0)
FN:16,(anonymous_1)
FN:33,(anonymous_2)
FN:34,(anonymous_3)
FNF:4
FNH:4
FNDA:7,(anonymous_0)
FNDA:5,(anonymous_1)
FNDA:15,(anonymous_2)
FNDA:3,(anonymous_3)
DA:1,11
DA:2,11
DA:3,11
DA:5,11
DA:8,7
DA:10,6
DA:12,6
DA:14,6
DA:16,5
DA:17,5
DA:18,2
DA:19,2
DA:20,1
DA:21,1
DA:22,1
DA:24,2
DA:26,3
DA:28,2
DA:29,2
DA:33,11
DA:34,15
DA:35,3
DA:37,2
DA:39,1
DA:43,11
LF:25
LH:25
BRDA:8,0,0,1
BRDA:8,0,1,6
BRDA:8,1,0,7
BRDA:8,1,1,1
BRDA:10,2,0,4
BRDA:10,2,1,2
BRDA:10,3,0,6
BRDA:10,3,1,4
BRDA:12,4,0,1
BRDA:12,4,1,5
BRDA:12,5,0,6
BRDA:12,5,1,2
BRDA:12,5,2,2
BRDA:14,6,0,1
BRDA:14,6,1,5
BRDA:17,7,0,2
BRDA:17,7,1,3
BRDA:19,8,0,1
BRDA:19,8,1,1
BRDA:21,9,0,1
BRDA:21,9,1,0
BRDA:26,10,0,1
BRDA:26,10,1,2
BRDA:26,11,0,3
BRDA:26,11,1,3
BRDA:26,11,2,2
BRDA:35,12,0,1
BRDA:35,12,1,2
BRDA:37,13,0,1
BRDA:37,13,1,1
BRF:30
BRH:29
end_of_record
TN:
SF:src\models\admin.model.js
FN:4,findUserByEmail
FN:14,findRestaurantByName
FN:24,createUserId
FN:33,createRestaurant
FN:42,assignOwnerToRestaurant
FNF:5
FNH:5
FNDA:2,findUserByEmail
FNDA:2,findRestaurantByName
FNDA:1,createUserId
FNDA:1,createRestaurant
FNDA:1,assignOwnerToRestaurant
DA:1,8
DA:2,8
DA:5,2
DA:11,2
DA:15,2
DA:21,2
DA:25,1
DA:30,1
DA:34,1
DA:39,1
DA:43,1
DA:50,8
LF:12
LH:12
BRDA:11,0,0,2
BRDA:11,0,1,1
BRDA:21,1,0,2
BRDA:21,1,1,1
BRF:4
BRH:4
end_of_record
TN:
SF:src\models\auth.model.js
FN:4,createUser
FN:11,findRestaurantIdByUserId
FN:21,getTokenTable
FNF:3
FNH:3
FNDA:1,createUser
FNDA:2,findRestaurantIdByUserId
FNDA:2,getTokenTable
DA:1,6
DA:2,6
DA:5,1
DA:12,2
DA:18,2
DA:22,2
DA:28,2
DA:31,6
LF:8
LH:8
BRDA:18,0,0,2
BRDA:18,0,1,1
BRDA:28,1,0,2
BRDA:28,1,1,1
BRF:4
BRH:4
end_of_record
TN:
SF:src\models\menu.model.js
FN:4,findMenuByRestaurant
FN:14,createMenuItem
FN:22,removeMenuItem
FNF:3
FNH:3
FNDA:1,findMenuByRestaurant
FNDA:1,createMenuItem
FNDA:1,removeMenuItem
DA:1,4
DA:2,4
DA:5,1
DA:11,1
DA:15,1
DA:23,1
DA:30,4
LF:7
LH:7
BRF:0
BRH:0
end_of_record
TN:
SF:src\models\orders.model.js
FN:5,findTableRestaurant
FN:15,fetchMenuItem
FN:26,insertOrder
FN:34,insertOrderItems
FN:36,(anonymous_4)
FN:46,getStatusByTable
FNF:6
FNH:6
FNDA:2,findTableRestaurant
FNDA:2,fetchMenuItem
FNDA:1,insertOrder
FNDA:1,insertOrderItems
FNDA:2,(anonymous_4)
FNDA:2,getStatusByTable
DA:1,10
DA:2,10
DA:3,10
DA:6,2
DA:12,2
DA:16,2
DA:22,2
DA:27,1
DA:35,1
DA:36,2
DA:38,1
DA:39,1
DA:43,1
DA:47,2
DA:53,2
DA:56,10
LF:16
LH:16
BRDA:12,0,0,2
BRDA:12,0,1,1
BRDA:22,1,0,2
BRDA:22,1,1,1
BRDA:53,2,0,2
BRDA:53,2,1,1
BRF:6
BRH:6
end_of_record
TN:
SF:src\models\payments.model.js
FN:8,lock
FN:10,(anonymous_1)
FN:12,(anonymous_2)
FN:17,isActive
FN:21,release
FN:30,handleSuccessfulPayment
FN:57,payAll
FN:98,payItemsByName
FN:218,payCustomAmount
FNF:9
FNH:8
FNDA:2,lock
FNDA:1,(anonymous_1)
FNDA:0,(anonymous_2)
FNDA:4,isActive
FNDA:2,release
FNDA:5,handleSuccessfulPayment
FNDA:3,payAll
FNDA:1,payItemsByName
FNDA:1,payCustomAmount
DA:1,8
DA:2,8
DA:3,8
DA:5,8
DA:6,8
DA:9,2
DA:10,2
DA:11,1
DA:12,1
DA:14,2
DA:18,4
DA:22,2
DA:23,2
DA:24,2
DA:25,2
DA:27,2
DA:31,5
DA:32,5
DA:33,5
DA:35,5
DA:36,5
DA:37,5
DA:38,1
DA:39,1
DA:41,4
DA:42,1
DA:44,3
DA:46,4
DA:48,4
DA:50,1
DA:51,1
DA:53,5
DA:58,3
DA:59,3
DA:62,2
DA:72,2
DA:80,2
DA:86,2
DA:88,2
DA:91,1
DA:92,1
DA:94,3
DA:99,1
DA:100,1
DA:102,1
DA:105,1
DA:114,1
DA:116,1
DA:117,0
DA:120,0
DA:134,0
DA:136,0
DA:137,0
DA:139,0
DA:141,0
DA:147,0
DA:150,0
DA:151,0
DA:152,0
DA:153,0
DA:156,0
DA:163,0
DA:172,0
DA:177,0
DA:194,1
DA:207,1
DA:209,1
DA:211,0
DA:212,0
DA:214,1
DA:219,1
DA:220,1
DA:222,1
DA:224,1
DA:226,1
DA:234,1
DA:235,0
DA:237,0
DA:239,0
DA:243,0
DA:246,0
DA:247,0
DA:249,0
DA:250,0
DA:253,0
DA:260,0
DA:268,0
DA:273,1
DA:287,1
DA:296,1
DA:298,0
DA:299,0
DA:301,1
DA:305,8
LF:94
LH:63
BRDA:23,0,0,2
BRDA:23,0,1,0
BRDA:37,1,0,1
BRDA:37,1,1,4
BRDA:41,2,0,1
BRDA:41,2,1,3
BRDA:46,3,0,1
BRDA:46,3,1,3
BRDA:88,4,0,0
BRDA:88,4,1,2
BRDA:88,5,0,2
BRDA:88,5,1,0
BRDA:117,6,0,0
BRDA:117,6,1,0
BRDA:134,7,0,0
BRDA:134,7,1,0
BRDA:137,8,0,0
BRDA:137,8,1,0
BRDA:139,9,0,0
BRDA:139,9,1,0
BRDA:207,10,0,0
BRDA:207,10,1,1
BRDA:207,11,0,1
BRDA:207,11,1,0
BRDA:235,12,0,0
BRDA:235,12,1,0
BRDA:237,13,0,0
BRDA:237,13,1,0
BRF:28
BRH:11
end_of_record
TN:
SF:src\models\qr.model.js
FN:4,ensureQRCode
FN:22,upsertTableQR
FN:32,getTableId
FN:42,fetchTableBill
FN:67,markTableOccupiedIfNeeded
FNF:5
FNH:5
FNDA:2,ensureQRCode
FNDA:1,upsertTableQR
FNDA:1,getTableId
FNDA:1,fetchTableBill
FNDA:4,markTableOccupiedIfNeeded
DA:1,10
DA:2,10
DA:5,2
DA:11,2
DA:13,1
DA:19,1
DA:23,1
DA:33,1
DA:39,1
DA:43,1
DA:64,1
DA:68,4
DA:69,2
DA:75,2
DA:76,1
DA:84,10
LF:16
LH:16
BRDA:11,0,0,1
BRDA:11,0,1,1
BRDA:68,1,0,2
BRDA:68,1,1,2
BRDA:68,2,0,4
BRDA:68,2,1,3
BRDA:75,3,0,1
BRDA:75,3,1,1
BRF:8
BRH:8
end_of_record
TN:
SF:src\models\restaurant.model.js
FN:4,findAllRestaurants
FNF:1
FNH:1
FNDA:2,findAllRestaurants
DA:1,3
DA:2,3
DA:5,2
DA:8,2
DA:11,3
LF:5
LH:5
BRF:0
BRH:0
end_of_record
TN:
SF:src\models\waiter.model.js
FN:4,findTablesByRestaurant
FN:23,findPendingOrdersByTable
FN:34,deletePendingOrdersByTable
FN:48,updateTableStatusInDb
FN:56,findWaitersByRestaurant
FN:68,insertWaiter
FN:82,findWaiterById
FN:92,deleteWaiterById
FN:106,findOrderItemForRemoval
FN:118,updateItem
FN:126,removeOrderItemById
FN:134,updateOrderItemsTotals
FN:158,clearSessionTokenForTable
FN:169,generateSessionTokenForTable
FN:178,clearTableOrders
FNF:15
FNH:15
FNDA:1,findTablesByRestaurant
FNDA:1,findPendingOrdersByTable
FNDA:1,deletePendingOrdersByTable
FNDA:1,updateTableStatusInDb
FNDA:1,findWaitersByRestaurant
FNDA:1,insertWaiter
FNDA:2,findWaiterById
FNDA:1,deleteWaiterById
FNDA:2,findOrderItemForRemoval
FNDA:1,updateItem
FNDA:1,removeOrderItemById
FNDA:2,updateOrderItemsTotals
FNDA:1,clearSessionTokenForTable
FNDA:1,generateSessionTokenForTable
FNDA:1,clearTableOrders
DA:1,19
DA:2,19
DA:5,1
DA:20,1
DA:24,1
DA:31,1
DA:35,1
DA:41,1
DA:49,1
DA:57,1
DA:65,1
DA:69,1
DA:75,1
DA:83,2
DA:89,2
DA:93,1
DA:99,1
DA:107,2
DA:115,2
DA:119,1
DA:127,1
DA:135,2
DA:141,2
DA:143,2
DA:144,1
DA:150,1
DA:159,1
DA:170,1
DA:179,1
DA:189,19
LF:30
LH:30
BRDA:89,0,0,2
BRDA:89,0,1,1
BRDA:115,1,0,2
BRDA:115,1,1,1
BRDA:143,2,0,1
BRDA:143,2,1,1
BRF:6
BRH:6
end_of_record
TN:
SF:src\routes\admin.routes.js
FNF:0
FNH:0
DA:1,2
DA:2,2
DA:4,2
DA:5,2
DA:7,2
DA:9,2
LF:6
LH:6
BRF:0
BRH:0
end_of_record
TN:
SF:src\routes\auth.routes.js
FNF:0
FNH:0
DA:1,6
DA:2,6
DA:4,6
DA:5,6
DA:7,6
DA:8,6
DA:9,6
DA:10,6
DA:11,6
DA:13,6
LF:10
LH:10
BRF:0
BRH:0
end_of_record
TN:
SF:src\routes\menu.routes.js
FNF:0
FNH:0
DA:1,4
DA:2,4
DA:4,4
DA:5,4
DA:7,4
DA:8,4
DA:9,4
DA:11,4
LF:8
LH:8
BRF:0
BRH:0
end_of_record
TN:
SF:src\routes\orders.routes.js
FNF:0
FNH:0
DA:1,3
DA:2,3
DA:4,3
DA:6,3
DA:7,3
DA:10,3
LF:6
LH:6
BRF:0
BRH:0
end_of_record
TN:
SF:src\routes\payments.routes.js
FNF:0
FNH:0
DA:1,4
DA:2,4
DA:4,4
DA:6,4
DA:7,4
DA:8,4
DA:10,4
LF:7
LH:7
BRF:0
BRH:0
end_of_record
TN:
SF:src\routes\qr.routes.js
FNF:0
FNH:0
DA:1,3
DA:2,3
DA:4,3
DA:5,3
DA:7,3
DA:8,3
DA:10,3
LF:7
LH:7
BRF:0
BRH:0
end_of_record
TN:
SF:src\routes\restaurant.routes.js
FNF:0
FNH:0
DA:1,2
DA:2,2
DA:4,2
DA:6,2
DA:8,2
LF:5
LH:5
BRF:0
BRH:0
end_of_record
TN:
SF:src\routes\waiter.routes.js
FNF:0
FNH:0
DA:1,9
DA:2,9
DA:4,9
DA:5,9
DA:7,9
DA:8,9
DA:10,9
DA:11,9
DA:12,9
DA:13,9
DA:14,9
DA:15,9
DA:17,9
LF:13
LH:13
BRF:0
BRH:0
end_of_record
